--------------- Clean Started: 03/24/2020 11:59:07 Project: Projekt3_PSOC_I2C, Configuration: ARM GCC 5.4-2016-q2-update Debug ---------------
Deleting file ".\CortexM3\ARM_GCC_541\Debug\main.o"
Deleting file ".\CortexM3\ARM_GCC_541\Debug\RaspberryIF.o"
Deleting file ".\CortexM3\ARM_GCC_541\Debug\cyfitter_cfg.o"
Deleting file ".\CortexM3\ARM_GCC_541\Debug\cymetadata.o"
Deleting file ".\CortexM3\ARM_GCC_541\Debug\I2C_1.o"
Deleting file ".\CortexM3\ARM_GCC_541\Debug\I2C_1_BOOT.o"
Deleting file ".\CortexM3\ARM_GCC_541\Debug\I2C_1_INT.o"
Deleting file ".\CortexM3\ARM_GCC_541\Debug\I2C_1_PM.o"
Deleting file ".\CortexM3\ARM_GCC_541\Debug\I2C_1_SLAVE.o"
Deleting file ".\CortexM3\ARM_GCC_541\Debug\I2C_1_MASTER.o"
Deleting file ".\CortexM3\ARM_GCC_541\Debug\Cm3Start.o"
Deleting file ".\CortexM3\ARM_GCC_541\Debug\CyBootAsmGnu.o"
Deleting file ".\CortexM3\ARM_GCC_541\Debug\CyDmac.o"
Deleting file ".\CortexM3\ARM_GCC_541\Debug\CyFlash.o"
Deleting file ".\CortexM3\ARM_GCC_541\Debug\CyLib.o"
Deleting file ".\CortexM3\ARM_GCC_541\Debug\cyPm.o"
Deleting file ".\CortexM3\ARM_GCC_541\Debug\CySpc.o"
Deleting file ".\CortexM3\ARM_GCC_541\Debug\cyutils.o"
Deleting file ".\CortexM3\ARM_GCC_541\Debug\cy_em_eeprom.o"
Deleting file ".\CortexM3\ARM_GCC_541\Debug\scl.o"
Deleting file ".\CortexM3\ARM_GCC_541\Debug\sda.o"
Deleting file ".\CortexM3\ARM_GCC_541\Debug\Projekt3_PSOC_I2C.hex"
Deleting file ".\CortexM3\ARM_GCC_541\Debug\Projekt3_PSOC_I2C.elf"
Deleting file ".\CortexM3\ARM_GCC_541\Debug\Projekt3_PSOC_I2C.map"
Deleting file ".\Projekt3_PSOC_I2C.cycdx"
Deleting file ".\Projekt3_PSOC_I2C.svd"
Deleting file ".\Projekt3_PSOC_I2C.rpt"
Deleting file ".\Projekt3_PSOC_I2C_timing.html"
Deleting file ".\CortexM3\ARM_GCC_541\Debug\.deps\SOURCE_C__ARM_GCC_GENERIC.P"
Deleting file ".\CortexM3\ARM_GCC_541\Debug\.deps\SOURCE_ASM__ARM_GCC_GENERIC.P"
--------------- Clean Succeeded: 03/24/2020 11:59:07 ---------------
