ARM GAS  C:\Users\jens-\AppData\Local\Temp\cczl9Uxf.s 			page 1


   1              		.cpu cortex-m3
   2              		.eabi_attribute 20, 1
   3              		.eabi_attribute 21, 1
   4              		.eabi_attribute 23, 3
   5              		.eabi_attribute 24, 1
   6              		.eabi_attribute 25, 1
   7              		.eabi_attribute 26, 1
   8              		.eabi_attribute 30, 1
   9              		.eabi_attribute 34, 1
  10              		.eabi_attribute 18, 4
  11              		.file	"cymetadata.c"
  12              		.text
  13              	.Ltext0:
  14              		.cfi_sections	.debug_frame
  15              		.global	cy_metadata
  16              		.global	cy_meta_flashprotect
  17              		.global	cy_meta_wonvl
  18              		.global	cy_meta_custnvl
  19              		.global	cy_meta_configecc
  20              		.section	.cyconfigecc,"a"
  21              		.align	2
  22              		.type	cy_meta_configecc, %object
  23              		.size	cy_meta_configecc, 1388
  24              	cy_meta_configecc:
  25 0000 01520040 		.ascii	"\001R\000@\002d\000@\004e\000@\001\007\001@Q\010\001"
  25      02640040 
  25      04650040 
  25      01070140 
  25      510801
  26 0013 404E0901 		.ascii	"@N\011\001@F\012\001@2\013\001@Y\030\001@P\031\001@"
  26      40460A01 
  26      40320B01 
  26      40591801 
  26      40501901 
  27 0028 3F1A0140 		.ascii	"?\032\001@K\033\001@\002@\001@\001A\001@\001B\001@\003"
  27      4B1B0140 
  27      02400140 
  27      01410140 
  27      01420140 
  28 003d 4301400D 		.ascii	"C\001@\015L\001@\011M\001@\004P\001@\001Q\001@\010\200"
  28      4C014009 
  28      4D014004 
  28      50014001 
  28      51014008 
  29 0052 88078978 		.ascii	"\210\007\211x\210\017\211G\212r\2138\346\002\006\002"
  29      880F8947 
  29      8A728B38 
  29      E6020602 
  30 0062 081A1010 		.ascii	"\010\032\020\020\022\002\026\001\030\004\036\012$\032"
  30      12021601 
  30      18041E0A 
  30      241A
  31 0070 28042C04 		.ascii	"(\004,\0040\0012\0024\0306\0048 >\024@\003E\004I\377"
  31      30013202 
  31      34183604 
  31      38203E14 
  31      40034504 
ARM GAS  C:\Users\jens-\AppData\Local\Temp\cczl9Uxf.s 			page 2


  32 0086 4A074BFF 		.ascii	"J\007K\377L@M N\360O\005P\010V\002W,X\004Z\004[$]\200"
  32      4C404D20 
  32      4EF04F05 
  32      50085602 
  32      572C5804 
  33 00a0 5E085F01 		.ascii	"^\010_\001`@a\250b@c \204\002\212x\213\001\214@\216"
  33      604061A8 
  33      62406320 
  33      84028A78 
  33      8B018C40 
  34 00b5 0494019A 		.ascii	"\004\224\001\232\204\240\004\242\010\244\004\246\020"
  34      84A004A2 
  34      08A404A6 
  34      10
  35 00c2 A804AA20 		.ascii	"\250\004\252 \260\002\261\001\262|\264\200\266\001\276"
  35      B002B101 
  35      B27CB480 
  35      B601BE
  36 00d1 45C035C1 		.ascii	"E\3005\301\006\305\356\306\013\307\014\310\027\311\377"
  36      06C5EEC6 
  36      0BC70CC8 
  36      17C9FF
  37 00e0 CAFFCBFF 		.ascii	"\312\377\313\377\316\360\317D\320\014\324 \326\004\330"
  37      CEF0CF44 
  37      D00CD420 
  37      D604D8
  38 00ef 04D904DA 		.ascii	"\004\331\004\332\004\333\004\334\030\335\020\337\001"
  38      04DB04DC 
  38      18DD10DF 
  38      01
  39 00fc E6C0EA40 		.ascii	"\346\300\352@\353\002\001 \003\022\004\010\005\020\007"
  39      EB020120 
  39      03120408 
  39      051007
  40 010b 20084009 		.ascii	" \010@\011\010\012\011\015\004\016F\017\002\020\250"
  40      080A090D 
  40      040E460F 
  40      0210A8
  41 011a 15501620 		.ascii	"\025P\026 \027\010\031a\032\020\034(\035\002\036\001"
  41      17081961 
  41      1A101C28 
  41      1D021E01 
  42 012a 22012380 		.ascii	"\"\001#\200;\020<\010=\010A@B C@E\004I\022J\021M\001"
  42      3B103C08 
  42      3D084140 
  42      42204340 
  42      45044912 
  43 0142 4E204F06 		.ascii	"N O\006PDS\010X\001`$a@c@g\200l\250o\002x\200|\200}"
  43      50445308 
  43      58016024 
  43      61406340 
  43      67806CA8 
  44 015d 20874088 		.ascii	" \207@\210\020\211\200\222@\223\030\224\200\225\001"
  44      10898092 
  44      40931894 
  44      809501
  45 016c 97049820 		.ascii	"\227\004\230 \231\024\232\001\233\030\235\010\237\300"
ARM GAS  C:\Users\jens-\AppData\Local\Temp\cczl9Uxf.s 			page 3


  45      99149A01 
  45      9B189D08 
  45      9FC0
  46 017a A001A280 		.ascii	"\240\001\242\200\244\250\246 \247\012\251@\253\004\260"
  46      A4A8A620 
  46      A70AA940 
  46      AB04B0
  47 0189 02B308C0 		.ascii	"\002\263\010\300g\302\366\304\356\316\004\320B\322\014"
  47      67C2F6C4 
  47      EECE04D0 
  47      42D20C
  48 0198 D601D88F 		.ascii	"\326\001\330\217\3368\001\011\003\020\005\020\006\020"
  48      DE380109 
  48      03100510 
  48      0610
  49 01a6 0B030D14 		.ascii	"\013\003\015\024\0160\0200\021\020\022\012\023\014\025"
  49      0E301030 
  49      1110120A 
  49      130C15
  50 01b5 60180219 		.ascii	"`\030\002\031`\032\030\035` \004!\034\"\010#\002$\002"
  50      601A181D 
  50      60200421 
  50      1C220823 
  50      022402
  51 01c8 26282740 		.ascii	"&('@)\014*\001+\021,\001/`0\0061@2\001485\0377 8\002"
  51      290C2A01 
  51      2B112C01 
  51      2F603006 
  51      31403201 
  52 01e4 3A203E04 		.ascii	": >\004?AV\010X\004Y\004[\004]\020_\001\202\014\203"
  52      3F415608 
  52      58045904 
  52      5B045D10 
  52      5F01820C 
  53 01f9 0588018A 		.ascii	"\005\210\001\212\016\215\012\217\004\220\014\222\003"
  53      0E8D0A8F 
  53      04900C92 
  53      03
  54 0206 93089503 		.ascii	"\223\010\225\003\227\014\231\003\232\010\233\004\242"
  54      970C9903 
  54      9A089B04 
  54      A2
  55 0213 03A401A6 		.ascii	"\003\244\001\246\006\251\003\253\004\260\017\265\017"
  55      06A903AB 
  55      04B00FB5 
  55      0F
  56 0220 BA0ABB20 		.ascii	"\272\012\273 \330\004\331\004\337\001\000@\002 \004"
  56      D804D904 
  56      DF010040 
  56      022004
  57 022f 0205120A 		.ascii	"\002\005\022\012D\016@\017\004\021\001\023\230\025\001"
  57      440E400F 
  57      04110113 
  57      981501
  58 023e 17081840 		.ascii	"\027\010\030@\031\026\032\004\035\001\036@\037\004 "
  58      19161A04 
  58      1D011E40 
ARM GAS  C:\Users\jens-\AppData\Local\Temp\cczl9Uxf.s 			page 4


  58      1F0420
  59 024d 02215022 		.ascii	"\002!P\"\001'\010(\020)\031+\002/\0100\2525\0227\010"
  59      01270828 
  59      1029192B 
  59      022F0830 
  59      AA351237 
  60 0262 38823920 		.ascii	"8\2029 ;\004=\001>@A\020C\020D F\020X\020Z\002[Db\221"
  60      3B043D01 
  60      3E404110 
  60      43104420 
  60      46105810 
  61 027c 6310C055 		.ascii	"c\020\300U\302Z\304?\312/\314\357\316\237\326\017\330"
  61      C25AC43F 
  61      CA2FCCEF 
  61      CE9FD60F 
  61      D8
  62 028d 0F072009 		.ascii	"\017\007 \011\307\017 \021\001\023\016\024\001\025\204"
  62      C70F2011 
  62      01130E14 
  62      011584
  63 029c 17511942 		.ascii	"\027Q\031B\033\221%\3071 3\0305\3006\0017\007>@?\005"
  63      1B9125C7 
  63      31203318 
  63      35C03601 
  63      37073E40 
  64 02b2 40644102 		.ascii	"@dA\002B\003D\005E\340F\014H\006I\377J\377K\377LbM\240"
  64      42034405 
  64      45E0460C 
  64      480649FF 
  64      4AFF4BFF 
  65 02ca 4EF04F41 		.ascii	"N\360OAP\014T\001X\004Y\004Z\004[\004_\001f@g\002i\020"
  65      500C5401 
  65      58045904 
  65      5A045B04 
  65      5F016640 
  66 02e2 6A306B10 		.ascii	"j0k\020m\020n\020o\022\203\001\210\004\216\001\234\002"
  66      6D106E10 
  66      6F128301 
  66      88048E01 
  66      9C02
  67 02f4 A202A501 		.ascii	"\242\002\245\001\252\002\256\004\262\004\264\001\265"
  67      AA02AE04 
  67      B204B401 
  67      B5
  68 0301 01B602BE 		.ascii	"\001\266\002\276D\277\020\300\005\301\001\302P\304\003"
  68      44BF10C0 
  68      05C101C2 
  68      50C403
  69 0310 C50DC6EC 		.ascii	"\305\015\306\354\307\277\310=\311\377\312\377\313\377"
  69      C7BFC83D 
  69      C9FFCAFF 
  69      CBFF
  70 031e CC22CEF0 		.ascii	"\314\"\316\360\317\014\320\214\321\020\324A\330\004"
  70      CF0CD08C 
  70      D110D441 
  70      D804
  71 032c D904DA24 		.ascii	"\331\004\332$\333\004\334\001\335\030\337\001\350@\351"
ARM GAS  C:\Users\jens-\AppData\Local\Temp\cczl9Uxf.s 			page 5


  71      DB04DC01 
  71      DD18DF01 
  71      E840E9
  72 033b 01EAC0EB 		.ascii	"\001\352\300\353\001\002\005\010\001\011\001\012\002"
  72      01020508 
  72      0109010A 
  72      02
  73 0348 0C081030 		.ascii	"\014\010\0200\022\202\023\020\024 \025\010\031@\033"
  73      12821310 
  73      14201508 
  73      19401B
  74 0357 141FC020 		.ascii	"\024\037\300 \004$ %\001'\005+\020.\0044 7\005:\011"
  74      04242025 
  74      0127052B 
  74      102E0434 
  74      2037053A 
  75 036c 3B083D18 		.ascii	";\010=\030?\200B\020C\200D@E\004FHH\001I\010L\202N\010"
  75      3F804210 
  75      43804440 
  75      45044648 
  75      48014908 
  76 0384 50205148 		.ascii	"P QHR\002W@X\030Y@]\202_(a\004x\200\200\010\201\020"
  76      52025740 
  76      58185940 
  76      5D825F28 
  76      61047880 
  77 039c 82048A04 		.ascii	"\202\004\212\004\215\001\222\022\223\030\224\004\225"
  77      8D019212 
  77      93189404 
  77      95
  78 03a9 D8960C97 		.ascii	"\330\226\014\227\200\230\300\231\207\232\001\233 \235"
  78      8098C099 
  78      879A019B 
  78      209D
  79 03b7 08A001A1 		.ascii	"\010\240\001\241\002\242\220\245\030\254\200\260\001"
  79      02A290A5 
  79      18AC80B0 
  79      01
  80 03c4 B108C003 		.ascii	"\261\010\300\003\302!\304\013\312B\314\340\316q\320"
  80      C221C40B 
  80      CA42CCE0 
  80      CE71D0
  81 03d3 EAD238D6 		.ascii	"\352\3228\326\376\330\002\336\010\342\001\356\002\005"
  81      FED802DE 
  81      08E201EE 
  81      0205
  82 03e1 0309020B 		.ascii	"\003\011\002\013\001\031\003\032\001\035\002\037\001"
  82      0119031A 
  82      011D021F 
  82      01
  83 03ee 22013102 		.ascii	"\"\0011\0024\0015\0019 >\020?\001V\002W\023X\004Y\004"
  83      34013501 
  83      39203E10 
  83      3F015602 
  83      57135804 
  84 0404 5B045F01 		.ascii	"[\004_\001\201\031\202\263\203\006\204\377\205\002\210"
  84      811982B3 
ARM GAS  C:\Users\jens-\AppData\Local\Temp\cczl9Uxf.s 			page 6


  84      830684FF 
  84      850288
  85 0413 F389068A 		.ascii	"\363\211\006\212\014\214A\217\031\221\030\222@\224\014"
  85      0C8C418F 
  85      19911892 
  85      40940C
  86 0422 95079718 		.ascii	"\225\007\227\030\230\004\231 \234O\235\006\236\220\237"
  86      98049920 
  86      9C4F9D06 
  86      9E909F
  87 0431 19A003A1 		.ascii	"\031\240\003\241\004\244\002\245\020\250L\251\037\252"
  87      04A402A5 
  87      10A84CA9 
  87      1FAA
  88 043f A3AC08AD 		.ascii	"\243\254\010\255\010\261\030\262|\263\007\264\017\265"
  88      08B118B2 
  88      7CB307B4 
  88      0FB5
  89 044d 20B68CBA 		.ascii	" \266\214\272\250\277\020\324\030\330\004\331\004\333"
  89      A8BF10D4 
  89      18D804D9 
  89      04DB
  90 045b 04DF0104 		.ascii	"\004\337\001\004\010\005\320\006\300\011 \015\202\017"
  90      0805D006 
  90      C009200D 
  90      820F
  91 0469 14108015 		.ascii	"\024\020\200\025 \026\002\027\005\031 \034\020\035\224"
  91      20160217 
  91      0519201C 
  91      101D94
  92 0478 21202201 		.ascii	"! \"\001%\004&\001'\010,\020-\200.\002/\0040@1\2204"
  92      25042601 
  92      27082C10 
  92      2D802E02 
  92      2F043040 
  93 048f 40350436 		.ascii	"@5\0046\0207\0018\0309 ;\010=\001>\200?\024D\020G\004"
  93      10370138 
  93      1839203B 
  93      083D013E 
  93      803F1444 
  94 04a6 49104A08 		.ascii	"I\020J\010Z\002^\002d\001e iPj\004r\002s\024\205\001"
  94      5A025E02 
  94      64016520 
  94      69506A04 
  94      72027314 
  95 04bc 86088820 		.ascii	"\206\010\210 \211@\223\010\225P\226\004\230\001\232"
  95      89409308 
  95      95509604 
  95      98019A
  96 04cb 409B059C 		.ascii	"@\233\005\234 \237\010\240\200\241\002\242\020\245\004"
  96      209F08A0 
  96      80A102A2 
  96      10A504
  97 04da A608A808 		.ascii	"\246\010\250\010\252\200\264\022\267\004\300\360\302"
  97      AA80B412 
  97      B704C0F0 
  97      C2
ARM GAS  C:\Users\jens-\AppData\Local\Temp\cczl9Uxf.s 			page 7


  98 04e7 F2C4F8CA 		.ascii	"\362\304\370\312\360\314\374\316\366\326\201\33002 "
  98      F0CCFCCE 
  98      F6D681D8 
  98      303220
  99 04f6 CC10A620 		.ascii	"\314\020\246 \246 \206 \246 \346@\010 \012\020\017@"
  99      A6208620 
  99      A620E640 
  99      08200A10 
  99      0F40
 100 0508 67028210 		.ascii	"g\002\202\020\210 \214\002\227@\257@\302\016\326\001"
 100      88208C02 
 100      9740AF40 
 100      C20ED601 
 101 0518 E201E402 		.ascii	"\342\001\344\002\020@t\002\210@\240\002\267\001\304"
 101      10407402 
 101      8840A002 
 101      B701C4
 102 0527 08DE04E2 		.ascii	"\010\336\004\342\001\350\002\000\003\014\003\020\003"
 102      01E80200 
 102      030C0310 
 102      03
 103 0534 1C030003 		.ascii	"\034\003\000\003\200\200\000\000@\000\000\000\200\000"
 103      80800000 
 103      40000000 
 103      8000
 104 0542 40808000 		.ascii	"@\200\200\000\200\000\000\000\000\000\00000\000\000"
 104      80000000 
 104      00000030 
 104      300000
 105 0551 00000070 		.ascii	"\000\000\000p\217\217\000\200\000\000\000\000\002\002"
 105      8F8F0080 
 105      00000000 
 105      0202
 106 055f 00000000 		.ascii	"\000\000\000\000\000\000\377\377\000\000\000\000\000"
 106      0000FFFF 
 106      00000000 
 106      00
 107              		.section	.cycustnvl,"a"
 108              		.align	2
 109              		.type	cy_meta_custnvl, %object
 110              		.size	cy_meta_custnvl, 4
 111              	cy_meta_custnvl:
 112 0000 00004005 		.ascii	"\000\000@\005"
 113              		.section	.cyflashprotect,"a"
 114              		.align	2
 115              		.type	cy_meta_flashprotect, %object
 116              		.size	cy_meta_flashprotect, 256
 117              	cy_meta_flashprotect:
 118 0000 00000000 		.space	256
 118      00000000 
 118      00000000 
 118      00000000 
 118      00000000 
 119              		.section	.cymeta,"a"
 120              		.align	2
 121              		.type	cy_metadata, %object
 122              		.size	cy_metadata, 12
ARM GAS  C:\Users\jens-\AppData\Local\Temp\cczl9Uxf.s 			page 8


 123              	cy_metadata:
 124 0000 00012E16 		.ascii	"\000\001.\026\020i\000\001\000\000\000\000"
 124      10690001 
 124      00000000 
 125              		.section	.cywolatch,"a"
 126              		.align	2
 127              		.type	cy_meta_wonvl, %object
 128              		.size	cy_meta_wonvl, 4
 129              	cy_meta_wonvl:
 130 0000 BC90ACAF 		.ascii	"\274\220\254\257"
 131              		.text
 132              	.Letext0:
 133              		.file 1 "c:\\program files (x86)\\cypress\\psoc creator\\4.2\\psoc creator\\import\\gnu\\arm\\5.4.
 134              		.file 2 "c:\\program files (x86)\\cypress\\psoc creator\\4.2\\psoc creator\\import\\gnu\\arm\\5.4.
 135              		.file 3 "Generated_Source\\PSoC5\\cymetadata.c"
 136              		.section	.debug_info,"",%progbits
 137              	.Ldebug_info0:
 138 0000 2D010000 		.4byte	0x12d
 139 0004 0400     		.2byte	0x4
 140 0006 00000000 		.4byte	.Ldebug_abbrev0
 141 000a 04       		.byte	0x4
 142 000b 01       		.uleb128 0x1
 143 000c 06010000 		.4byte	.LASF16
 144 0010 0C       		.byte	0xc
 145 0011 CE010000 		.4byte	.LASF17
 146 0015 0A000000 		.4byte	.LASF18
 147 0019 00000000 		.4byte	.Ldebug_line0
 148 001d 02       		.uleb128 0x2
 149 001e 01       		.byte	0x1
 150 001f 06       		.byte	0x6
 151 0020 C2010000 		.4byte	.LASF0
 152 0024 03       		.uleb128 0x3
 153 0025 00000000 		.4byte	.LASF9
 154 0029 01       		.byte	0x1
 155 002a 2B       		.byte	0x2b
 156 002b 18       		.byte	0x18
 157 002c 30000000 		.4byte	0x30
 158 0030 02       		.uleb128 0x2
 159 0031 01       		.byte	0x1
 160 0032 08       		.byte	0x8
 161 0033 54000000 		.4byte	.LASF1
 162 0037 02       		.uleb128 0x2
 163 0038 02       		.byte	0x2
 164 0039 05       		.byte	0x5
 165 003a AF010000 		.4byte	.LASF2
 166 003e 02       		.uleb128 0x2
 167 003f 02       		.byte	0x2
 168 0040 07       		.byte	0x7
 169 0041 74000000 		.4byte	.LASF3
 170 0045 02       		.uleb128 0x2
 171 0046 04       		.byte	0x4
 172 0047 05       		.byte	0x5
 173 0048 B9010000 		.4byte	.LASF4
 174 004c 02       		.uleb128 0x2
 175 004d 04       		.byte	0x4
 176 004e 07       		.byte	0x7
 177 004f 62000000 		.4byte	.LASF5
ARM GAS  C:\Users\jens-\AppData\Local\Temp\cczl9Uxf.s 			page 9


 178 0053 02       		.uleb128 0x2
 179 0054 08       		.byte	0x8
 180 0055 05       		.byte	0x5
 181 0056 F8000000 		.4byte	.LASF6
 182 005a 02       		.uleb128 0x2
 183 005b 08       		.byte	0x8
 184 005c 07       		.byte	0x7
 185 005d B6000000 		.4byte	.LASF7
 186 0061 04       		.uleb128 0x4
 187 0062 04       		.byte	0x4
 188 0063 05       		.byte	0x5
 189 0064 696E7400 		.ascii	"int\000"
 190 0068 02       		.uleb128 0x2
 191 0069 04       		.byte	0x4
 192 006a 07       		.byte	0x7
 193 006b A9000000 		.4byte	.LASF8
 194 006f 03       		.uleb128 0x3
 195 0070 CD000000 		.4byte	.LASF10
 196 0074 02       		.byte	0x2
 197 0075 18       		.byte	0x18
 198 0076 13       		.byte	0x13
 199 0077 24000000 		.4byte	0x24
 200 007b 05       		.uleb128 0x5
 201 007c 6F000000 		.4byte	0x6f
 202 0080 06       		.uleb128 0x6
 203 0081 7B000000 		.4byte	0x7b
 204 0085 91000000 		.4byte	0x91
 205 0089 07       		.uleb128 0x7
 206 008a 68000000 		.4byte	0x68
 207 008e 6B05     		.2byte	0x56b
 208 0090 00       		.byte	0
 209 0091 05       		.uleb128 0x5
 210 0092 80000000 		.4byte	0x80
 211 0096 08       		.uleb128 0x8
 212 0097 97000000 		.4byte	.LASF11
 213 009b 03       		.byte	0x3
 214 009c 1F       		.byte	0x1f
 215 009d 0F       		.byte	0xf
 216 009e 91000000 		.4byte	0x91
 217 00a2 05       		.uleb128 0x5
 218 00a3 03       		.byte	0x3
 219 00a4 00000000 		.4byte	cy_meta_configecc
 220 00a8 06       		.uleb128 0x6
 221 00a9 7B000000 		.4byte	0x7b
 222 00ad B8000000 		.4byte	0xb8
 223 00b1 09       		.uleb128 0x9
 224 00b2 68000000 		.4byte	0x68
 225 00b6 03       		.byte	0x3
 226 00b7 00       		.byte	0
 227 00b8 05       		.uleb128 0x5
 228 00b9 A8000000 		.4byte	0xa8
 229 00bd 08       		.uleb128 0x8
 230 00be 87000000 		.4byte	.LASF12
 231 00c2 03       		.byte	0x3
 232 00c3 DA       		.byte	0xda
 233 00c4 0F       		.byte	0xf
 234 00c5 B8000000 		.4byte	0xb8
ARM GAS  C:\Users\jens-\AppData\Local\Temp\cczl9Uxf.s 			page 10


 235 00c9 05       		.uleb128 0x5
 236 00ca 03       		.byte	0x3
 237 00cb 00000000 		.4byte	cy_meta_custnvl
 238 00cf 08       		.uleb128 0x8
 239 00d0 EA000000 		.4byte	.LASF13
 240 00d4 03       		.byte	0x3
 241 00d5 E8       		.byte	0xe8
 242 00d6 0F       		.byte	0xf
 243 00d7 B8000000 		.4byte	0xb8
 244 00db 05       		.uleb128 0x5
 245 00dc 03       		.byte	0x3
 246 00dd 00000000 		.4byte	cy_meta_wonvl
 247 00e1 06       		.uleb128 0x6
 248 00e2 7B000000 		.4byte	0x7b
 249 00e6 F1000000 		.4byte	0xf1
 250 00ea 09       		.uleb128 0x9
 251 00eb 68000000 		.4byte	0x68
 252 00ef FF       		.byte	0xff
 253 00f0 00       		.byte	0
 254 00f1 05       		.uleb128 0x5
 255 00f2 E1000000 		.4byte	0xe1
 256 00f6 08       		.uleb128 0x8
 257 00f7 D5000000 		.4byte	.LASF14
 258 00fb 03       		.byte	0x3
 259 00fc F6       		.byte	0xf6
 260 00fd 0F       		.byte	0xf
 261 00fe F1000000 		.4byte	0xf1
 262 0102 05       		.uleb128 0x5
 263 0103 03       		.byte	0x3
 264 0104 00000000 		.4byte	cy_meta_flashprotect
 265 0108 06       		.uleb128 0x6
 266 0109 7B000000 		.4byte	0x7b
 267 010d 18010000 		.4byte	0x118
 268 0111 09       		.uleb128 0x9
 269 0112 68000000 		.4byte	0x68
 270 0116 0B       		.byte	0xb
 271 0117 00       		.byte	0
 272 0118 05       		.uleb128 0x5
 273 0119 08010000 		.4byte	0x108
 274 011d 0A       		.uleb128 0xa
 275 011e 48000000 		.4byte	.LASF15
 276 0122 03       		.byte	0x3
 277 0123 2301     		.2byte	0x123
 278 0125 0F       		.byte	0xf
 279 0126 18010000 		.4byte	0x118
 280 012a 05       		.uleb128 0x5
 281 012b 03       		.byte	0x3
 282 012c 00000000 		.4byte	cy_metadata
 283 0130 00       		.byte	0
 284              		.section	.debug_abbrev,"",%progbits
 285              	.Ldebug_abbrev0:
 286 0000 01       		.uleb128 0x1
 287 0001 11       		.uleb128 0x11
 288 0002 01       		.byte	0x1
 289 0003 25       		.uleb128 0x25
 290 0004 0E       		.uleb128 0xe
 291 0005 13       		.uleb128 0x13
ARM GAS  C:\Users\jens-\AppData\Local\Temp\cczl9Uxf.s 			page 11


 292 0006 0B       		.uleb128 0xb
 293 0007 03       		.uleb128 0x3
 294 0008 0E       		.uleb128 0xe
 295 0009 1B       		.uleb128 0x1b
 296 000a 0E       		.uleb128 0xe
 297 000b 10       		.uleb128 0x10
 298 000c 17       		.uleb128 0x17
 299 000d 00       		.byte	0
 300 000e 00       		.byte	0
 301 000f 02       		.uleb128 0x2
 302 0010 24       		.uleb128 0x24
 303 0011 00       		.byte	0
 304 0012 0B       		.uleb128 0xb
 305 0013 0B       		.uleb128 0xb
 306 0014 3E       		.uleb128 0x3e
 307 0015 0B       		.uleb128 0xb
 308 0016 03       		.uleb128 0x3
 309 0017 0E       		.uleb128 0xe
 310 0018 00       		.byte	0
 311 0019 00       		.byte	0
 312 001a 03       		.uleb128 0x3
 313 001b 16       		.uleb128 0x16
 314 001c 00       		.byte	0
 315 001d 03       		.uleb128 0x3
 316 001e 0E       		.uleb128 0xe
 317 001f 3A       		.uleb128 0x3a
 318 0020 0B       		.uleb128 0xb
 319 0021 3B       		.uleb128 0x3b
 320 0022 0B       		.uleb128 0xb
 321 0023 39       		.uleb128 0x39
 322 0024 0B       		.uleb128 0xb
 323 0025 49       		.uleb128 0x49
 324 0026 13       		.uleb128 0x13
 325 0027 00       		.byte	0
 326 0028 00       		.byte	0
 327 0029 04       		.uleb128 0x4
 328 002a 24       		.uleb128 0x24
 329 002b 00       		.byte	0
 330 002c 0B       		.uleb128 0xb
 331 002d 0B       		.uleb128 0xb
 332 002e 3E       		.uleb128 0x3e
 333 002f 0B       		.uleb128 0xb
 334 0030 03       		.uleb128 0x3
 335 0031 08       		.uleb128 0x8
 336 0032 00       		.byte	0
 337 0033 00       		.byte	0
 338 0034 05       		.uleb128 0x5
 339 0035 26       		.uleb128 0x26
 340 0036 00       		.byte	0
 341 0037 49       		.uleb128 0x49
 342 0038 13       		.uleb128 0x13
 343 0039 00       		.byte	0
 344 003a 00       		.byte	0
 345 003b 06       		.uleb128 0x6
 346 003c 01       		.uleb128 0x1
 347 003d 01       		.byte	0x1
 348 003e 49       		.uleb128 0x49
ARM GAS  C:\Users\jens-\AppData\Local\Temp\cczl9Uxf.s 			page 12


 349 003f 13       		.uleb128 0x13
 350 0040 01       		.uleb128 0x1
 351 0041 13       		.uleb128 0x13
 352 0042 00       		.byte	0
 353 0043 00       		.byte	0
 354 0044 07       		.uleb128 0x7
 355 0045 21       		.uleb128 0x21
 356 0046 00       		.byte	0
 357 0047 49       		.uleb128 0x49
 358 0048 13       		.uleb128 0x13
 359 0049 2F       		.uleb128 0x2f
 360 004a 05       		.uleb128 0x5
 361 004b 00       		.byte	0
 362 004c 00       		.byte	0
 363 004d 08       		.uleb128 0x8
 364 004e 34       		.uleb128 0x34
 365 004f 00       		.byte	0
 366 0050 03       		.uleb128 0x3
 367 0051 0E       		.uleb128 0xe
 368 0052 3A       		.uleb128 0x3a
 369 0053 0B       		.uleb128 0xb
 370 0054 3B       		.uleb128 0x3b
 371 0055 0B       		.uleb128 0xb
 372 0056 39       		.uleb128 0x39
 373 0057 0B       		.uleb128 0xb
 374 0058 49       		.uleb128 0x49
 375 0059 13       		.uleb128 0x13
 376 005a 3F       		.uleb128 0x3f
 377 005b 19       		.uleb128 0x19
 378 005c 02       		.uleb128 0x2
 379 005d 18       		.uleb128 0x18
 380 005e 00       		.byte	0
 381 005f 00       		.byte	0
 382 0060 09       		.uleb128 0x9
 383 0061 21       		.uleb128 0x21
 384 0062 00       		.byte	0
 385 0063 49       		.uleb128 0x49
 386 0064 13       		.uleb128 0x13
 387 0065 2F       		.uleb128 0x2f
 388 0066 0B       		.uleb128 0xb
 389 0067 00       		.byte	0
 390 0068 00       		.byte	0
 391 0069 0A       		.uleb128 0xa
 392 006a 34       		.uleb128 0x34
 393 006b 00       		.byte	0
 394 006c 03       		.uleb128 0x3
 395 006d 0E       		.uleb128 0xe
 396 006e 3A       		.uleb128 0x3a
 397 006f 0B       		.uleb128 0xb
 398 0070 3B       		.uleb128 0x3b
 399 0071 05       		.uleb128 0x5
 400 0072 39       		.uleb128 0x39
 401 0073 0B       		.uleb128 0xb
 402 0074 49       		.uleb128 0x49
 403 0075 13       		.uleb128 0x13
 404 0076 3F       		.uleb128 0x3f
 405 0077 19       		.uleb128 0x19
ARM GAS  C:\Users\jens-\AppData\Local\Temp\cczl9Uxf.s 			page 13


 406 0078 02       		.uleb128 0x2
 407 0079 18       		.uleb128 0x18
 408 007a 00       		.byte	0
 409 007b 00       		.byte	0
 410 007c 00       		.byte	0
 411              		.section	.debug_aranges,"",%progbits
 412 0000 14000000 		.4byte	0x14
 413 0004 0200     		.2byte	0x2
 414 0006 00000000 		.4byte	.Ldebug_info0
 415 000a 04       		.byte	0x4
 416 000b 00       		.byte	0
 417 000c 0000     		.2byte	0
 418 000e 0000     		.2byte	0
 419 0010 00000000 		.4byte	0
 420 0014 00000000 		.4byte	0
 421              		.section	.debug_line,"",%progbits
 422              	.Ldebug_line0:
 423 0000 3D010000 		.section	.debug_str,"MS",%progbits,1
 423      03003701 
 423      00000201 
 423      FB0E0D00 
 423      01010101 
 424              	.LASF9:
 425 0000 5F5F7569 		.ascii	"__uint8_t\000"
 425      6E74385F 
 425      7400
 426              	.LASF18:
 427 000a 433A5C55 		.ascii	"C:\\Users\\jens-\\3.Projekt\\Projekt3\\Proj3_PSOC_C"
 427      73657273 
 427      5C6A656E 
 427      732D5C33 
 427      2E50726F 
 428 0038 5C446573 		.ascii	"\\Design01.cydsn\000"
 428      69676E30 
 428      312E6379 
 428      64736E00 
 429              	.LASF15:
 430 0048 63795F6D 		.ascii	"cy_metadata\000"
 430      65746164 
 430      61746100 
 431              	.LASF1:
 432 0054 756E7369 		.ascii	"unsigned char\000"
 432      676E6564 
 432      20636861 
 432      7200
 433              	.LASF5:
 434 0062 6C6F6E67 		.ascii	"long unsigned int\000"
 434      20756E73 
 434      69676E65 
 434      6420696E 
 434      7400
 435              	.LASF3:
 436 0074 73686F72 		.ascii	"short unsigned int\000"
 436      7420756E 
 436      7369676E 
 436      65642069 
 436      6E7400
ARM GAS  C:\Users\jens-\AppData\Local\Temp\cczl9Uxf.s 			page 14


 437              	.LASF12:
 438 0087 63795F6D 		.ascii	"cy_meta_custnvl\000"
 438      6574615F 
 438      63757374 
 438      6E766C00 
 439              	.LASF11:
 440 0097 63795F6D 		.ascii	"cy_meta_configecc\000"
 440      6574615F 
 440      636F6E66 
 440      69676563 
 440      6300
 441              	.LASF8:
 442 00a9 756E7369 		.ascii	"unsigned int\000"
 442      676E6564 
 442      20696E74 
 442      00
 443              	.LASF7:
 444 00b6 6C6F6E67 		.ascii	"long long unsigned int\000"
 444      206C6F6E 
 444      6720756E 
 444      7369676E 
 444      65642069 
 445              	.LASF10:
 446 00cd 75696E74 		.ascii	"uint8_t\000"
 446      385F7400 
 447              	.LASF14:
 448 00d5 63795F6D 		.ascii	"cy_meta_flashprotect\000"
 448      6574615F 
 448      666C6173 
 448      6870726F 
 448      74656374 
 449              	.LASF13:
 450 00ea 63795F6D 		.ascii	"cy_meta_wonvl\000"
 450      6574615F 
 450      776F6E76 
 450      6C00
 451              	.LASF6:
 452 00f8 6C6F6E67 		.ascii	"long long int\000"
 452      206C6F6E 
 452      6720696E 
 452      7400
 453              	.LASF16:
 454 0106 474E5520 		.ascii	"GNU C17 9.2.1 20191025 (release) [ARM/arm-9-branch "
 454      43313720 
 454      392E322E 
 454      31203230 
 454      31393130 
 455 0139 72657669 		.ascii	"revision 277599] -mcpu=cortex-m3 -mthumb -mfloat-ab"
 455      73696F6E 
 455      20323737 
 455      3539395D 
 455      202D6D63 
 456 016c 693D736F 		.ascii	"i=soft -march=armv7-m -g -Og -ffunction-sections -f"
 456      6674202D 
 456      6D617263 
 456      683D6172 
 456      6D76372D 
ARM GAS  C:\Users\jens-\AppData\Local\Temp\cczl9Uxf.s 			page 15


 457 019f 6661742D 		.ascii	"fat-lto-objects\000"
 457      6C746F2D 
 457      6F626A65 
 457      63747300 
 458              	.LASF2:
 459 01af 73686F72 		.ascii	"short int\000"
 459      7420696E 
 459      7400
 460              	.LASF4:
 461 01b9 6C6F6E67 		.ascii	"long int\000"
 461      20696E74 
 461      00
 462              	.LASF0:
 463 01c2 7369676E 		.ascii	"signed char\000"
 463      65642063 
 463      68617200 
 464              	.LASF17:
 465 01ce 47656E65 		.ascii	"Generated_Source\\PSoC5\\cymetadata.c\000"
 465      72617465 
 465      645F536F 
 465      75726365 
 465      5C50536F 
 466              		.ident	"GCC: (GNU Tools for Arm Embedded Processors 9-2019-q4-major) 9.2.1 20191025 (release) [ARM
