ARM GAS  C:\Users\jens-\AppData\Local\Temp\cc21GRIb.s 			page 1


   1              		.cpu cortex-m3
   2              		.eabi_attribute 20, 1
   3              		.eabi_attribute 21, 1
   4              		.eabi_attribute 23, 3
   5              		.eabi_attribute 24, 1
   6              		.eabi_attribute 25, 1
   7              		.eabi_attribute 26, 1
   8              		.eabi_attribute 30, 1
   9              		.eabi_attribute 34, 1
  10              		.eabi_attribute 18, 4
  11              		.file	"cyutils.c"
  12              		.text
  13              	.Ltext0:
  14              		.cfi_sections	.debug_frame
  15              		.section	.text.CySetReg24,"ax",%progbits
  16              		.align	1
  17              		.global	CySetReg24
  18              		.arch armv7-m
  19              		.syntax unified
  20              		.thumb
  21              		.thumb_func
  22              		.fpu softvfp
  23              		.type	CySetReg24, %function
  24              	CySetReg24:
  25              	.LVL0:
  26              	.LFB0:
  27              		.file 1 "Generated_Source\\PSoC5\\cyutils.c"
   1:Generated_Source\PSoC5/cyutils.c **** /***************************************************************************//**
   2:Generated_Source\PSoC5/cyutils.c **** * \file cyutils.c
   3:Generated_Source\PSoC5/cyutils.c **** * \version 5.70
   4:Generated_Source\PSoC5/cyutils.c **** *
   5:Generated_Source\PSoC5/cyutils.c **** * \brief Provides a function to handle 24-bit value writes.
   6:Generated_Source\PSoC5/cyutils.c **** *
   7:Generated_Source\PSoC5/cyutils.c **** ********************************************************************************
   8:Generated_Source\PSoC5/cyutils.c **** * \copyright
   9:Generated_Source\PSoC5/cyutils.c **** * Copyright 2008-2018, Cypress Semiconductor Corporation.  All rights reserved.
  10:Generated_Source\PSoC5/cyutils.c **** * You may use this file only in accordance with the license, terms, conditions,
  11:Generated_Source\PSoC5/cyutils.c **** * disclaimers, and limitations in the end user license agreement accompanying
  12:Generated_Source\PSoC5/cyutils.c **** * the software package with which this file was provided.
  13:Generated_Source\PSoC5/cyutils.c **** *******************************************************************************/
  14:Generated_Source\PSoC5/cyutils.c **** 
  15:Generated_Source\PSoC5/cyutils.c **** #include "cytypes.h"
  16:Generated_Source\PSoC5/cyutils.c **** 
  17:Generated_Source\PSoC5/cyutils.c **** #if (!CY_PSOC3)
  18:Generated_Source\PSoC5/cyutils.c **** 
  19:Generated_Source\PSoC5/cyutils.c ****     /***************************************************************************
  20:Generated_Source\PSoC5/cyutils.c ****     * Function Name: CySetReg24
  21:Generated_Source\PSoC5/cyutils.c ****     ************************************************************************//**
  22:Generated_Source\PSoC5/cyutils.c ****     *
  23:Generated_Source\PSoC5/cyutils.c ****     * Writes a 24-bit value to the specified register.
  24:Generated_Source\PSoC5/cyutils.c ****     *
  25:Generated_Source\PSoC5/cyutils.c ****     * \param add The address where data must be written.
  26:Generated_Source\PSoC5/cyutils.c ****     * \param value The data that must be written.
  27:Generated_Source\PSoC5/cyutils.c ****     *
  28:Generated_Source\PSoC5/cyutils.c ****     * Reentrant:
  29:Generated_Source\PSoC5/cyutils.c ****     *  No
  30:Generated_Source\PSoC5/cyutils.c ****     *
ARM GAS  C:\Users\jens-\AppData\Local\Temp\cc21GRIb.s 			page 2


  31:Generated_Source\PSoC5/cyutils.c ****     ***************************************************************************/
  32:Generated_Source\PSoC5/cyutils.c ****     void CySetReg24(uint32 volatile * addr, uint32 value)
  33:Generated_Source\PSoC5/cyutils.c ****     {
  28              		.loc 1 33 5 view -0
  29              		.cfi_startproc
  30              		@ args = 0, pretend = 0, frame = 0
  31              		@ frame_needed = 0, uses_anonymous_args = 0
  32              		@ link register save eliminated.
  34:Generated_Source\PSoC5/cyutils.c ****         uint8 volatile *tmpAddr;
  33              		.loc 1 34 9 view .LVU1
  35:Generated_Source\PSoC5/cyutils.c **** 
  36:Generated_Source\PSoC5/cyutils.c ****         tmpAddr = (uint8 volatile *) addr;
  34              		.loc 1 36 9 view .LVU2
  37:Generated_Source\PSoC5/cyutils.c **** 
  38:Generated_Source\PSoC5/cyutils.c ****         tmpAddr[0u] = (uint8) value;
  35              		.loc 1 38 9 view .LVU3
  36              		.loc 1 38 23 is_stmt 0 view .LVU4
  37 0000 CBB2     		uxtb	r3, r1
  38              		.loc 1 38 21 view .LVU5
  39 0002 0370     		strb	r3, [r0]
  39:Generated_Source\PSoC5/cyutils.c ****         tmpAddr[1u] = (uint8) (value >> 8u);
  40              		.loc 1 39 9 is_stmt 1 view .LVU6
  41              		.loc 1 39 23 is_stmt 0 view .LVU7
  42 0004 C1F30723 		ubfx	r3, r1, #8, #8
  43              		.loc 1 39 21 view .LVU8
  44 0008 4370     		strb	r3, [r0, #1]
  40:Generated_Source\PSoC5/cyutils.c ****         tmpAddr[2u] = (uint8) (value >> 16u);
  45              		.loc 1 40 9 is_stmt 1 view .LVU9
  46              		.loc 1 40 23 is_stmt 0 view .LVU10
  47 000a C1F30741 		ubfx	r1, r1, #16, #8
  48              	.LVL1:
  49              		.loc 1 40 21 view .LVU11
  50 000e 8170     		strb	r1, [r0, #2]
  41:Generated_Source\PSoC5/cyutils.c ****     }
  51              		.loc 1 41 5 view .LVU12
  52 0010 7047     		bx	lr
  53              		.cfi_endproc
  54              	.LFE0:
  55              		.size	CySetReg24, .-CySetReg24
  56              		.text
  57              	.Letext0:
  58              		.file 2 "Generated_Source\\PSoC5\\cytypes.h"
  59              		.section	.debug_info,"",%progbits
  60              	.Ldebug_info0:
  61 0000 FA000000 		.4byte	0xfa
  62 0004 0400     		.2byte	0x4
  63 0006 00000000 		.4byte	.Ldebug_abbrev0
  64 000a 04       		.byte	0x4
  65 000b 01       		.uleb128 0x1
  66 000c FB000000 		.4byte	.LASF14
  67 0010 0C       		.byte	0xc
  68 0011 95000000 		.4byte	.LASF15
  69 0015 11000000 		.4byte	.LASF16
  70 0019 00000000 		.4byte	.Ldebug_ranges0+0
  71 001d 00000000 		.4byte	0
  72 0021 00000000 		.4byte	.Ldebug_line0
  73 0025 02       		.uleb128 0x2
ARM GAS  C:\Users\jens-\AppData\Local\Temp\cc21GRIb.s 			page 3


  74 0026 01       		.byte	0x1
  75 0027 06       		.byte	0x6
  76 0028 BD010000 		.4byte	.LASF0
  77 002c 02       		.uleb128 0x2
  78 002d 01       		.byte	0x1
  79 002e 08       		.byte	0x8
  80 002f 5A000000 		.4byte	.LASF1
  81 0033 02       		.uleb128 0x2
  82 0034 02       		.byte	0x2
  83 0035 05       		.byte	0x5
  84 0036 A4010000 		.4byte	.LASF2
  85 003a 02       		.uleb128 0x2
  86 003b 02       		.byte	0x2
  87 003c 07       		.byte	0x7
  88 003d 82000000 		.4byte	.LASF3
  89 0041 02       		.uleb128 0x2
  90 0042 04       		.byte	0x4
  91 0043 05       		.byte	0x5
  92 0044 B4010000 		.4byte	.LASF4
  93 0048 02       		.uleb128 0x2
  94 0049 04       		.byte	0x4
  95 004a 07       		.byte	0x7
  96 004b 70000000 		.4byte	.LASF5
  97 004f 02       		.uleb128 0x2
  98 0050 08       		.byte	0x8
  99 0051 05       		.byte	0x5
 100 0052 E8000000 		.4byte	.LASF6
 101 0056 02       		.uleb128 0x2
 102 0057 08       		.byte	0x8
 103 0058 07       		.byte	0x7
 104 0059 D1000000 		.4byte	.LASF7
 105 005d 03       		.uleb128 0x3
 106 005e 04       		.byte	0x4
 107 005f 05       		.byte	0x5
 108 0060 696E7400 		.ascii	"int\000"
 109 0064 02       		.uleb128 0x2
 110 0065 04       		.byte	0x4
 111 0066 07       		.byte	0x7
 112 0067 C4000000 		.4byte	.LASF8
 113 006b 04       		.uleb128 0x4
 114 006c AE010000 		.4byte	.LASF9
 115 0070 02       		.byte	0x2
 116 0071 E401     		.2byte	0x1e4
 117 0073 19       		.byte	0x19
 118 0074 2C000000 		.4byte	0x2c
 119 0078 05       		.uleb128 0x5
 120 0079 6B000000 		.4byte	0x6b
 121 007d 04       		.uleb128 0x4
 122 007e BD000000 		.4byte	.LASF10
 123 0082 02       		.byte	0x2
 124 0083 E601     		.2byte	0x1e6
 125 0085 19       		.byte	0x19
 126 0086 48000000 		.4byte	0x48
 127 008a 05       		.uleb128 0x5
 128 008b 7D000000 		.4byte	0x7d
 129 008f 02       		.uleb128 0x2
 130 0090 04       		.byte	0x4
ARM GAS  C:\Users\jens-\AppData\Local\Temp\cc21GRIb.s 			page 4


 131 0091 04       		.byte	0x4
 132 0092 54000000 		.4byte	.LASF11
 133 0096 02       		.uleb128 0x2
 134 0097 08       		.byte	0x8
 135 0098 04       		.byte	0x4
 136 0099 B6000000 		.4byte	.LASF12
 137 009d 02       		.uleb128 0x2
 138 009e 01       		.byte	0x1
 139 009f 08       		.byte	0x8
 140 00a0 F6000000 		.4byte	.LASF13
 141 00a4 06       		.uleb128 0x6
 142 00a5 06000000 		.4byte	.LASF17
 143 00a9 01       		.byte	0x1
 144 00aa 20       		.byte	0x20
 145 00ab 0A       		.byte	0xa
 146 00ac 00000000 		.4byte	.LFB0
 147 00b0 12000000 		.4byte	.LFE0-.LFB0
 148 00b4 01       		.uleb128 0x1
 149 00b5 9C       		.byte	0x9c
 150 00b6 F1000000 		.4byte	0xf1
 151 00ba 07       		.uleb128 0x7
 152 00bb 4F000000 		.4byte	.LASF18
 153 00bf 01       		.byte	0x1
 154 00c0 20       		.byte	0x20
 155 00c1 27       		.byte	0x27
 156 00c2 F1000000 		.4byte	0xf1
 157 00c6 01       		.uleb128 0x1
 158 00c7 50       		.byte	0x50
 159 00c8 08       		.uleb128 0x8
 160 00c9 00000000 		.4byte	.LASF19
 161 00cd 01       		.byte	0x1
 162 00ce 20       		.byte	0x20
 163 00cf 34       		.byte	0x34
 164 00d0 7D000000 		.4byte	0x7d
 165 00d4 04000000 		.4byte	.LLST0
 166 00d8 00000000 		.4byte	.LVUS0
 167 00dc 09       		.uleb128 0x9
 168 00dd 68000000 		.4byte	.LASF20
 169 00e1 01       		.byte	0x1
 170 00e2 22       		.byte	0x22
 171 00e3 19       		.byte	0x19
 172 00e4 F7000000 		.4byte	0xf7
 173 00e8 27000000 		.4byte	.LLST1
 174 00ec 25000000 		.4byte	.LVUS1
 175 00f0 00       		.byte	0
 176 00f1 0A       		.uleb128 0xa
 177 00f2 04       		.byte	0x4
 178 00f3 8A000000 		.4byte	0x8a
 179 00f7 0A       		.uleb128 0xa
 180 00f8 04       		.byte	0x4
 181 00f9 78000000 		.4byte	0x78
 182 00fd 00       		.byte	0
 183              		.section	.debug_abbrev,"",%progbits
 184              	.Ldebug_abbrev0:
 185 0000 01       		.uleb128 0x1
 186 0001 11       		.uleb128 0x11
 187 0002 01       		.byte	0x1
ARM GAS  C:\Users\jens-\AppData\Local\Temp\cc21GRIb.s 			page 5


 188 0003 25       		.uleb128 0x25
 189 0004 0E       		.uleb128 0xe
 190 0005 13       		.uleb128 0x13
 191 0006 0B       		.uleb128 0xb
 192 0007 03       		.uleb128 0x3
 193 0008 0E       		.uleb128 0xe
 194 0009 1B       		.uleb128 0x1b
 195 000a 0E       		.uleb128 0xe
 196 000b 55       		.uleb128 0x55
 197 000c 17       		.uleb128 0x17
 198 000d 11       		.uleb128 0x11
 199 000e 01       		.uleb128 0x1
 200 000f 10       		.uleb128 0x10
 201 0010 17       		.uleb128 0x17
 202 0011 00       		.byte	0
 203 0012 00       		.byte	0
 204 0013 02       		.uleb128 0x2
 205 0014 24       		.uleb128 0x24
 206 0015 00       		.byte	0
 207 0016 0B       		.uleb128 0xb
 208 0017 0B       		.uleb128 0xb
 209 0018 3E       		.uleb128 0x3e
 210 0019 0B       		.uleb128 0xb
 211 001a 03       		.uleb128 0x3
 212 001b 0E       		.uleb128 0xe
 213 001c 00       		.byte	0
 214 001d 00       		.byte	0
 215 001e 03       		.uleb128 0x3
 216 001f 24       		.uleb128 0x24
 217 0020 00       		.byte	0
 218 0021 0B       		.uleb128 0xb
 219 0022 0B       		.uleb128 0xb
 220 0023 3E       		.uleb128 0x3e
 221 0024 0B       		.uleb128 0xb
 222 0025 03       		.uleb128 0x3
 223 0026 08       		.uleb128 0x8
 224 0027 00       		.byte	0
 225 0028 00       		.byte	0
 226 0029 04       		.uleb128 0x4
 227 002a 16       		.uleb128 0x16
 228 002b 00       		.byte	0
 229 002c 03       		.uleb128 0x3
 230 002d 0E       		.uleb128 0xe
 231 002e 3A       		.uleb128 0x3a
 232 002f 0B       		.uleb128 0xb
 233 0030 3B       		.uleb128 0x3b
 234 0031 05       		.uleb128 0x5
 235 0032 39       		.uleb128 0x39
 236 0033 0B       		.uleb128 0xb
 237 0034 49       		.uleb128 0x49
 238 0035 13       		.uleb128 0x13
 239 0036 00       		.byte	0
 240 0037 00       		.byte	0
 241 0038 05       		.uleb128 0x5
 242 0039 35       		.uleb128 0x35
 243 003a 00       		.byte	0
 244 003b 49       		.uleb128 0x49
ARM GAS  C:\Users\jens-\AppData\Local\Temp\cc21GRIb.s 			page 6


 245 003c 13       		.uleb128 0x13
 246 003d 00       		.byte	0
 247 003e 00       		.byte	0
 248 003f 06       		.uleb128 0x6
 249 0040 2E       		.uleb128 0x2e
 250 0041 01       		.byte	0x1
 251 0042 3F       		.uleb128 0x3f
 252 0043 19       		.uleb128 0x19
 253 0044 03       		.uleb128 0x3
 254 0045 0E       		.uleb128 0xe
 255 0046 3A       		.uleb128 0x3a
 256 0047 0B       		.uleb128 0xb
 257 0048 3B       		.uleb128 0x3b
 258 0049 0B       		.uleb128 0xb
 259 004a 39       		.uleb128 0x39
 260 004b 0B       		.uleb128 0xb
 261 004c 27       		.uleb128 0x27
 262 004d 19       		.uleb128 0x19
 263 004e 11       		.uleb128 0x11
 264 004f 01       		.uleb128 0x1
 265 0050 12       		.uleb128 0x12
 266 0051 06       		.uleb128 0x6
 267 0052 40       		.uleb128 0x40
 268 0053 18       		.uleb128 0x18
 269 0054 9742     		.uleb128 0x2117
 270 0056 19       		.uleb128 0x19
 271 0057 01       		.uleb128 0x1
 272 0058 13       		.uleb128 0x13
 273 0059 00       		.byte	0
 274 005a 00       		.byte	0
 275 005b 07       		.uleb128 0x7
 276 005c 05       		.uleb128 0x5
 277 005d 00       		.byte	0
 278 005e 03       		.uleb128 0x3
 279 005f 0E       		.uleb128 0xe
 280 0060 3A       		.uleb128 0x3a
 281 0061 0B       		.uleb128 0xb
 282 0062 3B       		.uleb128 0x3b
 283 0063 0B       		.uleb128 0xb
 284 0064 39       		.uleb128 0x39
 285 0065 0B       		.uleb128 0xb
 286 0066 49       		.uleb128 0x49
 287 0067 13       		.uleb128 0x13
 288 0068 02       		.uleb128 0x2
 289 0069 18       		.uleb128 0x18
 290 006a 00       		.byte	0
 291 006b 00       		.byte	0
 292 006c 08       		.uleb128 0x8
 293 006d 05       		.uleb128 0x5
 294 006e 00       		.byte	0
 295 006f 03       		.uleb128 0x3
 296 0070 0E       		.uleb128 0xe
 297 0071 3A       		.uleb128 0x3a
 298 0072 0B       		.uleb128 0xb
 299 0073 3B       		.uleb128 0x3b
 300 0074 0B       		.uleb128 0xb
 301 0075 39       		.uleb128 0x39
ARM GAS  C:\Users\jens-\AppData\Local\Temp\cc21GRIb.s 			page 7


 302 0076 0B       		.uleb128 0xb
 303 0077 49       		.uleb128 0x49
 304 0078 13       		.uleb128 0x13
 305 0079 02       		.uleb128 0x2
 306 007a 17       		.uleb128 0x17
 307 007b B742     		.uleb128 0x2137
 308 007d 17       		.uleb128 0x17
 309 007e 00       		.byte	0
 310 007f 00       		.byte	0
 311 0080 09       		.uleb128 0x9
 312 0081 34       		.uleb128 0x34
 313 0082 00       		.byte	0
 314 0083 03       		.uleb128 0x3
 315 0084 0E       		.uleb128 0xe
 316 0085 3A       		.uleb128 0x3a
 317 0086 0B       		.uleb128 0xb
 318 0087 3B       		.uleb128 0x3b
 319 0088 0B       		.uleb128 0xb
 320 0089 39       		.uleb128 0x39
 321 008a 0B       		.uleb128 0xb
 322 008b 49       		.uleb128 0x49
 323 008c 13       		.uleb128 0x13
 324 008d 02       		.uleb128 0x2
 325 008e 17       		.uleb128 0x17
 326 008f B742     		.uleb128 0x2137
 327 0091 17       		.uleb128 0x17
 328 0092 00       		.byte	0
 329 0093 00       		.byte	0
 330 0094 0A       		.uleb128 0xa
 331 0095 0F       		.uleb128 0xf
 332 0096 00       		.byte	0
 333 0097 0B       		.uleb128 0xb
 334 0098 0B       		.uleb128 0xb
 335 0099 49       		.uleb128 0x49
 336 009a 13       		.uleb128 0x13
 337 009b 00       		.byte	0
 338 009c 00       		.byte	0
 339 009d 00       		.byte	0
 340              		.section	.debug_loc,"",%progbits
 341              	.Ldebug_loc0:
 342              	.LVUS0:
 343 0000 00       		.uleb128 0
 344 0001 00       		.uleb128 .LVU11
 345 0002 00       		.uleb128 .LVU11
 346 0003 00       		.uleb128 0
 347              	.LLST0:
 348 0004 00000000 		.4byte	.LVL0
 349 0008 0E000000 		.4byte	.LVL1
 350 000c 0100     		.2byte	0x1
 351 000e 51       		.byte	0x51
 352 000f 0E000000 		.4byte	.LVL1
 353 0013 12000000 		.4byte	.LFE0
 354 0017 0400     		.2byte	0x4
 355 0019 F3       		.byte	0xf3
 356 001a 01       		.uleb128 0x1
 357 001b 51       		.byte	0x51
 358 001c 9F       		.byte	0x9f
ARM GAS  C:\Users\jens-\AppData\Local\Temp\cc21GRIb.s 			page 8


 359 001d 00000000 		.4byte	0
 360 0021 00000000 		.4byte	0
 361              	.LVUS1:
 362 0025 03       		.uleb128 .LVU3
 363 0026 00       		.uleb128 0
 364              	.LLST1:
 365 0027 00000000 		.4byte	.LVL0
 366 002b 12000000 		.4byte	.LFE0
 367 002f 0100     		.2byte	0x1
 368 0031 50       		.byte	0x50
 369 0032 00000000 		.4byte	0
 370 0036 00000000 		.4byte	0
 371              		.section	.debug_aranges,"",%progbits
 372 0000 1C000000 		.4byte	0x1c
 373 0004 0200     		.2byte	0x2
 374 0006 00000000 		.4byte	.Ldebug_info0
 375 000a 04       		.byte	0x4
 376 000b 00       		.byte	0
 377 000c 0000     		.2byte	0
 378 000e 0000     		.2byte	0
 379 0010 00000000 		.4byte	.LFB0
 380 0014 12000000 		.4byte	.LFE0-.LFB0
 381 0018 00000000 		.4byte	0
 382 001c 00000000 		.4byte	0
 383              		.section	.debug_ranges,"",%progbits
 384              	.Ldebug_ranges0:
 385 0000 00000000 		.4byte	.LFB0
 386 0004 12000000 		.4byte	.LFE0
 387 0008 00000000 		.4byte	0
 388 000c 00000000 		.4byte	0
 389              		.section	.debug_line,"",%progbits
 390              	.Ldebug_line0:
 391 0000 80000000 		.section	.debug_str,"MS",%progbits,1
 391      03004400 
 391      00000201 
 391      FB0E0D00 
 391      01010101 
 392              	.LASF19:
 393 0000 76616C75 		.ascii	"value\000"
 393      6500
 394              	.LASF17:
 395 0006 43795365 		.ascii	"CySetReg24\000"
 395      74526567 
 395      323400
 396              	.LASF16:
 397 0011 433A5C55 		.ascii	"C:\\Users\\jens-\\3.Projekt\\Projekt3\\Proj3_PSOC_C"
 397      73657273 
 397      5C6A656E 
 397      732D5C33 
 397      2E50726F 
 398 003f 5C446573 		.ascii	"\\Design01.cydsn\000"
 398      69676E30 
 398      312E6379 
 398      64736E00 
 399              	.LASF18:
 400 004f 61646472 		.ascii	"addr\000"
 400      00
ARM GAS  C:\Users\jens-\AppData\Local\Temp\cc21GRIb.s 			page 9


 401              	.LASF11:
 402 0054 666C6F61 		.ascii	"float\000"
 402      7400
 403              	.LASF1:
 404 005a 756E7369 		.ascii	"unsigned char\000"
 404      676E6564 
 404      20636861 
 404      7200
 405              	.LASF20:
 406 0068 746D7041 		.ascii	"tmpAddr\000"
 406      64647200 
 407              	.LASF5:
 408 0070 6C6F6E67 		.ascii	"long unsigned int\000"
 408      20756E73 
 408      69676E65 
 408      6420696E 
 408      7400
 409              	.LASF3:
 410 0082 73686F72 		.ascii	"short unsigned int\000"
 410      7420756E 
 410      7369676E 
 410      65642069 
 410      6E7400
 411              	.LASF15:
 412 0095 47656E65 		.ascii	"Generated_Source\\PSoC5\\cyutils.c\000"
 412      72617465 
 412      645F536F 
 412      75726365 
 412      5C50536F 
 413              	.LASF12:
 414 00b6 646F7562 		.ascii	"double\000"
 414      6C6500
 415              	.LASF10:
 416 00bd 75696E74 		.ascii	"uint32\000"
 416      333200
 417              	.LASF8:
 418 00c4 756E7369 		.ascii	"unsigned int\000"
 418      676E6564 
 418      20696E74 
 418      00
 419              	.LASF7:
 420 00d1 6C6F6E67 		.ascii	"long long unsigned int\000"
 420      206C6F6E 
 420      6720756E 
 420      7369676E 
 420      65642069 
 421              	.LASF6:
 422 00e8 6C6F6E67 		.ascii	"long long int\000"
 422      206C6F6E 
 422      6720696E 
 422      7400
 423              	.LASF13:
 424 00f6 63686172 		.ascii	"char\000"
 424      00
 425              	.LASF14:
 426 00fb 474E5520 		.ascii	"GNU C17 9.2.1 20191025 (release) [ARM/arm-9-branch "
 426      43313720 
ARM GAS  C:\Users\jens-\AppData\Local\Temp\cc21GRIb.s 			page 10


 426      392E322E 
 426      31203230 
 426      31393130 
 427 012e 72657669 		.ascii	"revision 277599] -mcpu=cortex-m3 -mthumb -mfloat-ab"
 427      73696F6E 
 427      20323737 
 427      3539395D 
 427      202D6D63 
 428 0161 693D736F 		.ascii	"i=soft -march=armv7-m -g -Og -ffunction-sections -f"
 428      6674202D 
 428      6D617263 
 428      683D6172 
 428      6D76372D 
 429 0194 6661742D 		.ascii	"fat-lto-objects\000"
 429      6C746F2D 
 429      6F626A65 
 429      63747300 
 430              	.LASF2:
 431 01a4 73686F72 		.ascii	"short int\000"
 431      7420696E 
 431      7400
 432              	.LASF9:
 433 01ae 75696E74 		.ascii	"uint8\000"
 433      3800
 434              	.LASF4:
 435 01b4 6C6F6E67 		.ascii	"long int\000"
 435      20696E74 
 435      00
 436              	.LASF0:
 437 01bd 7369676E 		.ascii	"signed char\000"
 437      65642063 
 437      68617200 
 438              		.ident	"GCC: (GNU Tools for Arm Embedded Processors 9-2019-q4-major) 9.2.1 20191025 (release) [ARM
