ARM GAS  C:\Users\jens-\AppData\Local\Temp\cck1XWSm.s 			page 1


   1              		.cpu cortex-m3
   2              		.eabi_attribute 20, 1
   3              		.eabi_attribute 21, 1
   4              		.eabi_attribute 23, 3
   5              		.eabi_attribute 24, 1
   6              		.eabi_attribute 25, 1
   7              		.eabi_attribute 26, 1
   8              		.eabi_attribute 30, 1
   9              		.eabi_attribute 34, 1
  10              		.eabi_attribute 18, 4
  11              		.file	"Pin_C1.c"
  12              		.text
  13              	.Ltext0:
  14              		.cfi_sections	.debug_frame
  15              		.section	.text.Pin_C1_Write,"ax",%progbits
  16              		.align	1
  17              		.global	Pin_C1_Write
  18              		.arch armv7-m
  19              		.syntax unified
  20              		.thumb
  21              		.thumb_func
  22              		.fpu softvfp
  23              		.type	Pin_C1_Write, %function
  24              	Pin_C1_Write:
  25              	.LVL0:
  26              	.LFB0:
  27              		.file 1 "Generated_Source\\PSoC5\\Pin_C1.c"
   1:Generated_Source\PSoC5/Pin_C1.c **** /*******************************************************************************
   2:Generated_Source\PSoC5/Pin_C1.c **** * File Name: Pin_C1.c  
   3:Generated_Source\PSoC5/Pin_C1.c **** * Version 2.20
   4:Generated_Source\PSoC5/Pin_C1.c **** *
   5:Generated_Source\PSoC5/Pin_C1.c **** * Description:
   6:Generated_Source\PSoC5/Pin_C1.c **** *  This file contains API to enable firmware control of a Pins component.
   7:Generated_Source\PSoC5/Pin_C1.c **** *
   8:Generated_Source\PSoC5/Pin_C1.c **** * Note:
   9:Generated_Source\PSoC5/Pin_C1.c **** *
  10:Generated_Source\PSoC5/Pin_C1.c **** ********************************************************************************
  11:Generated_Source\PSoC5/Pin_C1.c **** * Copyright 2008-2015, Cypress Semiconductor Corporation.  All rights reserved.
  12:Generated_Source\PSoC5/Pin_C1.c **** * You may use this file only in accordance with the license, terms, conditions, 
  13:Generated_Source\PSoC5/Pin_C1.c **** * disclaimers, and limitations in the end user license agreement accompanying 
  14:Generated_Source\PSoC5/Pin_C1.c **** * the software package with which this file was provided.
  15:Generated_Source\PSoC5/Pin_C1.c **** *******************************************************************************/
  16:Generated_Source\PSoC5/Pin_C1.c **** 
  17:Generated_Source\PSoC5/Pin_C1.c **** #include "cytypes.h"
  18:Generated_Source\PSoC5/Pin_C1.c **** #include "Pin_C1.h"
  19:Generated_Source\PSoC5/Pin_C1.c **** 
  20:Generated_Source\PSoC5/Pin_C1.c **** /* APIs are not generated for P15[7:6] on PSoC 5 */
  21:Generated_Source\PSoC5/Pin_C1.c **** #if !(CY_PSOC5A &&\
  22:Generated_Source\PSoC5/Pin_C1.c **** 	 Pin_C1__PORT == 15 && ((Pin_C1__MASK & 0xC0) != 0))
  23:Generated_Source\PSoC5/Pin_C1.c **** 
  24:Generated_Source\PSoC5/Pin_C1.c **** 
  25:Generated_Source\PSoC5/Pin_C1.c **** /*******************************************************************************
  26:Generated_Source\PSoC5/Pin_C1.c **** * Function Name: Pin_C1_Write
  27:Generated_Source\PSoC5/Pin_C1.c **** ****************************************************************************//**
  28:Generated_Source\PSoC5/Pin_C1.c **** *
  29:Generated_Source\PSoC5/Pin_C1.c **** * \brief Writes the value to the physical port (data output register), masking
  30:Generated_Source\PSoC5/Pin_C1.c **** *  and shifting the bits appropriately. 
ARM GAS  C:\Users\jens-\AppData\Local\Temp\cck1XWSm.s 			page 2


  31:Generated_Source\PSoC5/Pin_C1.c **** *
  32:Generated_Source\PSoC5/Pin_C1.c **** * The data output register controls the signal applied to the physical pin in 
  33:Generated_Source\PSoC5/Pin_C1.c **** * conjunction with the drive mode parameter. This function avoids changing 
  34:Generated_Source\PSoC5/Pin_C1.c **** * other bits in the port by using the appropriate method (read-modify-write or
  35:Generated_Source\PSoC5/Pin_C1.c **** * bit banding).
  36:Generated_Source\PSoC5/Pin_C1.c **** *
  37:Generated_Source\PSoC5/Pin_C1.c **** * <b>Note</b> This function should not be used on a hardware digital output pin 
  38:Generated_Source\PSoC5/Pin_C1.c **** * as it is driven by the hardware signal attached to it.
  39:Generated_Source\PSoC5/Pin_C1.c **** *
  40:Generated_Source\PSoC5/Pin_C1.c **** * \param value
  41:Generated_Source\PSoC5/Pin_C1.c **** *  Value to write to the component instance.
  42:Generated_Source\PSoC5/Pin_C1.c **** *
  43:Generated_Source\PSoC5/Pin_C1.c **** * \return 
  44:Generated_Source\PSoC5/Pin_C1.c **** *  None 
  45:Generated_Source\PSoC5/Pin_C1.c **** *
  46:Generated_Source\PSoC5/Pin_C1.c **** * \sideeffect
  47:Generated_Source\PSoC5/Pin_C1.c **** *  If you use read-modify-write operations that are not atomic; the Interrupt 
  48:Generated_Source\PSoC5/Pin_C1.c **** *  Service Routines (ISR) can cause corruption of this function. An ISR that 
  49:Generated_Source\PSoC5/Pin_C1.c **** *  interrupts this function and performs writes to the Pins component data 
  50:Generated_Source\PSoC5/Pin_C1.c **** *  register can cause corrupted port data. To avoid this issue, you should 
  51:Generated_Source\PSoC5/Pin_C1.c **** *  either use the Per-Pin APIs (primary method) or disable interrupts around 
  52:Generated_Source\PSoC5/Pin_C1.c **** *  this function.
  53:Generated_Source\PSoC5/Pin_C1.c **** *
  54:Generated_Source\PSoC5/Pin_C1.c **** * \funcusage
  55:Generated_Source\PSoC5/Pin_C1.c **** *  \snippet Pin_C1_SUT.c usage_Pin_C1_Write
  56:Generated_Source\PSoC5/Pin_C1.c **** *******************************************************************************/
  57:Generated_Source\PSoC5/Pin_C1.c **** void Pin_C1_Write(uint8 value)
  58:Generated_Source\PSoC5/Pin_C1.c **** {
  28              		.loc 1 58 1 view -0
  29              		.cfi_startproc
  30              		@ args = 0, pretend = 0, frame = 0
  31              		@ frame_needed = 0, uses_anonymous_args = 0
  32              		@ link register save eliminated.
  59:Generated_Source\PSoC5/Pin_C1.c ****     uint8 staticBits = (Pin_C1_DR & (uint8)(~Pin_C1_MASK));
  33              		.loc 1 59 5 view .LVU1
  34              		.loc 1 59 35 is_stmt 0 view .LVU2
  35 0000 044A     		ldr	r2, .L2
  36 0002 1378     		ldrb	r3, [r2]	@ zero_extendqisi2
  37              		.loc 1 59 11 view .LVU3
  38 0004 03F0BF03 		and	r3, r3, #191
  39              	.LVL1:
  60:Generated_Source\PSoC5/Pin_C1.c ****     Pin_C1_DR = staticBits | ((uint8)(value << Pin_C1_SHIFT) & Pin_C1_MASK);
  40              		.loc 1 60 5 is_stmt 1 view .LVU4
  41              		.loc 1 60 31 is_stmt 0 view .LVU5
  42 0008 8001     		lsls	r0, r0, #6
  43              	.LVL2:
  44              		.loc 1 60 62 view .LVU6
  45 000a 00F04000 		and	r0, r0, #64
  46              		.loc 1 60 28 view .LVU7
  47 000e 1843     		orrs	r0, r0, r3
  48              		.loc 1 60 15 view .LVU8
  49 0010 1070     		strb	r0, [r2]
  61:Generated_Source\PSoC5/Pin_C1.c **** }
  50              		.loc 1 61 1 view .LVU9
  51 0012 7047     		bx	lr
  52              	.L3:
  53              		.align	2
ARM GAS  C:\Users\jens-\AppData\Local\Temp\cck1XWSm.s 			page 3


  54              	.L2:
  55 0014 30510040 		.word	1073762608
  56              		.cfi_endproc
  57              	.LFE0:
  58              		.size	Pin_C1_Write, .-Pin_C1_Write
  59              		.section	.text.Pin_C1_SetDriveMode,"ax",%progbits
  60              		.align	1
  61              		.global	Pin_C1_SetDriveMode
  62              		.syntax unified
  63              		.thumb
  64              		.thumb_func
  65              		.fpu softvfp
  66              		.type	Pin_C1_SetDriveMode, %function
  67              	Pin_C1_SetDriveMode:
  68              	.LVL3:
  69              	.LFB1:
  62:Generated_Source\PSoC5/Pin_C1.c **** 
  63:Generated_Source\PSoC5/Pin_C1.c **** 
  64:Generated_Source\PSoC5/Pin_C1.c **** /*******************************************************************************
  65:Generated_Source\PSoC5/Pin_C1.c **** * Function Name: Pin_C1_SetDriveMode
  66:Generated_Source\PSoC5/Pin_C1.c **** ****************************************************************************//**
  67:Generated_Source\PSoC5/Pin_C1.c **** *
  68:Generated_Source\PSoC5/Pin_C1.c **** * \brief Sets the drive mode for each of the Pins component's pins.
  69:Generated_Source\PSoC5/Pin_C1.c **** * 
  70:Generated_Source\PSoC5/Pin_C1.c **** * <b>Note</b> This affects all pins in the Pins component instance. Use the
  71:Generated_Source\PSoC5/Pin_C1.c **** * Per-Pin APIs if you wish to control individual pin's drive modes.
  72:Generated_Source\PSoC5/Pin_C1.c **** *
  73:Generated_Source\PSoC5/Pin_C1.c **** * \param mode
  74:Generated_Source\PSoC5/Pin_C1.c **** *  Mode for the selected signals. Valid options are documented in 
  75:Generated_Source\PSoC5/Pin_C1.c **** *  \ref driveMode.
  76:Generated_Source\PSoC5/Pin_C1.c **** *
  77:Generated_Source\PSoC5/Pin_C1.c **** * \return
  78:Generated_Source\PSoC5/Pin_C1.c **** *  None
  79:Generated_Source\PSoC5/Pin_C1.c **** *
  80:Generated_Source\PSoC5/Pin_C1.c **** * \sideeffect
  81:Generated_Source\PSoC5/Pin_C1.c **** *  If you use read-modify-write operations that are not atomic, the ISR can
  82:Generated_Source\PSoC5/Pin_C1.c **** *  cause corruption of this function. An ISR that interrupts this function 
  83:Generated_Source\PSoC5/Pin_C1.c **** *  and performs writes to the Pins component Drive Mode registers can cause 
  84:Generated_Source\PSoC5/Pin_C1.c **** *  corrupted port data. To avoid this issue, you should either use the Per-Pin
  85:Generated_Source\PSoC5/Pin_C1.c **** *  APIs (primary method) or disable interrupts around this function.
  86:Generated_Source\PSoC5/Pin_C1.c **** *
  87:Generated_Source\PSoC5/Pin_C1.c **** * \funcusage
  88:Generated_Source\PSoC5/Pin_C1.c **** *  \snippet Pin_C1_SUT.c usage_Pin_C1_SetDriveMode
  89:Generated_Source\PSoC5/Pin_C1.c **** *******************************************************************************/
  90:Generated_Source\PSoC5/Pin_C1.c **** void Pin_C1_SetDriveMode(uint8 mode)
  91:Generated_Source\PSoC5/Pin_C1.c **** {
  70              		.loc 1 91 1 is_stmt 1 view -0
  71              		.cfi_startproc
  72              		@ args = 0, pretend = 0, frame = 0
  73              		@ frame_needed = 0, uses_anonymous_args = 0
  74              		@ link register save eliminated.
  92:Generated_Source\PSoC5/Pin_C1.c **** 	CyPins_SetPinDriveMode(Pin_C1_0, mode);
  75              		.loc 1 92 2 view .LVU11
  76 0000 054A     		ldr	r2, .L5
  77 0002 1378     		ldrb	r3, [r2]	@ zero_extendqisi2
  78 0004 5BB2     		sxtb	r3, r3
  79 0006 23F00E03 		bic	r3, r3, #14
ARM GAS  C:\Users\jens-\AppData\Local\Temp\cck1XWSm.s 			page 4


  80 000a 00F00E00 		and	r0, r0, #14
  81              	.LVL4:
  82              		.loc 1 92 2 is_stmt 0 view .LVU12
  83 000e 0343     		orrs	r3, r3, r0
  84 0010 DBB2     		uxtb	r3, r3
  85 0012 1370     		strb	r3, [r2]
  93:Generated_Source\PSoC5/Pin_C1.c **** }
  86              		.loc 1 93 1 view .LVU13
  87 0014 7047     		bx	lr
  88              	.L6:
  89 0016 00BF     		.align	2
  90              	.L5:
  91 0018 1E500040 		.word	1073762334
  92              		.cfi_endproc
  93              	.LFE1:
  94              		.size	Pin_C1_SetDriveMode, .-Pin_C1_SetDriveMode
  95              		.section	.text.Pin_C1_Read,"ax",%progbits
  96              		.align	1
  97              		.global	Pin_C1_Read
  98              		.syntax unified
  99              		.thumb
 100              		.thumb_func
 101              		.fpu softvfp
 102              		.type	Pin_C1_Read, %function
 103              	Pin_C1_Read:
 104              	.LFB2:
  94:Generated_Source\PSoC5/Pin_C1.c **** 
  95:Generated_Source\PSoC5/Pin_C1.c **** 
  96:Generated_Source\PSoC5/Pin_C1.c **** /*******************************************************************************
  97:Generated_Source\PSoC5/Pin_C1.c **** * Function Name: Pin_C1_Read
  98:Generated_Source\PSoC5/Pin_C1.c **** ****************************************************************************//**
  99:Generated_Source\PSoC5/Pin_C1.c **** *
 100:Generated_Source\PSoC5/Pin_C1.c **** * \brief Reads the associated physical port (pin status register) and masks 
 101:Generated_Source\PSoC5/Pin_C1.c **** *  the required bits according to the width and bit position of the component
 102:Generated_Source\PSoC5/Pin_C1.c **** *  instance. 
 103:Generated_Source\PSoC5/Pin_C1.c **** *
 104:Generated_Source\PSoC5/Pin_C1.c **** * The pin's status register returns the current logic level present on the 
 105:Generated_Source\PSoC5/Pin_C1.c **** * physical pin.
 106:Generated_Source\PSoC5/Pin_C1.c **** *
 107:Generated_Source\PSoC5/Pin_C1.c **** * \return 
 108:Generated_Source\PSoC5/Pin_C1.c **** *  The current value for the pins in the component as a right justified number.
 109:Generated_Source\PSoC5/Pin_C1.c **** *
 110:Generated_Source\PSoC5/Pin_C1.c **** * \funcusage
 111:Generated_Source\PSoC5/Pin_C1.c **** *  \snippet Pin_C1_SUT.c usage_Pin_C1_Read  
 112:Generated_Source\PSoC5/Pin_C1.c **** *******************************************************************************/
 113:Generated_Source\PSoC5/Pin_C1.c **** uint8 Pin_C1_Read(void)
 114:Generated_Source\PSoC5/Pin_C1.c **** {
 105              		.loc 1 114 1 is_stmt 1 view -0
 106              		.cfi_startproc
 107              		@ args = 0, pretend = 0, frame = 0
 108              		@ frame_needed = 0, uses_anonymous_args = 0
 109              		@ link register save eliminated.
 115:Generated_Source\PSoC5/Pin_C1.c ****     return (Pin_C1_PS & Pin_C1_MASK) >> Pin_C1_SHIFT;
 110              		.loc 1 115 5 view .LVU15
 111              		.loc 1 115 13 is_stmt 0 view .LVU16
 112 0000 024B     		ldr	r3, .L8
 113 0002 1878     		ldrb	r0, [r3]	@ zero_extendqisi2
ARM GAS  C:\Users\jens-\AppData\Local\Temp\cck1XWSm.s 			page 5


 116:Generated_Source\PSoC5/Pin_C1.c **** }
 114              		.loc 1 116 1 view .LVU17
 115 0004 C0F38010 		ubfx	r0, r0, #6, #1
 116 0008 7047     		bx	lr
 117              	.L9:
 118 000a 00BF     		.align	2
 119              	.L8:
 120 000c 31510040 		.word	1073762609
 121              		.cfi_endproc
 122              	.LFE2:
 123              		.size	Pin_C1_Read, .-Pin_C1_Read
 124              		.section	.text.Pin_C1_ReadDataReg,"ax",%progbits
 125              		.align	1
 126              		.global	Pin_C1_ReadDataReg
 127              		.syntax unified
 128              		.thumb
 129              		.thumb_func
 130              		.fpu softvfp
 131              		.type	Pin_C1_ReadDataReg, %function
 132              	Pin_C1_ReadDataReg:
 133              	.LFB3:
 117:Generated_Source\PSoC5/Pin_C1.c **** 
 118:Generated_Source\PSoC5/Pin_C1.c **** 
 119:Generated_Source\PSoC5/Pin_C1.c **** /*******************************************************************************
 120:Generated_Source\PSoC5/Pin_C1.c **** * Function Name: Pin_C1_ReadDataReg
 121:Generated_Source\PSoC5/Pin_C1.c **** ****************************************************************************//**
 122:Generated_Source\PSoC5/Pin_C1.c **** *
 123:Generated_Source\PSoC5/Pin_C1.c **** * \brief Reads the associated physical port's data output register and masks 
 124:Generated_Source\PSoC5/Pin_C1.c **** *  the correct bits according to the width and bit position of the component 
 125:Generated_Source\PSoC5/Pin_C1.c **** *  instance. 
 126:Generated_Source\PSoC5/Pin_C1.c **** *
 127:Generated_Source\PSoC5/Pin_C1.c **** * The data output register controls the signal applied to the physical pin in 
 128:Generated_Source\PSoC5/Pin_C1.c **** * conjunction with the drive mode parameter. This is not the same as the 
 129:Generated_Source\PSoC5/Pin_C1.c **** * preferred Pin_C1_Read() API because the 
 130:Generated_Source\PSoC5/Pin_C1.c **** * Pin_C1_ReadDataReg() reads the data register instead of the status 
 131:Generated_Source\PSoC5/Pin_C1.c **** * register. For output pins this is a useful function to determine the value 
 132:Generated_Source\PSoC5/Pin_C1.c **** * just written to the pin.
 133:Generated_Source\PSoC5/Pin_C1.c **** *
 134:Generated_Source\PSoC5/Pin_C1.c **** * \return 
 135:Generated_Source\PSoC5/Pin_C1.c **** *  The current value of the data register masked and shifted into a right 
 136:Generated_Source\PSoC5/Pin_C1.c **** *  justified number for the component instance.
 137:Generated_Source\PSoC5/Pin_C1.c **** *
 138:Generated_Source\PSoC5/Pin_C1.c **** * \funcusage
 139:Generated_Source\PSoC5/Pin_C1.c **** *  \snippet Pin_C1_SUT.c usage_Pin_C1_ReadDataReg 
 140:Generated_Source\PSoC5/Pin_C1.c **** *******************************************************************************/
 141:Generated_Source\PSoC5/Pin_C1.c **** uint8 Pin_C1_ReadDataReg(void)
 142:Generated_Source\PSoC5/Pin_C1.c **** {
 134              		.loc 1 142 1 is_stmt 1 view -0
 135              		.cfi_startproc
 136              		@ args = 0, pretend = 0, frame = 0
 137              		@ frame_needed = 0, uses_anonymous_args = 0
 138              		@ link register save eliminated.
 143:Generated_Source\PSoC5/Pin_C1.c ****     return (Pin_C1_DR & Pin_C1_MASK) >> Pin_C1_SHIFT;
 139              		.loc 1 143 5 view .LVU19
 140              		.loc 1 143 13 is_stmt 0 view .LVU20
 141 0000 024B     		ldr	r3, .L11
 142 0002 1878     		ldrb	r0, [r3]	@ zero_extendqisi2
ARM GAS  C:\Users\jens-\AppData\Local\Temp\cck1XWSm.s 			page 6


 144:Generated_Source\PSoC5/Pin_C1.c **** }
 143              		.loc 1 144 1 view .LVU21
 144 0004 C0F38010 		ubfx	r0, r0, #6, #1
 145 0008 7047     		bx	lr
 146              	.L12:
 147 000a 00BF     		.align	2
 148              	.L11:
 149 000c 30510040 		.word	1073762608
 150              		.cfi_endproc
 151              	.LFE3:
 152              		.size	Pin_C1_ReadDataReg, .-Pin_C1_ReadDataReg
 153              		.text
 154              	.Letext0:
 155              		.file 2 "Generated_Source\\PSoC5\\cytypes.h"
 156              		.section	.debug_info,"",%progbits
 157              	.Ldebug_info0:
 158 0000 2E010000 		.4byte	0x12e
 159 0004 0400     		.2byte	0x4
 160 0006 00000000 		.4byte	.Ldebug_abbrev0
 161 000a 04       		.byte	0x4
 162 000b 01       		.uleb128 0x1
 163 000c 30010000 		.4byte	.LASF18
 164 0010 0C       		.byte	0xc
 165 0011 B5000000 		.4byte	.LASF19
 166 0015 11000000 		.4byte	.LASF20
 167 0019 00000000 		.4byte	.Ldebug_ranges0+0
 168 001d 00000000 		.4byte	0
 169 0021 00000000 		.4byte	.Ldebug_line0
 170 0025 02       		.uleb128 0x2
 171 0026 01       		.byte	0x1
 172 0027 06       		.byte	0x6
 173 0028 F2010000 		.4byte	.LASF0
 174 002c 02       		.uleb128 0x2
 175 002d 01       		.byte	0x1
 176 002e 08       		.byte	0x8
 177 002f 55000000 		.4byte	.LASF1
 178 0033 02       		.uleb128 0x2
 179 0034 02       		.byte	0x2
 180 0035 05       		.byte	0x5
 181 0036 D9010000 		.4byte	.LASF2
 182 003a 02       		.uleb128 0x2
 183 003b 02       		.byte	0x2
 184 003c 07       		.byte	0x7
 185 003d 8E000000 		.4byte	.LASF3
 186 0041 02       		.uleb128 0x2
 187 0042 04       		.byte	0x4
 188 0043 05       		.byte	0x5
 189 0044 E9010000 		.4byte	.LASF4
 190 0048 02       		.uleb128 0x2
 191 0049 04       		.byte	0x4
 192 004a 07       		.byte	0x7
 193 004b 7C000000 		.4byte	.LASF5
 194 004f 02       		.uleb128 0x2
 195 0050 08       		.byte	0x8
 196 0051 05       		.byte	0x5
 197 0052 1D010000 		.4byte	.LASF6
 198 0056 02       		.uleb128 0x2
ARM GAS  C:\Users\jens-\AppData\Local\Temp\cck1XWSm.s 			page 7


 199 0057 08       		.byte	0x8
 200 0058 07       		.byte	0x7
 201 0059 E2000000 		.4byte	.LASF7
 202 005d 03       		.uleb128 0x3
 203 005e 04       		.byte	0x4
 204 005f 05       		.byte	0x5
 205 0060 696E7400 		.ascii	"int\000"
 206 0064 02       		.uleb128 0x2
 207 0065 04       		.byte	0x4
 208 0066 07       		.byte	0x7
 209 0067 D5000000 		.4byte	.LASF8
 210 006b 04       		.uleb128 0x4
 211 006c E3010000 		.4byte	.LASF12
 212 0070 02       		.byte	0x2
 213 0071 E401     		.2byte	0x1e4
 214 0073 19       		.byte	0x19
 215 0074 2C000000 		.4byte	0x2c
 216 0078 05       		.uleb128 0x5
 217 0079 6B000000 		.4byte	0x6b
 218 007d 02       		.uleb128 0x2
 219 007e 04       		.byte	0x4
 220 007f 04       		.byte	0x4
 221 0080 4F000000 		.4byte	.LASF9
 222 0084 02       		.uleb128 0x2
 223 0085 08       		.byte	0x8
 224 0086 04       		.byte	0x4
 225 0087 AE000000 		.4byte	.LASF10
 226 008b 02       		.uleb128 0x2
 227 008c 01       		.byte	0x1
 228 008d 08       		.byte	0x8
 229 008e 2B010000 		.4byte	.LASF11
 230 0092 04       		.uleb128 0x4
 231 0093 63000000 		.4byte	.LASF13
 232 0097 02       		.byte	0x2
 233 0098 8E02     		.2byte	0x28e
 234 009a 21       		.byte	0x21
 235 009b 78000000 		.4byte	0x78
 236 009f 06       		.uleb128 0x6
 237 00a0 F9000000 		.4byte	.LASF14
 238 00a4 01       		.byte	0x1
 239 00a5 8D       		.byte	0x8d
 240 00a6 07       		.byte	0x7
 241 00a7 6B000000 		.4byte	0x6b
 242 00ab 00000000 		.4byte	.LFB3
 243 00af 10000000 		.4byte	.LFE3-.LFB3
 244 00b3 01       		.uleb128 0x1
 245 00b4 9C       		.byte	0x9c
 246 00b5 06       		.uleb128 0x6
 247 00b6 0C010000 		.4byte	.LASF15
 248 00ba 01       		.byte	0x1
 249 00bb 71       		.byte	0x71
 250 00bc 07       		.byte	0x7
 251 00bd 6B000000 		.4byte	0x6b
 252 00c1 00000000 		.4byte	.LFB2
 253 00c5 10000000 		.4byte	.LFE2-.LFB2
 254 00c9 01       		.uleb128 0x1
 255 00ca 9C       		.byte	0x9c
ARM GAS  C:\Users\jens-\AppData\Local\Temp\cck1XWSm.s 			page 8


 256 00cb 07       		.uleb128 0x7
 257 00cc 68000000 		.4byte	.LASF21
 258 00d0 01       		.byte	0x1
 259 00d1 5A       		.byte	0x5a
 260 00d2 06       		.byte	0x6
 261 00d3 00000000 		.4byte	.LFB1
 262 00d7 1C000000 		.4byte	.LFE1-.LFB1
 263 00db 01       		.uleb128 0x1
 264 00dc 9C       		.byte	0x9c
 265 00dd F6000000 		.4byte	0xf6
 266 00e1 08       		.uleb128 0x8
 267 00e2 18010000 		.4byte	.LASF16
 268 00e6 01       		.byte	0x1
 269 00e7 5A       		.byte	0x5a
 270 00e8 20       		.byte	0x20
 271 00e9 6B000000 		.4byte	0x6b
 272 00ed 04000000 		.4byte	.LLST2
 273 00f1 00000000 		.4byte	.LVUS2
 274 00f5 00       		.byte	0
 275 00f6 09       		.uleb128 0x9
 276 00f7 A1000000 		.4byte	.LASF22
 277 00fb 01       		.byte	0x1
 278 00fc 39       		.byte	0x39
 279 00fd 06       		.byte	0x6
 280 00fe 00000000 		.4byte	.LFB0
 281 0102 18000000 		.4byte	.LFE0-.LFB0
 282 0106 01       		.uleb128 0x1
 283 0107 9C       		.byte	0x9c
 284 0108 08       		.uleb128 0x8
 285 0109 00000000 		.4byte	.LASF17
 286 010d 01       		.byte	0x1
 287 010e 39       		.byte	0x39
 288 010f 19       		.byte	0x19
 289 0110 6B000000 		.4byte	0x6b
 290 0114 29000000 		.4byte	.LLST0
 291 0118 25000000 		.4byte	.LVUS0
 292 011c 0A       		.uleb128 0xa
 293 011d 06000000 		.4byte	.LASF23
 294 0121 01       		.byte	0x1
 295 0122 3B       		.byte	0x3b
 296 0123 0B       		.byte	0xb
 297 0124 6B000000 		.4byte	0x6b
 298 0128 4C000000 		.4byte	.LLST1
 299 012c 4A000000 		.4byte	.LVUS1
 300 0130 00       		.byte	0
 301 0131 00       		.byte	0
 302              		.section	.debug_abbrev,"",%progbits
 303              	.Ldebug_abbrev0:
 304 0000 01       		.uleb128 0x1
 305 0001 11       		.uleb128 0x11
 306 0002 01       		.byte	0x1
 307 0003 25       		.uleb128 0x25
 308 0004 0E       		.uleb128 0xe
 309 0005 13       		.uleb128 0x13
 310 0006 0B       		.uleb128 0xb
 311 0007 03       		.uleb128 0x3
 312 0008 0E       		.uleb128 0xe
ARM GAS  C:\Users\jens-\AppData\Local\Temp\cck1XWSm.s 			page 9


 313 0009 1B       		.uleb128 0x1b
 314 000a 0E       		.uleb128 0xe
 315 000b 55       		.uleb128 0x55
 316 000c 17       		.uleb128 0x17
 317 000d 11       		.uleb128 0x11
 318 000e 01       		.uleb128 0x1
 319 000f 10       		.uleb128 0x10
 320 0010 17       		.uleb128 0x17
 321 0011 00       		.byte	0
 322 0012 00       		.byte	0
 323 0013 02       		.uleb128 0x2
 324 0014 24       		.uleb128 0x24
 325 0015 00       		.byte	0
 326 0016 0B       		.uleb128 0xb
 327 0017 0B       		.uleb128 0xb
 328 0018 3E       		.uleb128 0x3e
 329 0019 0B       		.uleb128 0xb
 330 001a 03       		.uleb128 0x3
 331 001b 0E       		.uleb128 0xe
 332 001c 00       		.byte	0
 333 001d 00       		.byte	0
 334 001e 03       		.uleb128 0x3
 335 001f 24       		.uleb128 0x24
 336 0020 00       		.byte	0
 337 0021 0B       		.uleb128 0xb
 338 0022 0B       		.uleb128 0xb
 339 0023 3E       		.uleb128 0x3e
 340 0024 0B       		.uleb128 0xb
 341 0025 03       		.uleb128 0x3
 342 0026 08       		.uleb128 0x8
 343 0027 00       		.byte	0
 344 0028 00       		.byte	0
 345 0029 04       		.uleb128 0x4
 346 002a 16       		.uleb128 0x16
 347 002b 00       		.byte	0
 348 002c 03       		.uleb128 0x3
 349 002d 0E       		.uleb128 0xe
 350 002e 3A       		.uleb128 0x3a
 351 002f 0B       		.uleb128 0xb
 352 0030 3B       		.uleb128 0x3b
 353 0031 05       		.uleb128 0x5
 354 0032 39       		.uleb128 0x39
 355 0033 0B       		.uleb128 0xb
 356 0034 49       		.uleb128 0x49
 357 0035 13       		.uleb128 0x13
 358 0036 00       		.byte	0
 359 0037 00       		.byte	0
 360 0038 05       		.uleb128 0x5
 361 0039 35       		.uleb128 0x35
 362 003a 00       		.byte	0
 363 003b 49       		.uleb128 0x49
 364 003c 13       		.uleb128 0x13
 365 003d 00       		.byte	0
 366 003e 00       		.byte	0
 367 003f 06       		.uleb128 0x6
 368 0040 2E       		.uleb128 0x2e
 369 0041 00       		.byte	0
ARM GAS  C:\Users\jens-\AppData\Local\Temp\cck1XWSm.s 			page 10


 370 0042 3F       		.uleb128 0x3f
 371 0043 19       		.uleb128 0x19
 372 0044 03       		.uleb128 0x3
 373 0045 0E       		.uleb128 0xe
 374 0046 3A       		.uleb128 0x3a
 375 0047 0B       		.uleb128 0xb
 376 0048 3B       		.uleb128 0x3b
 377 0049 0B       		.uleb128 0xb
 378 004a 39       		.uleb128 0x39
 379 004b 0B       		.uleb128 0xb
 380 004c 27       		.uleb128 0x27
 381 004d 19       		.uleb128 0x19
 382 004e 49       		.uleb128 0x49
 383 004f 13       		.uleb128 0x13
 384 0050 11       		.uleb128 0x11
 385 0051 01       		.uleb128 0x1
 386 0052 12       		.uleb128 0x12
 387 0053 06       		.uleb128 0x6
 388 0054 40       		.uleb128 0x40
 389 0055 18       		.uleb128 0x18
 390 0056 9742     		.uleb128 0x2117
 391 0058 19       		.uleb128 0x19
 392 0059 00       		.byte	0
 393 005a 00       		.byte	0
 394 005b 07       		.uleb128 0x7
 395 005c 2E       		.uleb128 0x2e
 396 005d 01       		.byte	0x1
 397 005e 3F       		.uleb128 0x3f
 398 005f 19       		.uleb128 0x19
 399 0060 03       		.uleb128 0x3
 400 0061 0E       		.uleb128 0xe
 401 0062 3A       		.uleb128 0x3a
 402 0063 0B       		.uleb128 0xb
 403 0064 3B       		.uleb128 0x3b
 404 0065 0B       		.uleb128 0xb
 405 0066 39       		.uleb128 0x39
 406 0067 0B       		.uleb128 0xb
 407 0068 27       		.uleb128 0x27
 408 0069 19       		.uleb128 0x19
 409 006a 11       		.uleb128 0x11
 410 006b 01       		.uleb128 0x1
 411 006c 12       		.uleb128 0x12
 412 006d 06       		.uleb128 0x6
 413 006e 40       		.uleb128 0x40
 414 006f 18       		.uleb128 0x18
 415 0070 9742     		.uleb128 0x2117
 416 0072 19       		.uleb128 0x19
 417 0073 01       		.uleb128 0x1
 418 0074 13       		.uleb128 0x13
 419 0075 00       		.byte	0
 420 0076 00       		.byte	0
 421 0077 08       		.uleb128 0x8
 422 0078 05       		.uleb128 0x5
 423 0079 00       		.byte	0
 424 007a 03       		.uleb128 0x3
 425 007b 0E       		.uleb128 0xe
 426 007c 3A       		.uleb128 0x3a
ARM GAS  C:\Users\jens-\AppData\Local\Temp\cck1XWSm.s 			page 11


 427 007d 0B       		.uleb128 0xb
 428 007e 3B       		.uleb128 0x3b
 429 007f 0B       		.uleb128 0xb
 430 0080 39       		.uleb128 0x39
 431 0081 0B       		.uleb128 0xb
 432 0082 49       		.uleb128 0x49
 433 0083 13       		.uleb128 0x13
 434 0084 02       		.uleb128 0x2
 435 0085 17       		.uleb128 0x17
 436 0086 B742     		.uleb128 0x2137
 437 0088 17       		.uleb128 0x17
 438 0089 00       		.byte	0
 439 008a 00       		.byte	0
 440 008b 09       		.uleb128 0x9
 441 008c 2E       		.uleb128 0x2e
 442 008d 01       		.byte	0x1
 443 008e 3F       		.uleb128 0x3f
 444 008f 19       		.uleb128 0x19
 445 0090 03       		.uleb128 0x3
 446 0091 0E       		.uleb128 0xe
 447 0092 3A       		.uleb128 0x3a
 448 0093 0B       		.uleb128 0xb
 449 0094 3B       		.uleb128 0x3b
 450 0095 0B       		.uleb128 0xb
 451 0096 39       		.uleb128 0x39
 452 0097 0B       		.uleb128 0xb
 453 0098 27       		.uleb128 0x27
 454 0099 19       		.uleb128 0x19
 455 009a 11       		.uleb128 0x11
 456 009b 01       		.uleb128 0x1
 457 009c 12       		.uleb128 0x12
 458 009d 06       		.uleb128 0x6
 459 009e 40       		.uleb128 0x40
 460 009f 18       		.uleb128 0x18
 461 00a0 9742     		.uleb128 0x2117
 462 00a2 19       		.uleb128 0x19
 463 00a3 00       		.byte	0
 464 00a4 00       		.byte	0
 465 00a5 0A       		.uleb128 0xa
 466 00a6 34       		.uleb128 0x34
 467 00a7 00       		.byte	0
 468 00a8 03       		.uleb128 0x3
 469 00a9 0E       		.uleb128 0xe
 470 00aa 3A       		.uleb128 0x3a
 471 00ab 0B       		.uleb128 0xb
 472 00ac 3B       		.uleb128 0x3b
 473 00ad 0B       		.uleb128 0xb
 474 00ae 39       		.uleb128 0x39
 475 00af 0B       		.uleb128 0xb
 476 00b0 49       		.uleb128 0x49
 477 00b1 13       		.uleb128 0x13
 478 00b2 02       		.uleb128 0x2
 479 00b3 17       		.uleb128 0x17
 480 00b4 B742     		.uleb128 0x2137
 481 00b6 17       		.uleb128 0x17
 482 00b7 00       		.byte	0
 483 00b8 00       		.byte	0
ARM GAS  C:\Users\jens-\AppData\Local\Temp\cck1XWSm.s 			page 12


 484 00b9 00       		.byte	0
 485              		.section	.debug_loc,"",%progbits
 486              	.Ldebug_loc0:
 487              	.LVUS2:
 488 0000 00       		.uleb128 0
 489 0001 00       		.uleb128 .LVU12
 490 0002 00       		.uleb128 .LVU12
 491 0003 00       		.uleb128 0
 492              	.LLST2:
 493 0004 00000000 		.4byte	.LVL3
 494 0008 0E000000 		.4byte	.LVL4
 495 000c 0100     		.2byte	0x1
 496 000e 50       		.byte	0x50
 497 000f 0E000000 		.4byte	.LVL4
 498 0013 1C000000 		.4byte	.LFE1
 499 0017 0400     		.2byte	0x4
 500 0019 F3       		.byte	0xf3
 501 001a 01       		.uleb128 0x1
 502 001b 50       		.byte	0x50
 503 001c 9F       		.byte	0x9f
 504 001d 00000000 		.4byte	0
 505 0021 00000000 		.4byte	0
 506              	.LVUS0:
 507 0025 00       		.uleb128 0
 508 0026 00       		.uleb128 .LVU6
 509 0027 00       		.uleb128 .LVU6
 510 0028 00       		.uleb128 0
 511              	.LLST0:
 512 0029 00000000 		.4byte	.LVL0
 513 002d 0A000000 		.4byte	.LVL2
 514 0031 0100     		.2byte	0x1
 515 0033 50       		.byte	0x50
 516 0034 0A000000 		.4byte	.LVL2
 517 0038 18000000 		.4byte	.LFE0
 518 003c 0400     		.2byte	0x4
 519 003e F3       		.byte	0xf3
 520 003f 01       		.uleb128 0x1
 521 0040 50       		.byte	0x50
 522 0041 9F       		.byte	0x9f
 523 0042 00000000 		.4byte	0
 524 0046 00000000 		.4byte	0
 525              	.LVUS1:
 526 004a 00       		.uleb128 .LVU4
 527 004b 00       		.uleb128 0
 528              	.LLST1:
 529 004c 08000000 		.4byte	.LVL1
 530 0050 18000000 		.4byte	.LFE0
 531 0054 0100     		.2byte	0x1
 532 0056 53       		.byte	0x53
 533 0057 00000000 		.4byte	0
 534 005b 00000000 		.4byte	0
 535              		.section	.debug_aranges,"",%progbits
 536 0000 34000000 		.4byte	0x34
 537 0004 0200     		.2byte	0x2
 538 0006 00000000 		.4byte	.Ldebug_info0
 539 000a 04       		.byte	0x4
 540 000b 00       		.byte	0
ARM GAS  C:\Users\jens-\AppData\Local\Temp\cck1XWSm.s 			page 13


 541 000c 0000     		.2byte	0
 542 000e 0000     		.2byte	0
 543 0010 00000000 		.4byte	.LFB0
 544 0014 18000000 		.4byte	.LFE0-.LFB0
 545 0018 00000000 		.4byte	.LFB1
 546 001c 1C000000 		.4byte	.LFE1-.LFB1
 547 0020 00000000 		.4byte	.LFB2
 548 0024 10000000 		.4byte	.LFE2-.LFB2
 549 0028 00000000 		.4byte	.LFB3
 550 002c 10000000 		.4byte	.LFE3-.LFB3
 551 0030 00000000 		.4byte	0
 552 0034 00000000 		.4byte	0
 553              		.section	.debug_ranges,"",%progbits
 554              	.Ldebug_ranges0:
 555 0000 00000000 		.4byte	.LFB0
 556 0004 18000000 		.4byte	.LFE0
 557 0008 00000000 		.4byte	.LFB1
 558 000c 1C000000 		.4byte	.LFE1
 559 0010 00000000 		.4byte	.LFB2
 560 0014 10000000 		.4byte	.LFE2
 561 0018 00000000 		.4byte	.LFB3
 562 001c 10000000 		.4byte	.LFE3
 563 0020 00000000 		.4byte	0
 564 0024 00000000 		.4byte	0
 565              		.section	.debug_line,"",%progbits
 566              	.Ldebug_line0:
 567 0000 CA000000 		.section	.debug_str,"MS",%progbits,1
 567      03004300 
 567      00000201 
 567      FB0E0D00 
 567      01010101 
 568              	.LASF17:
 569 0000 76616C75 		.ascii	"value\000"
 569      6500
 570              	.LASF23:
 571 0006 73746174 		.ascii	"staticBits\000"
 571      69634269 
 571      747300
 572              	.LASF20:
 573 0011 433A5C55 		.ascii	"C:\\Users\\jens-\\3.Projekt\\Projekt3\\Proj3_PSOC_C"
 573      73657273 
 573      5C6A656E 
 573      732D5C33 
 573      2E50726F 
 574 003f 5C446573 		.ascii	"\\Design01.cydsn\000"
 574      69676E30 
 574      312E6379 
 574      64736E00 
 575              	.LASF9:
 576 004f 666C6F61 		.ascii	"float\000"
 576      7400
 577              	.LASF1:
 578 0055 756E7369 		.ascii	"unsigned char\000"
 578      676E6564 
 578      20636861 
 578      7200
 579              	.LASF13:
ARM GAS  C:\Users\jens-\AppData\Local\Temp\cck1XWSm.s 			page 14


 580 0063 72656738 		.ascii	"reg8\000"
 580      00
 581              	.LASF21:
 582 0068 50696E5F 		.ascii	"Pin_C1_SetDriveMode\000"
 582      43315F53 
 582      65744472 
 582      6976654D 
 582      6F646500 
 583              	.LASF5:
 584 007c 6C6F6E67 		.ascii	"long unsigned int\000"
 584      20756E73 
 584      69676E65 
 584      6420696E 
 584      7400
 585              	.LASF3:
 586 008e 73686F72 		.ascii	"short unsigned int\000"
 586      7420756E 
 586      7369676E 
 586      65642069 
 586      6E7400
 587              	.LASF22:
 588 00a1 50696E5F 		.ascii	"Pin_C1_Write\000"
 588      43315F57 
 588      72697465 
 588      00
 589              	.LASF10:
 590 00ae 646F7562 		.ascii	"double\000"
 590      6C6500
 591              	.LASF19:
 592 00b5 47656E65 		.ascii	"Generated_Source\\PSoC5\\Pin_C1.c\000"
 592      72617465 
 592      645F536F 
 592      75726365 
 592      5C50536F 
 593              	.LASF8:
 594 00d5 756E7369 		.ascii	"unsigned int\000"
 594      676E6564 
 594      20696E74 
 594      00
 595              	.LASF7:
 596 00e2 6C6F6E67 		.ascii	"long long unsigned int\000"
 596      206C6F6E 
 596      6720756E 
 596      7369676E 
 596      65642069 
 597              	.LASF14:
 598 00f9 50696E5F 		.ascii	"Pin_C1_ReadDataReg\000"
 598      43315F52 
 598      65616444 
 598      61746152 
 598      656700
 599              	.LASF15:
 600 010c 50696E5F 		.ascii	"Pin_C1_Read\000"
 600      43315F52 
 600      65616400 
 601              	.LASF16:
 602 0118 6D6F6465 		.ascii	"mode\000"
ARM GAS  C:\Users\jens-\AppData\Local\Temp\cck1XWSm.s 			page 15


 602      00
 603              	.LASF6:
 604 011d 6C6F6E67 		.ascii	"long long int\000"
 604      206C6F6E 
 604      6720696E 
 604      7400
 605              	.LASF11:
 606 012b 63686172 		.ascii	"char\000"
 606      00
 607              	.LASF18:
 608 0130 474E5520 		.ascii	"GNU C17 9.2.1 20191025 (release) [ARM/arm-9-branch "
 608      43313720 
 608      392E322E 
 608      31203230 
 608      31393130 
 609 0163 72657669 		.ascii	"revision 277599] -mcpu=cortex-m3 -mthumb -mfloat-ab"
 609      73696F6E 
 609      20323737 
 609      3539395D 
 609      202D6D63 
 610 0196 693D736F 		.ascii	"i=soft -march=armv7-m -g -Og -ffunction-sections -f"
 610      6674202D 
 610      6D617263 
 610      683D6172 
 610      6D76372D 
 611 01c9 6661742D 		.ascii	"fat-lto-objects\000"
 611      6C746F2D 
 611      6F626A65 
 611      63747300 
 612              	.LASF2:
 613 01d9 73686F72 		.ascii	"short int\000"
 613      7420696E 
 613      7400
 614              	.LASF12:
 615 01e3 75696E74 		.ascii	"uint8\000"
 615      3800
 616              	.LASF4:
 617 01e9 6C6F6E67 		.ascii	"long int\000"
 617      20696E74 
 617      00
 618              	.LASF0:
 619 01f2 7369676E 		.ascii	"signed char\000"
 619      65642063 
 619      68617200 
 620              		.ident	"GCC: (GNU Tools for Arm Embedded Processors 9-2019-q4-major) 9.2.1 20191025 (release) [ARM
