ARM GAS  C:\Users\jens-\AppData\Local\Temp\cctJgnrT.s 			page 1


   1              		.cpu cortex-m3
   2              		.eabi_attribute 20, 1
   3              		.eabi_attribute 21, 1
   4              		.eabi_attribute 23, 3
   5              		.eabi_attribute 24, 1
   6              		.eabi_attribute 25, 1
   7              		.eabi_attribute 26, 1
   8              		.eabi_attribute 30, 1
   9              		.eabi_attribute 34, 1
  10              		.eabi_attribute 18, 4
  11              		.file	"PSOC_controller.c"
  12              		.text
  13              	.Ltext0:
  14              		.cfi_sections	.debug_frame
  15              		.section	.text.dispensPiller,"ax",%progbits
  16              		.align	1
  17              		.global	dispensPiller
  18              		.arch armv7-m
  19              		.syntax unified
  20              		.thumb
  21              		.thumb_func
  22              		.fpu softvfp
  23              		.type	dispensPiller, %function
  24              	dispensPiller:
  25              	.LVL0:
  26              	.LFB0:
  27              		.file 1 "PSOC_controller.c"
   1:PSOC_controller.c **** /* ========================================
   2:PSOC_controller.c ****  *
   3:PSOC_controller.c ****  * Copyright YOUR COMPANY, THE YEAR
   4:PSOC_controller.c ****  * All Rights Reserved
   5:PSOC_controller.c ****  * UNPUBLISHED, LICENSED SOFTWARE.
   6:PSOC_controller.c ****  *
   7:PSOC_controller.c ****  * CONFIDENTIAL AND PROPRIETARY INFORMATION
   8:PSOC_controller.c ****  * WHICH IS THE PROPERTY OF your company.
   9:PSOC_controller.c ****  *
  10:PSOC_controller.c ****  * ========================================
  11:PSOC_controller.c **** */
  12:PSOC_controller.c **** /* ========================================
  13:PSOC_controller.c ****  *
  14:PSOC_controller.c ****  * Copyright YOUR COMPANY, THE YEAR
  15:PSOC_controller.c ****  * All Rights Reserved
  16:PSOC_controller.c ****  * UNPUBLISHED, LICENSED SOFTWARE.
  17:PSOC_controller.c ****  *
  18:PSOC_controller.c ****  * CONFIDENTIAL AND PROPRIETARY INFORMATION
  19:PSOC_controller.c ****  * WHICH IS THE PROPERTY OF your company.
  20:PSOC_controller.c ****  *
  21:PSOC_controller.c ****  * ========================================
  22:PSOC_controller.c **** */
  23:PSOC_controller.c **** #include "PSOC_controller.h"
  24:PSOC_controller.c **** 
  25:PSOC_controller.c **** 
  26:PSOC_controller.c **** /**********************private(static)***********************/
  27:PSOC_controller.c **** 
  28:PSOC_controller.c **** 
  29:PSOC_controller.c **** 
  30:PSOC_controller.c **** 
ARM GAS  C:\Users\jens-\AppData\Local\Temp\cctJgnrT.s 			page 2


  31:PSOC_controller.c **** /**************************public***************************/
  32:PSOC_controller.c **** void dispensPiller(const PSOC_controller *this,uint8_t a,uint8_t b,uint8_t c)
  33:PSOC_controller.c **** {
  28              		.loc 1 33 1 view -0
  29              		.cfi_startproc
  30              		@ args = 0, pretend = 0, frame = 0
  31              		@ frame_needed = 0, uses_anonymous_args = 0
  32              		.loc 1 33 1 is_stmt 0 view .LVU1
  33 0000 2DE9F041 		push	{r4, r5, r6, r7, r8, lr}
  34              		.cfi_def_cfa_offset 24
  35              		.cfi_offset 4, -24
  36              		.cfi_offset 5, -20
  37              		.cfi_offset 6, -16
  38              		.cfi_offset 7, -12
  39              		.cfi_offset 8, -8
  40              		.cfi_offset 14, -4
  41 0004 0546     		mov	r5, r0
  42 0006 8846     		mov	r8, r1
  43 0008 1746     		mov	r7, r2
  44 000a 1E46     		mov	r6, r3
  34:PSOC_controller.c **** //     char buff[100];
  35:PSOC_controller.c **** //     int n=snprintf(buff,100,"Dosis er: %u af pilletype a, %u af pilletype b og %u af pilletype c
  36:PSOC_controller.c **** //     writeTester(this->testerPtr,buff);
  37:PSOC_controller.c ****     for(uint8_t i=0;i<a;i++)
  45              		.loc 1 37 5 is_stmt 1 view .LVU2
  46              	.LBB2:
  47              		.loc 1 37 9 view .LVU3
  48              	.LVL1:
  49              		.loc 1 37 17 is_stmt 0 view .LVU4
  50 000c 0024     		movs	r4, #0
  51              	.LVL2:
  52              	.L2:
  53              		.loc 1 37 21 is_stmt 1 discriminator 1 view .LVU5
  54              		.loc 1 37 5 is_stmt 0 discriminator 1 view .LVU6
  55 000e 4445     		cmp	r4, r8
  56 0010 05D2     		bcs	.L9
  38:PSOC_controller.c ****     {
  39:PSOC_controller.c ****         blinkLED(this->testerPtr);
  57              		.loc 1 39 9 is_stmt 1 discriminator 3 view .LVU7
  58 0012 2868     		ldr	r0, [r5]
  59 0014 FFF7FEFF 		bl	blinkLED
  60              	.LVL3:
  37:PSOC_controller.c ****     {
  61              		.loc 1 37 25 discriminator 3 view .LVU8
  37:PSOC_controller.c ****     {
  62              		.loc 1 37 26 is_stmt 0 discriminator 3 view .LVU9
  63 0018 0134     		adds	r4, r4, #1
  64              	.LVL4:
  37:PSOC_controller.c ****     {
  65              		.loc 1 37 26 discriminator 3 view .LVU10
  66 001a E4B2     		uxtb	r4, r4
  67              	.LVL5:
  37:PSOC_controller.c ****     {
  68              		.loc 1 37 26 discriminator 3 view .LVU11
  69 001c F7E7     		b	.L2
  70              	.L9:
  37:PSOC_controller.c ****     {
ARM GAS  C:\Users\jens-\AppData\Local\Temp\cctJgnrT.s 			page 3


  71              		.loc 1 37 26 discriminator 3 view .LVU12
  72              	.LBE2:
  40:PSOC_controller.c ****     }
  41:PSOC_controller.c ****     FiveSecDelay(this->testerPtr);
  73              		.loc 1 41 5 is_stmt 1 view .LVU13
  74 001e 2868     		ldr	r0, [r5]
  75 0020 FFF7FEFF 		bl	FiveSecDelay
  76              	.LVL6:
  42:PSOC_controller.c ****     for(uint8_t i=0;i<b;i++)
  77              		.loc 1 42 5 view .LVU14
  78              	.LBB3:
  79              		.loc 1 42 9 view .LVU15
  80              		.loc 1 42 17 is_stmt 0 view .LVU16
  81 0024 0024     		movs	r4, #0
  82              	.LVL7:
  83              	.L4:
  84              		.loc 1 42 21 is_stmt 1 discriminator 1 view .LVU17
  85              		.loc 1 42 5 is_stmt 0 discriminator 1 view .LVU18
  86 0026 BC42     		cmp	r4, r7
  87 0028 05D2     		bcs	.L10
  43:PSOC_controller.c ****     {
  44:PSOC_controller.c ****         blinkLED(this->testerPtr);
  88              		.loc 1 44 9 is_stmt 1 discriminator 3 view .LVU19
  89 002a 2868     		ldr	r0, [r5]
  90 002c FFF7FEFF 		bl	blinkLED
  91              	.LVL8:
  42:PSOC_controller.c ****     for(uint8_t i=0;i<b;i++)
  92              		.loc 1 42 25 discriminator 3 view .LVU20
  42:PSOC_controller.c ****     for(uint8_t i=0;i<b;i++)
  93              		.loc 1 42 26 is_stmt 0 discriminator 3 view .LVU21
  94 0030 0134     		adds	r4, r4, #1
  95              	.LVL9:
  42:PSOC_controller.c ****     for(uint8_t i=0;i<b;i++)
  96              		.loc 1 42 26 discriminator 3 view .LVU22
  97 0032 E4B2     		uxtb	r4, r4
  98              	.LVL10:
  42:PSOC_controller.c ****     for(uint8_t i=0;i<b;i++)
  99              		.loc 1 42 26 discriminator 3 view .LVU23
 100 0034 F7E7     		b	.L4
 101              	.L10:
  42:PSOC_controller.c ****     for(uint8_t i=0;i<b;i++)
 102              		.loc 1 42 26 discriminator 3 view .LVU24
 103              	.LBE3:
  45:PSOC_controller.c ****     }
  46:PSOC_controller.c ****     FiveSecDelay(this->testerPtr);
 104              		.loc 1 46 5 is_stmt 1 view .LVU25
 105 0036 2868     		ldr	r0, [r5]
 106 0038 FFF7FEFF 		bl	FiveSecDelay
 107              	.LVL11:
  47:PSOC_controller.c ****     for(uint8_t i=0;i<c;i++)
 108              		.loc 1 47 5 view .LVU26
 109              	.LBB4:
 110              		.loc 1 47 9 view .LVU27
 111              		.loc 1 47 17 is_stmt 0 view .LVU28
 112 003c 0024     		movs	r4, #0
 113              	.LVL12:
 114              		.loc 1 47 5 view .LVU29
ARM GAS  C:\Users\jens-\AppData\Local\Temp\cctJgnrT.s 			page 4


 115 003e 04E0     		b	.L6
 116              	.LVL13:
 117              	.L7:
  48:PSOC_controller.c ****     {
  49:PSOC_controller.c ****         blinkLED(this->testerPtr);
 118              		.loc 1 49 9 is_stmt 1 discriminator 3 view .LVU30
 119 0040 2868     		ldr	r0, [r5]
 120 0042 FFF7FEFF 		bl	blinkLED
 121              	.LVL14:
  47:PSOC_controller.c ****     for(uint8_t i=0;i<c;i++)
 122              		.loc 1 47 25 discriminator 3 view .LVU31
  47:PSOC_controller.c ****     for(uint8_t i=0;i<c;i++)
 123              		.loc 1 47 26 is_stmt 0 discriminator 3 view .LVU32
 124 0046 0134     		adds	r4, r4, #1
 125              	.LVL15:
  47:PSOC_controller.c ****     for(uint8_t i=0;i<c;i++)
 126              		.loc 1 47 26 discriminator 3 view .LVU33
 127 0048 E4B2     		uxtb	r4, r4
 128              	.LVL16:
 129              	.L6:
  47:PSOC_controller.c ****     for(uint8_t i=0;i<c;i++)
 130              		.loc 1 47 21 is_stmt 1 discriminator 1 view .LVU34
  47:PSOC_controller.c ****     for(uint8_t i=0;i<c;i++)
 131              		.loc 1 47 5 is_stmt 0 discriminator 1 view .LVU35
 132 004a B442     		cmp	r4, r6
 133 004c F8D3     		bcc	.L7
 134              	.LBE4:
  50:PSOC_controller.c ****     }
  51:PSOC_controller.c ****     FiveSecDelay(this->testerPtr);
 135              		.loc 1 51 5 is_stmt 1 view .LVU36
 136 004e 2868     		ldr	r0, [r5]
 137 0050 FFF7FEFF 		bl	FiveSecDelay
 138              	.LVL17:
  52:PSOC_controller.c **** }
 139              		.loc 1 52 1 is_stmt 0 view .LVU37
 140 0054 BDE8F081 		pop	{r4, r5, r6, r7, r8, pc}
 141              		.loc 1 52 1 view .LVU38
 142              		.cfi_endproc
 143              	.LFE0:
 144              		.size	dispensPiller, .-dispensPiller
 145              		.section	.text.PSOC_controller_Init,"ax",%progbits
 146              		.align	1
 147              		.global	PSOC_controller_Init
 148              		.syntax unified
 149              		.thumb
 150              		.thumb_func
 151              		.fpu softvfp
 152              		.type	PSOC_controller_Init, %function
 153              	PSOC_controller_Init:
 154              	.LVL18:
 155              	.LFB1:
  53:PSOC_controller.c **** void PSOC_controller_Init(PSOC_controller *this, Tester *testPtr)
  54:PSOC_controller.c **** {
 156              		.loc 1 54 1 is_stmt 1 view -0
 157              		.cfi_startproc
 158              		@ args = 0, pretend = 0, frame = 0
 159              		@ frame_needed = 0, uses_anonymous_args = 0
ARM GAS  C:\Users\jens-\AppData\Local\Temp\cctJgnrT.s 			page 5


 160              		@ link register save eliminated.
  55:PSOC_controller.c ****     this->testerPtr=testPtr;
 161              		.loc 1 55 5 view .LVU40
 162              		.loc 1 55 20 is_stmt 0 view .LVU41
 163 0000 0160     		str	r1, [r0]
  56:PSOC_controller.c **** }
 164              		.loc 1 56 1 view .LVU42
 165 0002 7047     		bx	lr
 166              		.cfi_endproc
 167              	.LFE1:
 168              		.size	PSOC_controller_Init, .-PSOC_controller_Init
 169              		.text
 170              	.Letext0:
 171              		.file 2 "c:\\program files (x86)\\cypress\\psoc creator\\4.2\\psoc creator\\import\\gnu\\arm\\5.4.
 172              		.file 3 "c:\\program files (x86)\\cypress\\psoc creator\\4.2\\psoc creator\\import\\gnu\\arm\\5.4.
 173              		.file 4 "Tester.h"
 174              		.file 5 "PSOC_controller.h"
 175              		.section	.debug_info,"",%progbits
 176              	.Ldebug_info0:
 177 0000 15020000 		.4byte	0x215
 178 0004 0400     		.2byte	0x4
 179 0006 00000000 		.4byte	.Ldebug_abbrev0
 180 000a 04       		.byte	0x4
 181 000b 01       		.uleb128 0x1
 182 000c 39010000 		.4byte	.LASF19
 183 0010 0C       		.byte	0xc
 184 0011 81000000 		.4byte	.LASF20
 185 0015 14000000 		.4byte	.LASF21
 186 0019 00000000 		.4byte	.Ldebug_ranges0+0
 187 001d 00000000 		.4byte	0
 188 0021 00000000 		.4byte	.Ldebug_line0
 189 0025 02       		.uleb128 0x2
 190 0026 01       		.byte	0x1
 191 0027 06       		.byte	0x6
 192 0028 0B020000 		.4byte	.LASF0
 193 002c 03       		.uleb128 0x3
 194 002d 00000000 		.4byte	.LASF9
 195 0031 02       		.byte	0x2
 196 0032 2B       		.byte	0x2b
 197 0033 18       		.byte	0x18
 198 0034 38000000 		.4byte	0x38
 199 0038 02       		.uleb128 0x2
 200 0039 01       		.byte	0x1
 201 003a 08       		.byte	0x8
 202 003b 6E000000 		.4byte	.LASF1
 203 003f 02       		.uleb128 0x2
 204 0040 02       		.byte	0x2
 205 0041 05       		.byte	0x5
 206 0042 E2010000 		.4byte	.LASF2
 207 0046 02       		.uleb128 0x2
 208 0047 02       		.byte	0x2
 209 0048 07       		.byte	0x7
 210 0049 A5000000 		.4byte	.LASF3
 211 004d 02       		.uleb128 0x2
 212 004e 04       		.byte	0x4
 213 004f 05       		.byte	0x5
 214 0050 02020000 		.4byte	.LASF4
ARM GAS  C:\Users\jens-\AppData\Local\Temp\cctJgnrT.s 			page 6


 215 0054 02       		.uleb128 0x2
 216 0055 04       		.byte	0x4
 217 0056 07       		.byte	0x7
 218 0057 93000000 		.4byte	.LASF5
 219 005b 02       		.uleb128 0x2
 220 005c 08       		.byte	0x8
 221 005d 05       		.byte	0x5
 222 005e 16010000 		.4byte	.LASF6
 223 0062 02       		.uleb128 0x2
 224 0063 08       		.byte	0x8
 225 0064 07       		.byte	0x7
 226 0065 F7000000 		.4byte	.LASF7
 227 0069 04       		.uleb128 0x4
 228 006a 04       		.byte	0x4
 229 006b 05       		.byte	0x5
 230 006c 696E7400 		.ascii	"int\000"
 231 0070 02       		.uleb128 0x2
 232 0071 04       		.byte	0x4
 233 0072 07       		.byte	0x7
 234 0073 DA000000 		.4byte	.LASF8
 235 0077 03       		.uleb128 0x3
 236 0078 0E010000 		.4byte	.LASF10
 237 007c 03       		.byte	0x3
 238 007d 18       		.byte	0x18
 239 007e 13       		.byte	0x13
 240 007f 2C000000 		.4byte	0x2c
 241 0083 05       		.uleb128 0x5
 242 0084 CE000000 		.4byte	.LASF22
 243 0088 00       		.byte	0
 244 0089 04       		.byte	0x4
 245 008a 0A       		.byte	0xa
 246 008b 14       		.byte	0x14
 247 008c 03       		.uleb128 0x3
 248 008d 67000000 		.4byte	.LASF11
 249 0091 04       		.byte	0x4
 250 0092 0D       		.byte	0xd
 251 0093 06       		.byte	0x6
 252 0094 83000000 		.4byte	0x83
 253 0098 06       		.uleb128 0x6
 254 0099 24010000 		.4byte	.LASF23
 255 009d 04       		.byte	0x4
 256 009e 05       		.byte	0x5
 257 009f 1B       		.byte	0x1b
 258 00a0 14       		.byte	0x14
 259 00a1 B3000000 		.4byte	0xb3
 260 00a5 07       		.uleb128 0x7
 261 00a6 0A000000 		.4byte	.LASF24
 262 00aa 05       		.byte	0x5
 263 00ab 1D       		.byte	0x1d
 264 00ac 11       		.byte	0x11
 265 00ad B3000000 		.4byte	0xb3
 266 00b1 00       		.byte	0
 267 00b2 00       		.byte	0
 268 00b3 08       		.uleb128 0x8
 269 00b4 04       		.byte	0x4
 270 00b5 8C000000 		.4byte	0x8c
 271 00b9 03       		.uleb128 0x3
ARM GAS  C:\Users\jens-\AppData\Local\Temp\cctJgnrT.s 			page 7


 272 00ba E7000000 		.4byte	.LASF12
 273 00be 05       		.byte	0x5
 274 00bf 1E       		.byte	0x1e
 275 00c0 06       		.byte	0x6
 276 00c1 98000000 		.4byte	0x98
 277 00c5 09       		.uleb128 0x9
 278 00c6 B9000000 		.4byte	0xb9
 279 00ca 0A       		.uleb128 0xa
 280 00cb 52000000 		.4byte	.LASF15
 281 00cf 01       		.byte	0x1
 282 00d0 35       		.byte	0x35
 283 00d1 06       		.byte	0x6
 284 00d2 00000000 		.4byte	.LFB1
 285 00d6 04000000 		.4byte	.LFE1-.LFB1
 286 00da 01       		.uleb128 0x1
 287 00db 9C       		.byte	0x9c
 288 00dc FD000000 		.4byte	0xfd
 289 00e0 0B       		.uleb128 0xb
 290 00e1 7C000000 		.4byte	.LASF13
 291 00e5 01       		.byte	0x1
 292 00e6 35       		.byte	0x35
 293 00e7 2C       		.byte	0x2c
 294 00e8 FD000000 		.4byte	0xfd
 295 00ec 01       		.uleb128 0x1
 296 00ed 50       		.byte	0x50
 297 00ee 0B       		.uleb128 0xb
 298 00ef FA010000 		.4byte	.LASF14
 299 00f3 01       		.byte	0x1
 300 00f4 35       		.byte	0x35
 301 00f5 3A       		.byte	0x3a
 302 00f6 B3000000 		.4byte	0xb3
 303 00fa 01       		.uleb128 0x1
 304 00fb 51       		.byte	0x51
 305 00fc 00       		.byte	0
 306 00fd 08       		.uleb128 0x8
 307 00fe 04       		.byte	0x4
 308 00ff B9000000 		.4byte	0xb9
 309 0103 0A       		.uleb128 0xa
 310 0104 EC010000 		.4byte	.LASF16
 311 0108 01       		.byte	0x1
 312 0109 20       		.byte	0x20
 313 010a 06       		.byte	0x6
 314 010b 00000000 		.4byte	.LFB0
 315 010f 58000000 		.4byte	.LFE0-.LFB0
 316 0113 01       		.uleb128 0x1
 317 0114 9C       		.byte	0x9c
 318 0115 FA010000 		.4byte	0x1fa
 319 0119 0C       		.uleb128 0xc
 320 011a 7C000000 		.4byte	.LASF13
 321 011e 01       		.byte	0x1
 322 011f 20       		.byte	0x20
 323 0120 2B       		.byte	0x2b
 324 0121 FA010000 		.4byte	0x1fa
 325 0125 04000000 		.4byte	.LLST0
 326 0129 00000000 		.4byte	.LVUS0
 327 012d 0D       		.uleb128 0xd
 328 012e 6100     		.ascii	"a\000"
ARM GAS  C:\Users\jens-\AppData\Local\Temp\cctJgnrT.s 			page 8


 329 0130 01       		.byte	0x1
 330 0131 20       		.byte	0x20
 331 0132 38       		.byte	0x38
 332 0133 77000000 		.4byte	0x77
 333 0137 26000000 		.4byte	.LLST1
 334 013b 22000000 		.4byte	.LVUS1
 335 013f 0D       		.uleb128 0xd
 336 0140 6200     		.ascii	"b\000"
 337 0142 01       		.byte	0x1
 338 0143 20       		.byte	0x20
 339 0144 42       		.byte	0x42
 340 0145 77000000 		.4byte	0x77
 341 0149 4B000000 		.4byte	.LLST2
 342 014d 47000000 		.4byte	.LVUS2
 343 0151 0D       		.uleb128 0xd
 344 0152 6300     		.ascii	"c\000"
 345 0154 01       		.byte	0x1
 346 0155 20       		.byte	0x20
 347 0156 4C       		.byte	0x4c
 348 0157 77000000 		.4byte	0x77
 349 015b 70000000 		.4byte	.LLST3
 350 015f 6C000000 		.4byte	.LVUS3
 351 0163 0E       		.uleb128 0xe
 352 0164 0C000000 		.4byte	.LBB2
 353 0168 12000000 		.4byte	.LBE2-.LBB2
 354 016c 8C010000 		.4byte	0x18c
 355 0170 0F       		.uleb128 0xf
 356 0171 6900     		.ascii	"i\000"
 357 0173 01       		.byte	0x1
 358 0174 25       		.byte	0x25
 359 0175 11       		.byte	0x11
 360 0176 77000000 		.4byte	0x77
 361 017a 97000000 		.4byte	.LLST4
 362 017e 91000000 		.4byte	.LVUS4
 363 0182 10       		.uleb128 0x10
 364 0183 18000000 		.4byte	.LVL3
 365 0187 00020000 		.4byte	0x200
 366 018b 00       		.byte	0
 367 018c 0E       		.uleb128 0xe
 368 018d 24000000 		.4byte	.LBB3
 369 0191 12000000 		.4byte	.LBE3-.LBB3
 370 0195 B5010000 		.4byte	0x1b5
 371 0199 0F       		.uleb128 0xf
 372 019a 6900     		.ascii	"i\000"
 373 019c 01       		.byte	0x1
 374 019d 2A       		.byte	0x2a
 375 019e 11       		.byte	0x11
 376 019f 77000000 		.4byte	0x77
 377 01a3 C7000000 		.4byte	.LLST5
 378 01a7 C1000000 		.4byte	.LVUS5
 379 01ab 10       		.uleb128 0x10
 380 01ac 30000000 		.4byte	.LVL8
 381 01b0 00020000 		.4byte	0x200
 382 01b4 00       		.byte	0
 383 01b5 0E       		.uleb128 0xe
 384 01b6 3C000000 		.4byte	.LBB4
 385 01ba 12000000 		.4byte	.LBE4-.LBB4
ARM GAS  C:\Users\jens-\AppData\Local\Temp\cctJgnrT.s 			page 9


 386 01be DE010000 		.4byte	0x1de
 387 01c2 0F       		.uleb128 0xf
 388 01c3 6900     		.ascii	"i\000"
 389 01c5 01       		.byte	0x1
 390 01c6 2F       		.byte	0x2f
 391 01c7 11       		.byte	0x11
 392 01c8 77000000 		.4byte	0x77
 393 01cc F7000000 		.4byte	.LLST6
 394 01d0 F1000000 		.4byte	.LVUS6
 395 01d4 10       		.uleb128 0x10
 396 01d5 46000000 		.4byte	.LVL14
 397 01d9 00020000 		.4byte	0x200
 398 01dd 00       		.byte	0
 399 01de 10       		.uleb128 0x10
 400 01df 24000000 		.4byte	.LVL6
 401 01e3 0C020000 		.4byte	0x20c
 402 01e7 10       		.uleb128 0x10
 403 01e8 3C000000 		.4byte	.LVL11
 404 01ec 0C020000 		.4byte	0x20c
 405 01f0 10       		.uleb128 0x10
 406 01f1 54000000 		.4byte	.LVL17
 407 01f5 0C020000 		.4byte	0x20c
 408 01f9 00       		.byte	0
 409 01fa 08       		.uleb128 0x8
 410 01fb 04       		.byte	0x4
 411 01fc C5000000 		.4byte	0xc5
 412 0200 11       		.uleb128 0x11
 413 0201 C5000000 		.4byte	.LASF17
 414 0205 C5000000 		.4byte	.LASF17
 415 0209 04       		.byte	0x4
 416 020a 11       		.byte	0x11
 417 020b 06       		.byte	0x6
 418 020c 11       		.uleb128 0x11
 419 020d B8000000 		.4byte	.LASF18
 420 0211 B8000000 		.4byte	.LASF18
 421 0215 04       		.byte	0x4
 422 0216 12       		.byte	0x12
 423 0217 06       		.byte	0x6
 424 0218 00       		.byte	0
 425              		.section	.debug_abbrev,"",%progbits
 426              	.Ldebug_abbrev0:
 427 0000 01       		.uleb128 0x1
 428 0001 11       		.uleb128 0x11
 429 0002 01       		.byte	0x1
 430 0003 25       		.uleb128 0x25
 431 0004 0E       		.uleb128 0xe
 432 0005 13       		.uleb128 0x13
 433 0006 0B       		.uleb128 0xb
 434 0007 03       		.uleb128 0x3
 435 0008 0E       		.uleb128 0xe
 436 0009 1B       		.uleb128 0x1b
 437 000a 0E       		.uleb128 0xe
 438 000b 55       		.uleb128 0x55
 439 000c 17       		.uleb128 0x17
 440 000d 11       		.uleb128 0x11
 441 000e 01       		.uleb128 0x1
 442 000f 10       		.uleb128 0x10
ARM GAS  C:\Users\jens-\AppData\Local\Temp\cctJgnrT.s 			page 10


 443 0010 17       		.uleb128 0x17
 444 0011 00       		.byte	0
 445 0012 00       		.byte	0
 446 0013 02       		.uleb128 0x2
 447 0014 24       		.uleb128 0x24
 448 0015 00       		.byte	0
 449 0016 0B       		.uleb128 0xb
 450 0017 0B       		.uleb128 0xb
 451 0018 3E       		.uleb128 0x3e
 452 0019 0B       		.uleb128 0xb
 453 001a 03       		.uleb128 0x3
 454 001b 0E       		.uleb128 0xe
 455 001c 00       		.byte	0
 456 001d 00       		.byte	0
 457 001e 03       		.uleb128 0x3
 458 001f 16       		.uleb128 0x16
 459 0020 00       		.byte	0
 460 0021 03       		.uleb128 0x3
 461 0022 0E       		.uleb128 0xe
 462 0023 3A       		.uleb128 0x3a
 463 0024 0B       		.uleb128 0xb
 464 0025 3B       		.uleb128 0x3b
 465 0026 0B       		.uleb128 0xb
 466 0027 39       		.uleb128 0x39
 467 0028 0B       		.uleb128 0xb
 468 0029 49       		.uleb128 0x49
 469 002a 13       		.uleb128 0x13
 470 002b 00       		.byte	0
 471 002c 00       		.byte	0
 472 002d 04       		.uleb128 0x4
 473 002e 24       		.uleb128 0x24
 474 002f 00       		.byte	0
 475 0030 0B       		.uleb128 0xb
 476 0031 0B       		.uleb128 0xb
 477 0032 3E       		.uleb128 0x3e
 478 0033 0B       		.uleb128 0xb
 479 0034 03       		.uleb128 0x3
 480 0035 08       		.uleb128 0x8
 481 0036 00       		.byte	0
 482 0037 00       		.byte	0
 483 0038 05       		.uleb128 0x5
 484 0039 13       		.uleb128 0x13
 485 003a 00       		.byte	0
 486 003b 03       		.uleb128 0x3
 487 003c 0E       		.uleb128 0xe
 488 003d 0B       		.uleb128 0xb
 489 003e 0B       		.uleb128 0xb
 490 003f 3A       		.uleb128 0x3a
 491 0040 0B       		.uleb128 0xb
 492 0041 3B       		.uleb128 0x3b
 493 0042 0B       		.uleb128 0xb
 494 0043 39       		.uleb128 0x39
 495 0044 0B       		.uleb128 0xb
 496 0045 00       		.byte	0
 497 0046 00       		.byte	0
 498 0047 06       		.uleb128 0x6
 499 0048 13       		.uleb128 0x13
ARM GAS  C:\Users\jens-\AppData\Local\Temp\cctJgnrT.s 			page 11


 500 0049 01       		.byte	0x1
 501 004a 03       		.uleb128 0x3
 502 004b 0E       		.uleb128 0xe
 503 004c 0B       		.uleb128 0xb
 504 004d 0B       		.uleb128 0xb
 505 004e 3A       		.uleb128 0x3a
 506 004f 0B       		.uleb128 0xb
 507 0050 3B       		.uleb128 0x3b
 508 0051 0B       		.uleb128 0xb
 509 0052 39       		.uleb128 0x39
 510 0053 0B       		.uleb128 0xb
 511 0054 01       		.uleb128 0x1
 512 0055 13       		.uleb128 0x13
 513 0056 00       		.byte	0
 514 0057 00       		.byte	0
 515 0058 07       		.uleb128 0x7
 516 0059 0D       		.uleb128 0xd
 517 005a 00       		.byte	0
 518 005b 03       		.uleb128 0x3
 519 005c 0E       		.uleb128 0xe
 520 005d 3A       		.uleb128 0x3a
 521 005e 0B       		.uleb128 0xb
 522 005f 3B       		.uleb128 0x3b
 523 0060 0B       		.uleb128 0xb
 524 0061 39       		.uleb128 0x39
 525 0062 0B       		.uleb128 0xb
 526 0063 49       		.uleb128 0x49
 527 0064 13       		.uleb128 0x13
 528 0065 38       		.uleb128 0x38
 529 0066 0B       		.uleb128 0xb
 530 0067 00       		.byte	0
 531 0068 00       		.byte	0
 532 0069 08       		.uleb128 0x8
 533 006a 0F       		.uleb128 0xf
 534 006b 00       		.byte	0
 535 006c 0B       		.uleb128 0xb
 536 006d 0B       		.uleb128 0xb
 537 006e 49       		.uleb128 0x49
 538 006f 13       		.uleb128 0x13
 539 0070 00       		.byte	0
 540 0071 00       		.byte	0
 541 0072 09       		.uleb128 0x9
 542 0073 26       		.uleb128 0x26
 543 0074 00       		.byte	0
 544 0075 49       		.uleb128 0x49
 545 0076 13       		.uleb128 0x13
 546 0077 00       		.byte	0
 547 0078 00       		.byte	0
 548 0079 0A       		.uleb128 0xa
 549 007a 2E       		.uleb128 0x2e
 550 007b 01       		.byte	0x1
 551 007c 3F       		.uleb128 0x3f
 552 007d 19       		.uleb128 0x19
 553 007e 03       		.uleb128 0x3
 554 007f 0E       		.uleb128 0xe
 555 0080 3A       		.uleb128 0x3a
 556 0081 0B       		.uleb128 0xb
ARM GAS  C:\Users\jens-\AppData\Local\Temp\cctJgnrT.s 			page 12


 557 0082 3B       		.uleb128 0x3b
 558 0083 0B       		.uleb128 0xb
 559 0084 39       		.uleb128 0x39
 560 0085 0B       		.uleb128 0xb
 561 0086 27       		.uleb128 0x27
 562 0087 19       		.uleb128 0x19
 563 0088 11       		.uleb128 0x11
 564 0089 01       		.uleb128 0x1
 565 008a 12       		.uleb128 0x12
 566 008b 06       		.uleb128 0x6
 567 008c 40       		.uleb128 0x40
 568 008d 18       		.uleb128 0x18
 569 008e 9742     		.uleb128 0x2117
 570 0090 19       		.uleb128 0x19
 571 0091 01       		.uleb128 0x1
 572 0092 13       		.uleb128 0x13
 573 0093 00       		.byte	0
 574 0094 00       		.byte	0
 575 0095 0B       		.uleb128 0xb
 576 0096 05       		.uleb128 0x5
 577 0097 00       		.byte	0
 578 0098 03       		.uleb128 0x3
 579 0099 0E       		.uleb128 0xe
 580 009a 3A       		.uleb128 0x3a
 581 009b 0B       		.uleb128 0xb
 582 009c 3B       		.uleb128 0x3b
 583 009d 0B       		.uleb128 0xb
 584 009e 39       		.uleb128 0x39
 585 009f 0B       		.uleb128 0xb
 586 00a0 49       		.uleb128 0x49
 587 00a1 13       		.uleb128 0x13
 588 00a2 02       		.uleb128 0x2
 589 00a3 18       		.uleb128 0x18
 590 00a4 00       		.byte	0
 591 00a5 00       		.byte	0
 592 00a6 0C       		.uleb128 0xc
 593 00a7 05       		.uleb128 0x5
 594 00a8 00       		.byte	0
 595 00a9 03       		.uleb128 0x3
 596 00aa 0E       		.uleb128 0xe
 597 00ab 3A       		.uleb128 0x3a
 598 00ac 0B       		.uleb128 0xb
 599 00ad 3B       		.uleb128 0x3b
 600 00ae 0B       		.uleb128 0xb
 601 00af 39       		.uleb128 0x39
 602 00b0 0B       		.uleb128 0xb
 603 00b1 49       		.uleb128 0x49
 604 00b2 13       		.uleb128 0x13
 605 00b3 02       		.uleb128 0x2
 606 00b4 17       		.uleb128 0x17
 607 00b5 B742     		.uleb128 0x2137
 608 00b7 17       		.uleb128 0x17
 609 00b8 00       		.byte	0
 610 00b9 00       		.byte	0
 611 00ba 0D       		.uleb128 0xd
 612 00bb 05       		.uleb128 0x5
 613 00bc 00       		.byte	0
ARM GAS  C:\Users\jens-\AppData\Local\Temp\cctJgnrT.s 			page 13


 614 00bd 03       		.uleb128 0x3
 615 00be 08       		.uleb128 0x8
 616 00bf 3A       		.uleb128 0x3a
 617 00c0 0B       		.uleb128 0xb
 618 00c1 3B       		.uleb128 0x3b
 619 00c2 0B       		.uleb128 0xb
 620 00c3 39       		.uleb128 0x39
 621 00c4 0B       		.uleb128 0xb
 622 00c5 49       		.uleb128 0x49
 623 00c6 13       		.uleb128 0x13
 624 00c7 02       		.uleb128 0x2
 625 00c8 17       		.uleb128 0x17
 626 00c9 B742     		.uleb128 0x2137
 627 00cb 17       		.uleb128 0x17
 628 00cc 00       		.byte	0
 629 00cd 00       		.byte	0
 630 00ce 0E       		.uleb128 0xe
 631 00cf 0B       		.uleb128 0xb
 632 00d0 01       		.byte	0x1
 633 00d1 11       		.uleb128 0x11
 634 00d2 01       		.uleb128 0x1
 635 00d3 12       		.uleb128 0x12
 636 00d4 06       		.uleb128 0x6
 637 00d5 01       		.uleb128 0x1
 638 00d6 13       		.uleb128 0x13
 639 00d7 00       		.byte	0
 640 00d8 00       		.byte	0
 641 00d9 0F       		.uleb128 0xf
 642 00da 34       		.uleb128 0x34
 643 00db 00       		.byte	0
 644 00dc 03       		.uleb128 0x3
 645 00dd 08       		.uleb128 0x8
 646 00de 3A       		.uleb128 0x3a
 647 00df 0B       		.uleb128 0xb
 648 00e0 3B       		.uleb128 0x3b
 649 00e1 0B       		.uleb128 0xb
 650 00e2 39       		.uleb128 0x39
 651 00e3 0B       		.uleb128 0xb
 652 00e4 49       		.uleb128 0x49
 653 00e5 13       		.uleb128 0x13
 654 00e6 02       		.uleb128 0x2
 655 00e7 17       		.uleb128 0x17
 656 00e8 B742     		.uleb128 0x2137
 657 00ea 17       		.uleb128 0x17
 658 00eb 00       		.byte	0
 659 00ec 00       		.byte	0
 660 00ed 10       		.uleb128 0x10
 661 00ee 898201   		.uleb128 0x4109
 662 00f1 00       		.byte	0
 663 00f2 11       		.uleb128 0x11
 664 00f3 01       		.uleb128 0x1
 665 00f4 31       		.uleb128 0x31
 666 00f5 13       		.uleb128 0x13
 667 00f6 00       		.byte	0
 668 00f7 00       		.byte	0
 669 00f8 11       		.uleb128 0x11
 670 00f9 2E       		.uleb128 0x2e
ARM GAS  C:\Users\jens-\AppData\Local\Temp\cctJgnrT.s 			page 14


 671 00fa 00       		.byte	0
 672 00fb 3F       		.uleb128 0x3f
 673 00fc 19       		.uleb128 0x19
 674 00fd 3C       		.uleb128 0x3c
 675 00fe 19       		.uleb128 0x19
 676 00ff 6E       		.uleb128 0x6e
 677 0100 0E       		.uleb128 0xe
 678 0101 03       		.uleb128 0x3
 679 0102 0E       		.uleb128 0xe
 680 0103 3A       		.uleb128 0x3a
 681 0104 0B       		.uleb128 0xb
 682 0105 3B       		.uleb128 0x3b
 683 0106 0B       		.uleb128 0xb
 684 0107 39       		.uleb128 0x39
 685 0108 0B       		.uleb128 0xb
 686 0109 00       		.byte	0
 687 010a 00       		.byte	0
 688 010b 00       		.byte	0
 689              		.section	.debug_loc,"",%progbits
 690              	.Ldebug_loc0:
 691              	.LVUS0:
 692 0000 00       		.uleb128 0
 693 0001 00       		.uleb128 .LVU5
 694 0002 00       		.uleb128 .LVU5
 695 0003 00       		.uleb128 0
 696              	.LLST0:
 697 0004 00000000 		.4byte	.LVL0
 698 0008 0E000000 		.4byte	.LVL2
 699 000c 0100     		.2byte	0x1
 700 000e 50       		.byte	0x50
 701 000f 0E000000 		.4byte	.LVL2
 702 0013 58000000 		.4byte	.LFE0
 703 0017 0100     		.2byte	0x1
 704 0019 55       		.byte	0x55
 705 001a 00000000 		.4byte	0
 706 001e 00000000 		.4byte	0
 707              	.LVUS1:
 708 0022 00       		.uleb128 0
 709 0023 00       		.uleb128 .LVU5
 710 0024 00       		.uleb128 .LVU5
 711 0025 00       		.uleb128 0
 712              	.LLST1:
 713 0026 00000000 		.4byte	.LVL0
 714 002a 0E000000 		.4byte	.LVL2
 715 002e 0100     		.2byte	0x1
 716 0030 51       		.byte	0x51
 717 0031 0E000000 		.4byte	.LVL2
 718 0035 58000000 		.4byte	.LFE0
 719 0039 0400     		.2byte	0x4
 720 003b F3       		.byte	0xf3
 721 003c 01       		.uleb128 0x1
 722 003d 51       		.byte	0x51
 723 003e 9F       		.byte	0x9f
 724 003f 00000000 		.4byte	0
 725 0043 00000000 		.4byte	0
 726              	.LVUS2:
 727 0047 00       		.uleb128 0
ARM GAS  C:\Users\jens-\AppData\Local\Temp\cctJgnrT.s 			page 15


 728 0048 00       		.uleb128 .LVU5
 729 0049 00       		.uleb128 .LVU5
 730 004a 00       		.uleb128 0
 731              	.LLST2:
 732 004b 00000000 		.4byte	.LVL0
 733 004f 0E000000 		.4byte	.LVL2
 734 0053 0100     		.2byte	0x1
 735 0055 52       		.byte	0x52
 736 0056 0E000000 		.4byte	.LVL2
 737 005a 58000000 		.4byte	.LFE0
 738 005e 0400     		.2byte	0x4
 739 0060 F3       		.byte	0xf3
 740 0061 01       		.uleb128 0x1
 741 0062 52       		.byte	0x52
 742 0063 9F       		.byte	0x9f
 743 0064 00000000 		.4byte	0
 744 0068 00000000 		.4byte	0
 745              	.LVUS3:
 746 006c 00       		.uleb128 0
 747 006d 00       		.uleb128 .LVU5
 748 006e 00       		.uleb128 .LVU5
 749 006f 00       		.uleb128 0
 750              	.LLST3:
 751 0070 00000000 		.4byte	.LVL0
 752 0074 0E000000 		.4byte	.LVL2
 753 0078 0100     		.2byte	0x1
 754 007a 53       		.byte	0x53
 755 007b 0E000000 		.4byte	.LVL2
 756 007f 58000000 		.4byte	.LFE0
 757 0083 0400     		.2byte	0x4
 758 0085 F3       		.byte	0xf3
 759 0086 01       		.uleb128 0x1
 760 0087 53       		.byte	0x53
 761 0088 9F       		.byte	0x9f
 762 0089 00000000 		.4byte	0
 763 008d 00000000 		.4byte	0
 764              	.LVUS4:
 765 0091 02       		.uleb128 .LVU4
 766 0092 00       		.uleb128 .LVU5
 767 0093 00       		.uleb128 .LVU5
 768 0094 00       		.uleb128 .LVU10
 769 0095 00       		.uleb128 .LVU11
 770 0096 00       		.uleb128 .LVU17
 771              	.LLST4:
 772 0097 0C000000 		.4byte	.LVL1
 773 009b 0E000000 		.4byte	.LVL2
 774 009f 0200     		.2byte	0x2
 775 00a1 30       		.byte	0x30
 776 00a2 9F       		.byte	0x9f
 777 00a3 0E000000 		.4byte	.LVL2
 778 00a7 1A000000 		.4byte	.LVL4
 779 00ab 0100     		.2byte	0x1
 780 00ad 54       		.byte	0x54
 781 00ae 1C000000 		.4byte	.LVL5
 782 00b2 26000000 		.4byte	.LVL7
 783 00b6 0100     		.2byte	0x1
 784 00b8 54       		.byte	0x54
ARM GAS  C:\Users\jens-\AppData\Local\Temp\cctJgnrT.s 			page 16


 785 00b9 00000000 		.4byte	0
 786 00bd 00000000 		.4byte	0
 787              	.LVUS5:
 788 00c1 02       		.uleb128 .LVU16
 789 00c2 00       		.uleb128 .LVU17
 790 00c3 00       		.uleb128 .LVU17
 791 00c4 00       		.uleb128 .LVU22
 792 00c5 00       		.uleb128 .LVU23
 793 00c6 00       		.uleb128 .LVU29
 794              	.LLST5:
 795 00c7 24000000 		.4byte	.LVL6
 796 00cb 26000000 		.4byte	.LVL7
 797 00cf 0200     		.2byte	0x2
 798 00d1 30       		.byte	0x30
 799 00d2 9F       		.byte	0x9f
 800 00d3 26000000 		.4byte	.LVL7
 801 00d7 32000000 		.4byte	.LVL9
 802 00db 0100     		.2byte	0x1
 803 00dd 54       		.byte	0x54
 804 00de 34000000 		.4byte	.LVL10
 805 00e2 3E000000 		.4byte	.LVL12
 806 00e6 0100     		.2byte	0x1
 807 00e8 54       		.byte	0x54
 808 00e9 00000000 		.4byte	0
 809 00ed 00000000 		.4byte	0
 810              	.LVUS6:
 811 00f1 02       		.uleb128 .LVU28
 812 00f2 00       		.uleb128 .LVU30
 813 00f3 00       		.uleb128 .LVU30
 814 00f4 00       		.uleb128 .LVU33
 815 00f5 00       		.uleb128 .LVU34
 816 00f6 00       		.uleb128 0
 817              	.LLST6:
 818 00f7 3C000000 		.4byte	.LVL11
 819 00fb 40000000 		.4byte	.LVL13
 820 00ff 0200     		.2byte	0x2
 821 0101 30       		.byte	0x30
 822 0102 9F       		.byte	0x9f
 823 0103 40000000 		.4byte	.LVL13
 824 0107 48000000 		.4byte	.LVL15
 825 010b 0100     		.2byte	0x1
 826 010d 54       		.byte	0x54
 827 010e 4A000000 		.4byte	.LVL16
 828 0112 58000000 		.4byte	.LFE0
 829 0116 0100     		.2byte	0x1
 830 0118 54       		.byte	0x54
 831 0119 00000000 		.4byte	0
 832 011d 00000000 		.4byte	0
 833              		.section	.debug_aranges,"",%progbits
 834 0000 24000000 		.4byte	0x24
 835 0004 0200     		.2byte	0x2
 836 0006 00000000 		.4byte	.Ldebug_info0
 837 000a 04       		.byte	0x4
 838 000b 00       		.byte	0
 839 000c 0000     		.2byte	0
 840 000e 0000     		.2byte	0
 841 0010 00000000 		.4byte	.LFB0
ARM GAS  C:\Users\jens-\AppData\Local\Temp\cctJgnrT.s 			page 17


 842 0014 58000000 		.4byte	.LFE0-.LFB0
 843 0018 00000000 		.4byte	.LFB1
 844 001c 04000000 		.4byte	.LFE1-.LFB1
 845 0020 00000000 		.4byte	0
 846 0024 00000000 		.4byte	0
 847              		.section	.debug_ranges,"",%progbits
 848              	.Ldebug_ranges0:
 849 0000 00000000 		.4byte	.LFB0
 850 0004 58000000 		.4byte	.LFE0
 851 0008 00000000 		.4byte	.LFB1
 852 000c 04000000 		.4byte	.LFE1
 853 0010 00000000 		.4byte	0
 854 0014 00000000 		.4byte	0
 855              		.section	.debug_line,"",%progbits
 856              	.Ldebug_line0:
 857 0000 3D020000 		.section	.debug_str,"MS",%progbits,1
 857      03004601 
 857      00000201 
 857      FB0E0D00 
 857      01010101 
 858              	.LASF9:
 859 0000 5F5F7569 		.ascii	"__uint8_t\000"
 859      6E74385F 
 859      7400
 860              	.LASF24:
 861 000a 74657374 		.ascii	"testerPtr\000"
 861      65725074 
 861      7200
 862              	.LASF21:
 863 0014 433A5C55 		.ascii	"C:\\Users\\jens-\\3.Projekt\\Projekt3\\Proj3_PSOC_C"
 863      73657273 
 863      5C6A656E 
 863      732D5C33 
 863      2E50726F 
 864 0042 5C446573 		.ascii	"\\Design01.cydsn\000"
 864      69676E30 
 864      312E6379 
 864      64736E00 
 865              	.LASF15:
 866 0052 50534F43 		.ascii	"PSOC_controller_Init\000"
 866      5F636F6E 
 866      74726F6C 
 866      6C65725F 
 866      496E6974 
 867              	.LASF11:
 868 0067 54657374 		.ascii	"Tester\000"
 868      657200
 869              	.LASF1:
 870 006e 756E7369 		.ascii	"unsigned char\000"
 870      676E6564 
 870      20636861 
 870      7200
 871              	.LASF13:
 872 007c 74686973 		.ascii	"this\000"
 872      00
 873              	.LASF20:
 874 0081 50534F43 		.ascii	"PSOC_controller.c\000"
ARM GAS  C:\Users\jens-\AppData\Local\Temp\cctJgnrT.s 			page 18


 874      5F636F6E 
 874      74726F6C 
 874      6C65722E 
 874      6300
 875              	.LASF5:
 876 0093 6C6F6E67 		.ascii	"long unsigned int\000"
 876      20756E73 
 876      69676E65 
 876      6420696E 
 876      7400
 877              	.LASF3:
 878 00a5 73686F72 		.ascii	"short unsigned int\000"
 878      7420756E 
 878      7369676E 
 878      65642069 
 878      6E7400
 879              	.LASF18:
 880 00b8 46697665 		.ascii	"FiveSecDelay\000"
 880      53656344 
 880      656C6179 
 880      00
 881              	.LASF17:
 882 00c5 626C696E 		.ascii	"blinkLED\000"
 882      6B4C4544 
 882      00
 883              	.LASF22:
 884 00ce 54657374 		.ascii	"Tester_TYPE\000"
 884      65725F54 
 884      59504500 
 885              	.LASF8:
 886 00da 756E7369 		.ascii	"unsigned int\000"
 886      676E6564 
 886      20696E74 
 886      00
 887              	.LASF12:
 888 00e7 50534F43 		.ascii	"PSOC_controller\000"
 888      5F636F6E 
 888      74726F6C 
 888      6C657200 
 889              	.LASF7:
 890 00f7 6C6F6E67 		.ascii	"long long unsigned int\000"
 890      206C6F6E 
 890      6720756E 
 890      7369676E 
 890      65642069 
 891              	.LASF10:
 892 010e 75696E74 		.ascii	"uint8_t\000"
 892      385F7400 
 893              	.LASF6:
 894 0116 6C6F6E67 		.ascii	"long long int\000"
 894      206C6F6E 
 894      6720696E 
 894      7400
 895              	.LASF23:
 896 0124 50534F43 		.ascii	"PSOC_Controller_Type\000"
 896      5F436F6E 
 896      74726F6C 
ARM GAS  C:\Users\jens-\AppData\Local\Temp\cctJgnrT.s 			page 19


 896      6C65725F 
 896      54797065 
 897              	.LASF19:
 898 0139 474E5520 		.ascii	"GNU C17 9.2.1 20191025 (release) [ARM/arm-9-branch "
 898      43313720 
 898      392E322E 
 898      31203230 
 898      31393130 
 899 016c 72657669 		.ascii	"revision 277599] -mcpu=cortex-m3 -mthumb -mfloat-ab"
 899      73696F6E 
 899      20323737 
 899      3539395D 
 899      202D6D63 
 900 019f 693D736F 		.ascii	"i=soft -march=armv7-m -g -Og -ffunction-sections -f"
 900      6674202D 
 900      6D617263 
 900      683D6172 
 900      6D76372D 
 901 01d2 6661742D 		.ascii	"fat-lto-objects\000"
 901      6C746F2D 
 901      6F626A65 
 901      63747300 
 902              	.LASF2:
 903 01e2 73686F72 		.ascii	"short int\000"
 903      7420696E 
 903      7400
 904              	.LASF16:
 905 01ec 64697370 		.ascii	"dispensPiller\000"
 905      656E7350 
 905      696C6C65 
 905      7200
 906              	.LASF14:
 907 01fa 74657374 		.ascii	"testPtr\000"
 907      50747200 
 908              	.LASF4:
 909 0202 6C6F6E67 		.ascii	"long int\000"
 909      20696E74 
 909      00
 910              	.LASF0:
 911 020b 7369676E 		.ascii	"signed char\000"
 911      65642063 
 911      68617200 
 912              		.ident	"GCC: (GNU Tools for Arm Embedded Processors 9-2019-q4-major) 9.2.1 20191025 (release) [ARM
