ARM GAS  C:\Users\jens-\AppData\Local\Temp\cc4B1is6.s 			page 1


   1              		.cpu cortex-m3
   2              		.eabi_attribute 20, 1
   3              		.eabi_attribute 21, 1
   4              		.eabi_attribute 23, 3
   5              		.eabi_attribute 24, 1
   6              		.eabi_attribute 25, 1
   7              		.eabi_attribute 26, 1
   8              		.eabi_attribute 30, 1
   9              		.eabi_attribute 34, 1
  10              		.eabi_attribute 18, 4
  11              		.file	"I2C_1_MASTER.c"
  12              		.text
  13              	.Ltext0:
  14              		.cfi_sections	.debug_frame
  15              	.Letext0:
  16              		.file 1 "Generated_Source\\PSoC5\\cytypes.h"
  17              		.file 2 "c:\\program files (x86)\\cypress\\psoc creator\\4.2\\psoc creator\\import\\gnu\\arm\\5.4.
  18              		.file 3 "c:\\program files (x86)\\cypress\\psoc creator\\4.2\\psoc creator\\import\\gnu\\arm\\5.4.
  19              		.file 4 "c:\\program files (x86)\\cypress\\psoc creator\\4.2\\psoc creator\\import\\gnu\\arm\\5.4.
  20              		.file 5 "c:\\program files (x86)\\cypress\\psoc creator\\4.2\\psoc creator\\import\\gnu\\arm\\5.4.
  21              		.file 6 "c:\\program files (x86)\\cypress\\psoc creator\\4.2\\psoc creator\\import\\gnu\\arm\\5.4.
  22              		.file 7 "Generated_Source\\PSoC5\\CySpc.h"
  23              		.file 8 "Generated_Source\\PSoC5\\CyFlash.h"
  24              		.file 9 "Generated_Source\\PSoC5\\CyLib.h"
  25              		.file 10 "Generated_Source\\PSoC5\\I2C_1.h"
  26              		.file 11 "Generated_Source\\PSoC5\\I2C_1_PVT.h"
  27              		.section	.debug_info,"",%progbits
  28              	.Ldebug_info0:
  29 0000 980A0000 		.4byte	0xa98
  30 0004 0400     		.2byte	0x4
  31 0006 00000000 		.4byte	.Ldebug_abbrev0
  32 000a 04       		.byte	0x4
  33 000b 01       		.uleb128 0x1
  34 000c 55030000 		.4byte	.LASF149
  35 0010 0C       		.byte	0xc
  36 0011 55010000 		.4byte	.LASF150
  37 0015 2D000000 		.4byte	.LASF151
  38 0019 00000000 		.4byte	.Ldebug_line0
  39 001d 02       		.uleb128 0x2
  40 001e 01       		.byte	0x1
  41 001f 06       		.byte	0x6
  42 0020 43010000 		.4byte	.LASF0
  43 0024 02       		.uleb128 0x2
  44 0025 01       		.byte	0x1
  45 0026 08       		.byte	0x8
  46 0027 AF040000 		.4byte	.LASF1
  47 002b 02       		.uleb128 0x2
  48 002c 02       		.byte	0x2
  49 002d 05       		.byte	0x5
  50 002e D8040000 		.4byte	.LASF2
  51 0032 02       		.uleb128 0x2
  52 0033 02       		.byte	0x2
  53 0034 07       		.byte	0x7
  54 0035 E0020000 		.4byte	.LASF3
  55 0039 02       		.uleb128 0x2
  56 003a 04       		.byte	0x4
  57 003b 05       		.byte	0x5
ARM GAS  C:\Users\jens-\AppData\Local\Temp\cc4B1is6.s 			page 2


  58 003c BB010000 		.4byte	.LASF4
  59 0040 02       		.uleb128 0x2
  60 0041 04       		.byte	0x4
  61 0042 07       		.byte	0x7
  62 0043 C1020000 		.4byte	.LASF5
  63 0047 02       		.uleb128 0x2
  64 0048 08       		.byte	0x8
  65 0049 05       		.byte	0x5
  66 004a 35010000 		.4byte	.LASF6
  67 004e 02       		.uleb128 0x2
  68 004f 08       		.byte	0x8
  69 0050 07       		.byte	0x7
  70 0051 BB000000 		.4byte	.LASF7
  71 0055 03       		.uleb128 0x3
  72 0056 04       		.byte	0x4
  73 0057 05       		.byte	0x5
  74 0058 696E7400 		.ascii	"int\000"
  75 005c 02       		.uleb128 0x2
  76 005d 04       		.byte	0x4
  77 005e 07       		.byte	0x7
  78 005f 9D020000 		.4byte	.LASF8
  79 0063 04       		.uleb128 0x4
  80 0064 E3010000 		.4byte	.LASF9
  81 0068 01       		.byte	0x1
  82 0069 E401     		.2byte	0x1e4
  83 006b 19       		.byte	0x19
  84 006c 24000000 		.4byte	0x24
  85 0070 05       		.uleb128 0x5
  86 0071 63000000 		.4byte	0x63
  87 0075 04       		.uleb128 0x4
  88 0076 30020000 		.4byte	.LASF10
  89 007a 01       		.byte	0x1
  90 007b E601     		.2byte	0x1e6
  91 007d 19       		.byte	0x19
  92 007e 40000000 		.4byte	0x40
  93 0082 02       		.uleb128 0x2
  94 0083 04       		.byte	0x4
  95 0084 04       		.byte	0x4
  96 0085 81040000 		.4byte	.LASF11
  97 0089 02       		.uleb128 0x2
  98 008a 08       		.byte	0x8
  99 008b 04       		.byte	0x4
 100 008c E9010000 		.4byte	.LASF12
 101 0090 02       		.uleb128 0x2
 102 0091 01       		.byte	0x1
 103 0092 08       		.byte	0x8
 104 0093 C5050000 		.4byte	.LASF13
 105 0097 06       		.uleb128 0x6
 106 0098 90000000 		.4byte	0x90
 107 009c 07       		.uleb128 0x7
 108 009d 04       		.byte	0x4
 109 009e A2000000 		.4byte	0xa2
 110 00a2 08       		.uleb128 0x8
 111 00a3 02       		.uleb128 0x2
 112 00a4 08       		.byte	0x8
 113 00a5 04       		.byte	0x4
 114 00a6 29040000 		.4byte	.LASF14
ARM GAS  C:\Users\jens-\AppData\Local\Temp\cc4B1is6.s 			page 3


 115 00aa 09       		.uleb128 0x9
 116 00ab 28030000 		.4byte	.LASF15
 117 00af 02       		.byte	0x2
 118 00b0 22       		.byte	0x22
 119 00b1 19       		.byte	0x19
 120 00b2 B6000000 		.4byte	0xb6
 121 00b6 07       		.uleb128 0x7
 122 00b7 04       		.byte	0x4
 123 00b8 BC000000 		.4byte	0xbc
 124 00bc 0A       		.uleb128 0xa
 125 00bd 95050000 		.4byte	.LASF121
 126 00c1 09       		.uleb128 0x9
 127 00c2 7A040000 		.4byte	.LASF16
 128 00c6 03       		.byte	0x3
 129 00c7 2C       		.byte	0x2c
 130 00c8 0E       		.byte	0xe
 131 00c9 39000000 		.4byte	0x39
 132 00cd 09       		.uleb128 0x9
 133 00ce B6050000 		.4byte	.LASF17
 134 00d2 03       		.byte	0x3
 135 00d3 72       		.byte	0x72
 136 00d4 0E       		.byte	0xe
 137 00d5 39000000 		.4byte	0x39
 138 00d9 04       		.uleb128 0x4
 139 00da 30030000 		.4byte	.LASF18
 140 00de 04       		.byte	0x4
 141 00df 5E01     		.2byte	0x15e
 142 00e1 17       		.byte	0x17
 143 00e2 5C000000 		.4byte	0x5c
 144 00e6 0B       		.uleb128 0xb
 145 00e7 04       		.byte	0x4
 146 00e8 03       		.byte	0x3
 147 00e9 A6       		.byte	0xa6
 148 00ea 03       		.byte	0x3
 149 00eb 08010000 		.4byte	0x108
 150 00ef 0C       		.uleb128 0xc
 151 00f0 22030000 		.4byte	.LASF19
 152 00f4 03       		.byte	0x3
 153 00f5 A8       		.byte	0xa8
 154 00f6 0C       		.byte	0xc
 155 00f7 D9000000 		.4byte	0xd9
 156 00fb 0C       		.uleb128 0xc
 157 00fc AA020000 		.4byte	.LASF20
 158 0100 03       		.byte	0x3
 159 0101 A9       		.byte	0xa9
 160 0102 13       		.byte	0x13
 161 0103 08010000 		.4byte	0x108
 162 0107 00       		.byte	0
 163 0108 0D       		.uleb128 0xd
 164 0109 24000000 		.4byte	0x24
 165 010d 18010000 		.4byte	0x118
 166 0111 0E       		.uleb128 0xe
 167 0112 5C000000 		.4byte	0x5c
 168 0116 03       		.byte	0x3
 169 0117 00       		.byte	0
 170 0118 0F       		.uleb128 0xf
 171 0119 08       		.byte	0x8
ARM GAS  C:\Users\jens-\AppData\Local\Temp\cc4B1is6.s 			page 4


 172 011a 03       		.byte	0x3
 173 011b A3       		.byte	0xa3
 174 011c 09       		.byte	0x9
 175 011d 3C010000 		.4byte	0x13c
 176 0121 10       		.uleb128 0x10
 177 0122 8D050000 		.4byte	.LASF21
 178 0126 03       		.byte	0x3
 179 0127 A5       		.byte	0xa5
 180 0128 07       		.byte	0x7
 181 0129 55000000 		.4byte	0x55
 182 012d 00       		.byte	0
 183 012e 10       		.uleb128 0x10
 184 012f 9C050000 		.4byte	.LASF22
 185 0133 03       		.byte	0x3
 186 0134 AA       		.byte	0xaa
 187 0135 05       		.byte	0x5
 188 0136 E6000000 		.4byte	0xe6
 189 013a 04       		.byte	0x4
 190 013b 00       		.byte	0
 191 013c 09       		.uleb128 0x9
 192 013d 00050000 		.4byte	.LASF23
 193 0141 03       		.byte	0x3
 194 0142 AB       		.byte	0xab
 195 0143 03       		.byte	0x3
 196 0144 18010000 		.4byte	0x118
 197 0148 09       		.uleb128 0x9
 198 0149 54020000 		.4byte	.LASF24
 199 014d 03       		.byte	0x3
 200 014e AF       		.byte	0xaf
 201 014f 1B       		.byte	0x1b
 202 0150 AA000000 		.4byte	0xaa
 203 0154 11       		.uleb128 0x11
 204 0155 04       		.byte	0x4
 205 0156 07       		.uleb128 0x7
 206 0157 04       		.byte	0x4
 207 0158 90000000 		.4byte	0x90
 208 015c 09       		.uleb128 0x9
 209 015d 1C060000 		.4byte	.LASF25
 210 0161 05       		.byte	0x5
 211 0162 16       		.byte	0x16
 212 0163 19       		.byte	0x19
 213 0164 40000000 		.4byte	0x40
 214 0168 12       		.uleb128 0x12
 215 0169 65020000 		.4byte	.LASF30
 216 016d 18       		.byte	0x18
 217 016e 05       		.byte	0x5
 218 016f 2F       		.byte	0x2f
 219 0170 08       		.byte	0x8
 220 0171 C2010000 		.4byte	0x1c2
 221 0175 10       		.uleb128 0x10
 222 0176 FB050000 		.4byte	.LASF26
 223 017a 05       		.byte	0x5
 224 017b 31       		.byte	0x31
 225 017c 13       		.byte	0x13
 226 017d C2010000 		.4byte	0x1c2
 227 0181 00       		.byte	0
 228 0182 13       		.uleb128 0x13
ARM GAS  C:\Users\jens-\AppData\Local\Temp\cc4B1is6.s 			page 5


 229 0183 5F6B00   		.ascii	"_k\000"
 230 0186 05       		.byte	0x5
 231 0187 32       		.byte	0x32
 232 0188 07       		.byte	0x7
 233 0189 55000000 		.4byte	0x55
 234 018d 04       		.byte	0x4
 235 018e 10       		.uleb128 0x10
 236 018f 69050000 		.4byte	.LASF27
 237 0193 05       		.byte	0x5
 238 0194 32       		.byte	0x32
 239 0195 0B       		.byte	0xb
 240 0196 55000000 		.4byte	0x55
 241 019a 08       		.byte	0x8
 242 019b 10       		.uleb128 0x10
 243 019c 3C020000 		.4byte	.LASF28
 244 01a0 05       		.byte	0x5
 245 01a1 32       		.byte	0x32
 246 01a2 14       		.byte	0x14
 247 01a3 55000000 		.4byte	0x55
 248 01a7 0C       		.byte	0xc
 249 01a8 10       		.uleb128 0x10
 250 01a9 6F060000 		.4byte	.LASF29
 251 01ad 05       		.byte	0x5
 252 01ae 32       		.byte	0x32
 253 01af 1B       		.byte	0x1b
 254 01b0 55000000 		.4byte	0x55
 255 01b4 10       		.byte	0x10
 256 01b5 13       		.uleb128 0x13
 257 01b6 5F7800   		.ascii	"_x\000"
 258 01b9 05       		.byte	0x5
 259 01ba 33       		.byte	0x33
 260 01bb 0B       		.byte	0xb
 261 01bc C8010000 		.4byte	0x1c8
 262 01c0 14       		.byte	0x14
 263 01c1 00       		.byte	0
 264 01c2 07       		.uleb128 0x7
 265 01c3 04       		.byte	0x4
 266 01c4 68010000 		.4byte	0x168
 267 01c8 0D       		.uleb128 0xd
 268 01c9 5C010000 		.4byte	0x15c
 269 01cd D8010000 		.4byte	0x1d8
 270 01d1 0E       		.uleb128 0xe
 271 01d2 5C000000 		.4byte	0x5c
 272 01d6 00       		.byte	0
 273 01d7 00       		.byte	0
 274 01d8 12       		.uleb128 0x12
 275 01d9 98020000 		.4byte	.LASF31
 276 01dd 24       		.byte	0x24
 277 01de 05       		.byte	0x5
 278 01df 37       		.byte	0x37
 279 01e0 08       		.byte	0x8
 280 01e1 5B020000 		.4byte	0x25b
 281 01e5 10       		.uleb128 0x10
 282 01e6 2C010000 		.4byte	.LASF32
 283 01ea 05       		.byte	0x5
 284 01eb 39       		.byte	0x39
 285 01ec 09       		.byte	0x9
ARM GAS  C:\Users\jens-\AppData\Local\Temp\cc4B1is6.s 			page 6


 286 01ed 55000000 		.4byte	0x55
 287 01f1 00       		.byte	0
 288 01f2 10       		.uleb128 0x10
 289 01f3 CA050000 		.4byte	.LASF33
 290 01f7 05       		.byte	0x5
 291 01f8 3A       		.byte	0x3a
 292 01f9 09       		.byte	0x9
 293 01fa 55000000 		.4byte	0x55
 294 01fe 04       		.byte	0x4
 295 01ff 10       		.uleb128 0x10
 296 0200 7B010000 		.4byte	.LASF34
 297 0204 05       		.byte	0x5
 298 0205 3B       		.byte	0x3b
 299 0206 09       		.byte	0x9
 300 0207 55000000 		.4byte	0x55
 301 020b 08       		.byte	0x8
 302 020c 10       		.uleb128 0x10
 303 020d F4060000 		.4byte	.LASF35
 304 0211 05       		.byte	0x5
 305 0212 3C       		.byte	0x3c
 306 0213 09       		.byte	0x9
 307 0214 55000000 		.4byte	0x55
 308 0218 0C       		.byte	0xc
 309 0219 10       		.uleb128 0x10
 310 021a 50040000 		.4byte	.LASF36
 311 021e 05       		.byte	0x5
 312 021f 3D       		.byte	0x3d
 313 0220 09       		.byte	0x9
 314 0221 55000000 		.4byte	0x55
 315 0225 10       		.byte	0x10
 316 0226 10       		.uleb128 0x10
 317 0227 05040000 		.4byte	.LASF37
 318 022b 05       		.byte	0x5
 319 022c 3E       		.byte	0x3e
 320 022d 09       		.byte	0x9
 321 022e 55000000 		.4byte	0x55
 322 0232 14       		.byte	0x14
 323 0233 10       		.uleb128 0x10
 324 0234 74060000 		.4byte	.LASF38
 325 0238 05       		.byte	0x5
 326 0239 3F       		.byte	0x3f
 327 023a 09       		.byte	0x9
 328 023b 55000000 		.4byte	0x55
 329 023f 18       		.byte	0x18
 330 0240 10       		.uleb128 0x10
 331 0241 E2040000 		.4byte	.LASF39
 332 0245 05       		.byte	0x5
 333 0246 40       		.byte	0x40
 334 0247 09       		.byte	0x9
 335 0248 55000000 		.4byte	0x55
 336 024c 1C       		.byte	0x1c
 337 024d 10       		.uleb128 0x10
 338 024e AC060000 		.4byte	.LASF40
 339 0252 05       		.byte	0x5
 340 0253 41       		.byte	0x41
 341 0254 09       		.byte	0x9
 342 0255 55000000 		.4byte	0x55
ARM GAS  C:\Users\jens-\AppData\Local\Temp\cc4B1is6.s 			page 7


 343 0259 20       		.byte	0x20
 344 025a 00       		.byte	0
 345 025b 14       		.uleb128 0x14
 346 025c 8A010000 		.4byte	.LASF41
 347 0260 0801     		.2byte	0x108
 348 0262 05       		.byte	0x5
 349 0263 4A       		.byte	0x4a
 350 0264 08       		.byte	0x8
 351 0265 A0020000 		.4byte	0x2a0
 352 0269 10       		.uleb128 0x10
 353 026a 12000000 		.4byte	.LASF42
 354 026e 05       		.byte	0x5
 355 026f 4B       		.byte	0x4b
 356 0270 0A       		.byte	0xa
 357 0271 A0020000 		.4byte	0x2a0
 358 0275 00       		.byte	0
 359 0276 10       		.uleb128 0x10
 360 0277 00000000 		.4byte	.LASF43
 361 027b 05       		.byte	0x5
 362 027c 4C       		.byte	0x4c
 363 027d 09       		.byte	0x9
 364 027e A0020000 		.4byte	0x2a0
 365 0282 80       		.byte	0x80
 366 0283 15       		.uleb128 0x15
 367 0284 0E060000 		.4byte	.LASF44
 368 0288 05       		.byte	0x5
 369 0289 4E       		.byte	0x4e
 370 028a 0A       		.byte	0xa
 371 028b 5C010000 		.4byte	0x15c
 372 028f 0001     		.2byte	0x100
 373 0291 15       		.uleb128 0x15
 374 0292 CB010000 		.4byte	.LASF45
 375 0296 05       		.byte	0x5
 376 0297 51       		.byte	0x51
 377 0298 0A       		.byte	0xa
 378 0299 5C010000 		.4byte	0x15c
 379 029d 0401     		.2byte	0x104
 380 029f 00       		.byte	0
 381 02a0 0D       		.uleb128 0xd
 382 02a1 54010000 		.4byte	0x154
 383 02a5 B0020000 		.4byte	0x2b0
 384 02a9 0E       		.uleb128 0xe
 385 02aa 5C000000 		.4byte	0x5c
 386 02ae 1F       		.byte	0x1f
 387 02af 00       		.byte	0
 388 02b0 14       		.uleb128 0x14
 389 02b1 67040000 		.4byte	.LASF46
 390 02b5 9001     		.2byte	0x190
 391 02b7 05       		.byte	0x5
 392 02b8 5D       		.byte	0x5d
 393 02b9 08       		.byte	0x8
 394 02ba F3020000 		.4byte	0x2f3
 395 02be 10       		.uleb128 0x10
 396 02bf FB050000 		.4byte	.LASF26
 397 02c3 05       		.byte	0x5
 398 02c4 5E       		.byte	0x5e
 399 02c5 12       		.byte	0x12
ARM GAS  C:\Users\jens-\AppData\Local\Temp\cc4B1is6.s 			page 8


 400 02c6 F3020000 		.4byte	0x2f3
 401 02ca 00       		.byte	0
 402 02cb 10       		.uleb128 0x10
 403 02cc 39050000 		.4byte	.LASF47
 404 02d0 05       		.byte	0x5
 405 02d1 5F       		.byte	0x5f
 406 02d2 06       		.byte	0x6
 407 02d3 55000000 		.4byte	0x55
 408 02d7 04       		.byte	0x4
 409 02d8 10       		.uleb128 0x10
 410 02d9 37020000 		.4byte	.LASF48
 411 02dd 05       		.byte	0x5
 412 02de 61       		.byte	0x61
 413 02df 09       		.byte	0x9
 414 02e0 F9020000 		.4byte	0x2f9
 415 02e4 08       		.byte	0x8
 416 02e5 10       		.uleb128 0x10
 417 02e6 8A010000 		.4byte	.LASF41
 418 02ea 05       		.byte	0x5
 419 02eb 62       		.byte	0x62
 420 02ec 1E       		.byte	0x1e
 421 02ed 5B020000 		.4byte	0x25b
 422 02f1 88       		.byte	0x88
 423 02f2 00       		.byte	0
 424 02f3 07       		.uleb128 0x7
 425 02f4 04       		.byte	0x4
 426 02f5 B0020000 		.4byte	0x2b0
 427 02f9 0D       		.uleb128 0xd
 428 02fa 9C000000 		.4byte	0x9c
 429 02fe 09030000 		.4byte	0x309
 430 0302 0E       		.uleb128 0xe
 431 0303 5C000000 		.4byte	0x5c
 432 0307 1F       		.byte	0x1f
 433 0308 00       		.byte	0
 434 0309 12       		.uleb128 0x12
 435 030a EC040000 		.4byte	.LASF49
 436 030e 08       		.byte	0x8
 437 030f 05       		.byte	0x5
 438 0310 75       		.byte	0x75
 439 0311 08       		.byte	0x8
 440 0312 31030000 		.4byte	0x331
 441 0316 10       		.uleb128 0x10
 442 0317 84060000 		.4byte	.LASF50
 443 031b 05       		.byte	0x5
 444 031c 76       		.byte	0x76
 445 031d 11       		.byte	0x11
 446 031e 31030000 		.4byte	0x331
 447 0322 00       		.byte	0
 448 0323 10       		.uleb128 0x10
 449 0324 0C000000 		.4byte	.LASF51
 450 0328 05       		.byte	0x5
 451 0329 77       		.byte	0x77
 452 032a 06       		.byte	0x6
 453 032b 55000000 		.4byte	0x55
 454 032f 04       		.byte	0x4
 455 0330 00       		.byte	0
 456 0331 07       		.uleb128 0x7
ARM GAS  C:\Users\jens-\AppData\Local\Temp\cc4B1is6.s 			page 9


 457 0332 04       		.byte	0x4
 458 0333 24000000 		.4byte	0x24
 459 0337 12       		.uleb128 0x12
 460 0338 0B050000 		.4byte	.LASF52
 461 033c 68       		.byte	0x68
 462 033d 05       		.byte	0x5
 463 033e B5       		.byte	0xb5
 464 033f 08       		.byte	0x8
 465 0340 7A040000 		.4byte	0x47a
 466 0344 13       		.uleb128 0x13
 467 0345 5F7000   		.ascii	"_p\000"
 468 0348 05       		.byte	0x5
 469 0349 B6       		.byte	0xb6
 470 034a 12       		.byte	0x12
 471 034b 31030000 		.4byte	0x331
 472 034f 00       		.byte	0
 473 0350 13       		.uleb128 0x13
 474 0351 5F7200   		.ascii	"_r\000"
 475 0354 05       		.byte	0x5
 476 0355 B7       		.byte	0xb7
 477 0356 07       		.byte	0x7
 478 0357 55000000 		.4byte	0x55
 479 035b 04       		.byte	0x4
 480 035c 13       		.uleb128 0x13
 481 035d 5F7700   		.ascii	"_w\000"
 482 0360 05       		.byte	0x5
 483 0361 B8       		.byte	0xb8
 484 0362 07       		.byte	0x7
 485 0363 55000000 		.4byte	0x55
 486 0367 08       		.byte	0x8
 487 0368 10       		.uleb128 0x10
 488 0369 C4010000 		.4byte	.LASF53
 489 036d 05       		.byte	0x5
 490 036e B9       		.byte	0xb9
 491 036f 09       		.byte	0x9
 492 0370 2B000000 		.4byte	0x2b
 493 0374 0C       		.byte	0xc
 494 0375 10       		.uleb128 0x10
 495 0376 D3020000 		.4byte	.LASF54
 496 037a 05       		.byte	0x5
 497 037b BA       		.byte	0xba
 498 037c 09       		.byte	0x9
 499 037d 2B000000 		.4byte	0x2b
 500 0381 0E       		.byte	0xe
 501 0382 13       		.uleb128 0x13
 502 0383 5F626600 		.ascii	"_bf\000"
 503 0387 05       		.byte	0x5
 504 0388 BB       		.byte	0xbb
 505 0389 11       		.byte	0x11
 506 038a 09030000 		.4byte	0x309
 507 038e 10       		.byte	0x10
 508 038f 10       		.uleb128 0x10
 509 0390 D2000000 		.4byte	.LASF55
 510 0394 05       		.byte	0x5
 511 0395 BC       		.byte	0xbc
 512 0396 07       		.byte	0x7
 513 0397 55000000 		.4byte	0x55
ARM GAS  C:\Users\jens-\AppData\Local\Temp\cc4B1is6.s 			page 10


 514 039b 18       		.byte	0x18
 515 039c 10       		.uleb128 0x10
 516 039d AB010000 		.4byte	.LASF56
 517 03a1 05       		.byte	0x5
 518 03a2 C3       		.byte	0xc3
 519 03a3 0A       		.byte	0xa
 520 03a4 54010000 		.4byte	0x154
 521 03a8 1C       		.byte	0x1c
 522 03a9 10       		.uleb128 0x10
 523 03aa 88020000 		.4byte	.LASF57
 524 03ae 05       		.byte	0x5
 525 03af C5       		.byte	0xc5
 526 03b0 1D       		.byte	0x1d
 527 03b1 EC050000 		.4byte	0x5ec
 528 03b5 20       		.byte	0x20
 529 03b6 10       		.uleb128 0x10
 530 03b7 FE030000 		.4byte	.LASF58
 531 03bb 05       		.byte	0x5
 532 03bc C7       		.byte	0xc7
 533 03bd 1D       		.byte	0x1d
 534 03be 16060000 		.4byte	0x616
 535 03c2 24       		.byte	0x24
 536 03c3 10       		.uleb128 0x10
 537 03c4 A4050000 		.4byte	.LASF59
 538 03c8 05       		.byte	0x5
 539 03c9 CA       		.byte	0xca
 540 03ca 0D       		.byte	0xd
 541 03cb 3A060000 		.4byte	0x63a
 542 03cf 28       		.byte	0x28
 543 03d0 10       		.uleb128 0x10
 544 03d1 C6060000 		.4byte	.LASF60
 545 03d5 05       		.byte	0x5
 546 03d6 CB       		.byte	0xcb
 547 03d7 09       		.byte	0x9
 548 03d8 54060000 		.4byte	0x654
 549 03dc 2C       		.byte	0x2c
 550 03dd 13       		.uleb128 0x13
 551 03de 5F756200 		.ascii	"_ub\000"
 552 03e2 05       		.byte	0x5
 553 03e3 CE       		.byte	0xce
 554 03e4 11       		.byte	0x11
 555 03e5 09030000 		.4byte	0x309
 556 03e9 30       		.byte	0x30
 557 03ea 13       		.uleb128 0x13
 558 03eb 5F757000 		.ascii	"_up\000"
 559 03ef 05       		.byte	0x5
 560 03f0 CF       		.byte	0xcf
 561 03f1 12       		.byte	0x12
 562 03f2 31030000 		.4byte	0x331
 563 03f6 38       		.byte	0x38
 564 03f7 13       		.uleb128 0x13
 565 03f8 5F757200 		.ascii	"_ur\000"
 566 03fc 05       		.byte	0x5
 567 03fd D0       		.byte	0xd0
 568 03fe 07       		.byte	0x7
 569 03ff 55000000 		.4byte	0x55
 570 0403 3C       		.byte	0x3c
ARM GAS  C:\Users\jens-\AppData\Local\Temp\cc4B1is6.s 			page 11


 571 0404 10       		.uleb128 0x10
 572 0405 4F010000 		.4byte	.LASF61
 573 0409 05       		.byte	0x5
 574 040a D3       		.byte	0xd3
 575 040b 11       		.byte	0x11
 576 040c 5A060000 		.4byte	0x65a
 577 0410 40       		.byte	0x40
 578 0411 10       		.uleb128 0x10
 579 0412 9E060000 		.4byte	.LASF62
 580 0416 05       		.byte	0x5
 581 0417 D4       		.byte	0xd4
 582 0418 11       		.byte	0x11
 583 0419 6A060000 		.4byte	0x66a
 584 041d 43       		.byte	0x43
 585 041e 13       		.uleb128 0x13
 586 041f 5F6C6200 		.ascii	"_lb\000"
 587 0423 05       		.byte	0x5
 588 0424 D7       		.byte	0xd7
 589 0425 11       		.byte	0x11
 590 0426 09030000 		.4byte	0x309
 591 042a 44       		.byte	0x44
 592 042b 10       		.uleb128 0x10
 593 042c DA010000 		.4byte	.LASF63
 594 0430 05       		.byte	0x5
 595 0431 DA       		.byte	0xda
 596 0432 07       		.byte	0x7
 597 0433 55000000 		.4byte	0x55
 598 0437 4C       		.byte	0x4c
 599 0438 10       		.uleb128 0x10
 600 0439 09020000 		.4byte	.LASF64
 601 043d 05       		.byte	0x5
 602 043e DB       		.byte	0xdb
 603 043f 0A       		.byte	0xa
 604 0440 C1000000 		.4byte	0xc1
 605 0444 50       		.byte	0x50
 606 0445 10       		.uleb128 0x10
 607 0446 82000000 		.4byte	.LASF65
 608 044a 05       		.byte	0x5
 609 044b DE       		.byte	0xde
 610 044c 12       		.byte	0x12
 611 044d 98040000 		.4byte	0x498
 612 0451 54       		.byte	0x54
 613 0452 10       		.uleb128 0x10
 614 0453 47030000 		.4byte	.LASF66
 615 0457 05       		.byte	0x5
 616 0458 E2       		.byte	0xe2
 617 0459 0C       		.byte	0xc
 618 045a 48010000 		.4byte	0x148
 619 045e 58       		.byte	0x58
 620 045f 10       		.uleb128 0x10
 621 0460 13050000 		.4byte	.LASF67
 622 0464 05       		.byte	0x5
 623 0465 E4       		.byte	0xe4
 624 0466 0E       		.byte	0xe
 625 0467 3C010000 		.4byte	0x13c
 626 046b 5C       		.byte	0x5c
 627 046c 10       		.uleb128 0x10
ARM GAS  C:\Users\jens-\AppData\Local\Temp\cc4B1is6.s 			page 12


 628 046d 4D030000 		.4byte	.LASF68
 629 0471 05       		.byte	0x5
 630 0472 E5       		.byte	0xe5
 631 0473 09       		.byte	0x9
 632 0474 55000000 		.4byte	0x55
 633 0478 64       		.byte	0x64
 634 0479 00       		.byte	0
 635 047a 16       		.uleb128 0x16
 636 047b 55000000 		.4byte	0x55
 637 047f 98040000 		.4byte	0x498
 638 0483 17       		.uleb128 0x17
 639 0484 98040000 		.4byte	0x498
 640 0488 17       		.uleb128 0x17
 641 0489 54010000 		.4byte	0x154
 642 048d 17       		.uleb128 0x17
 643 048e 56010000 		.4byte	0x156
 644 0492 17       		.uleb128 0x17
 645 0493 55000000 		.4byte	0x55
 646 0497 00       		.byte	0
 647 0498 07       		.uleb128 0x7
 648 0499 04       		.byte	0x4
 649 049a A3040000 		.4byte	0x4a3
 650 049e 06       		.uleb128 0x6
 651 049f 98040000 		.4byte	0x498
 652 04a3 18       		.uleb128 0x18
 653 04a4 71050000 		.4byte	.LASF69
 654 04a8 2804     		.2byte	0x428
 655 04aa 05       		.byte	0x5
 656 04ab 6002     		.2byte	0x260
 657 04ad 08       		.byte	0x8
 658 04ae EC050000 		.4byte	0x5ec
 659 04b2 19       		.uleb128 0x19
 660 04b3 BE050000 		.4byte	.LASF70
 661 04b7 05       		.byte	0x5
 662 04b8 6202     		.2byte	0x262
 663 04ba 07       		.byte	0x7
 664 04bb 55000000 		.4byte	0x55
 665 04bf 00       		.byte	0
 666 04c0 19       		.uleb128 0x19
 667 04c1 D3010000 		.4byte	.LASF71
 668 04c5 05       		.byte	0x5
 669 04c6 6702     		.2byte	0x267
 670 04c8 0B       		.byte	0xb
 671 04c9 C6060000 		.4byte	0x6c6
 672 04cd 04       		.byte	0x4
 673 04ce 19       		.uleb128 0x19
 674 04cf B1020000 		.4byte	.LASF72
 675 04d3 05       		.byte	0x5
 676 04d4 6702     		.2byte	0x267
 677 04d6 14       		.byte	0x14
 678 04d7 C6060000 		.4byte	0x6c6
 679 04db 08       		.byte	0x8
 680 04dc 19       		.uleb128 0x19
 681 04dd 5D020000 		.4byte	.LASF73
 682 04e1 05       		.byte	0x5
 683 04e2 6702     		.2byte	0x267
 684 04e4 1E       		.byte	0x1e
ARM GAS  C:\Users\jens-\AppData\Local\Temp\cc4B1is6.s 			page 13


 685 04e5 C6060000 		.4byte	0x6c6
 686 04e9 0C       		.byte	0xc
 687 04ea 19       		.uleb128 0x19
 688 04eb 34050000 		.4byte	.LASF74
 689 04ef 05       		.byte	0x5
 690 04f0 6902     		.2byte	0x269
 691 04f2 08       		.byte	0x8
 692 04f3 55000000 		.4byte	0x55
 693 04f7 10       		.byte	0x10
 694 04f8 19       		.uleb128 0x19
 695 04f9 22000000 		.4byte	.LASF75
 696 04fd 05       		.byte	0x5
 697 04fe 6A02     		.2byte	0x26a
 698 0500 08       		.byte	0x8
 699 0501 C6080000 		.4byte	0x8c6
 700 0505 14       		.byte	0x14
 701 0506 19       		.uleb128 0x19
 702 0507 50050000 		.4byte	.LASF76
 703 050b 05       		.byte	0x5
 704 050c 6D02     		.2byte	0x26d
 705 050e 07       		.byte	0x7
 706 050f 55000000 		.4byte	0x55
 707 0513 30       		.byte	0x30
 708 0514 19       		.uleb128 0x19
 709 0515 3E050000 		.4byte	.LASF77
 710 0519 05       		.byte	0x5
 711 051a 6E02     		.2byte	0x26e
 712 051c 16       		.byte	0x16
 713 051d DB080000 		.4byte	0x8db
 714 0521 34       		.byte	0x34
 715 0522 19       		.uleb128 0x19
 716 0523 6F040000 		.4byte	.LASF78
 717 0527 05       		.byte	0x5
 718 0528 7002     		.2byte	0x270
 719 052a 07       		.byte	0x7
 720 052b 55000000 		.4byte	0x55
 721 052f 38       		.byte	0x38
 722 0530 19       		.uleb128 0x19
 723 0531 46050000 		.4byte	.LASF79
 724 0535 05       		.byte	0x5
 725 0536 7202     		.2byte	0x272
 726 0538 0A       		.byte	0xa
 727 0539 EC080000 		.4byte	0x8ec
 728 053d 3C       		.byte	0x3c
 729 053e 19       		.uleb128 0x19
 730 053f 1A030000 		.4byte	.LASF80
 731 0543 05       		.byte	0x5
 732 0544 7502     		.2byte	0x275
 733 0546 13       		.byte	0x13
 734 0547 C2010000 		.4byte	0x1c2
 735 054b 40       		.byte	0x40
 736 054c 19       		.uleb128 0x19
 737 054d 8E020000 		.4byte	.LASF81
 738 0551 05       		.byte	0x5
 739 0552 7602     		.2byte	0x276
 740 0554 07       		.byte	0x7
 741 0555 55000000 		.4byte	0x55
ARM GAS  C:\Users\jens-\AppData\Local\Temp\cc4B1is6.s 			page 14


 742 0559 44       		.byte	0x44
 743 055a 19       		.uleb128 0x19
 744 055b E0060000 		.4byte	.LASF82
 745 055f 05       		.byte	0x5
 746 0560 7702     		.2byte	0x277
 747 0562 13       		.byte	0x13
 748 0563 C2010000 		.4byte	0x1c2
 749 0567 48       		.byte	0x48
 750 0568 19       		.uleb128 0x19
 751 0569 87040000 		.4byte	.LASF83
 752 056d 05       		.byte	0x5
 753 056e 7802     		.2byte	0x278
 754 0570 14       		.byte	0x14
 755 0571 F2080000 		.4byte	0x8f2
 756 0575 4C       		.byte	0x4c
 757 0576 19       		.uleb128 0x19
 758 0577 B9020000 		.4byte	.LASF84
 759 057b 05       		.byte	0x5
 760 057c 7B02     		.2byte	0x27b
 761 057e 07       		.byte	0x7
 762 057f 55000000 		.4byte	0x55
 763 0583 50       		.byte	0x50
 764 0584 19       		.uleb128 0x19
 765 0585 01020000 		.4byte	.LASF85
 766 0589 05       		.byte	0x5
 767 058a 7C02     		.2byte	0x27c
 768 058c 09       		.byte	0x9
 769 058d 56010000 		.4byte	0x156
 770 0591 54       		.byte	0x54
 771 0592 19       		.uleb128 0x19
 772 0593 BD040000 		.4byte	.LASF86
 773 0597 05       		.byte	0x5
 774 0598 9F02     		.2byte	0x29f
 775 059a 07       		.byte	0x7
 776 059b A1080000 		.4byte	0x8a1
 777 059f 58       		.byte	0x58
 778 05a0 1A       		.uleb128 0x1a
 779 05a1 67040000 		.4byte	.LASF46
 780 05a5 05       		.byte	0x5
 781 05a6 A302     		.2byte	0x2a3
 782 05a8 13       		.byte	0x13
 783 05a9 F3020000 		.4byte	0x2f3
 784 05ad 4801     		.2byte	0x148
 785 05af 1A       		.uleb128 0x1a
 786 05b0 F3020000 		.4byte	.LASF87
 787 05b4 05       		.byte	0x5
 788 05b5 A402     		.2byte	0x2a4
 789 05b7 12       		.byte	0x12
 790 05b8 B0020000 		.4byte	0x2b0
 791 05bc 4C01     		.2byte	0x14c
 792 05be 1A       		.uleb128 0x1a
 793 05bf 94060000 		.4byte	.LASF88
 794 05c3 05       		.byte	0x5
 795 05c4 A802     		.2byte	0x2a8
 796 05c6 0C       		.byte	0xc
 797 05c7 03090000 		.4byte	0x903
 798 05cb DC02     		.2byte	0x2dc
ARM GAS  C:\Users\jens-\AppData\Local\Temp\cc4B1is6.s 			page 15


 799 05cd 1A       		.uleb128 0x1a
 800 05ce B3010000 		.4byte	.LASF89
 801 05d2 05       		.byte	0x5
 802 05d3 AD02     		.2byte	0x2ad
 803 05d5 10       		.byte	0x10
 804 05d6 87060000 		.4byte	0x687
 805 05da E002     		.2byte	0x2e0
 806 05dc 1A       		.uleb128 0x1a
 807 05dd 85010000 		.4byte	.LASF90
 808 05e1 05       		.byte	0x5
 809 05e2 AF02     		.2byte	0x2af
 810 05e4 0A       		.byte	0xa
 811 05e5 0F090000 		.4byte	0x90f
 812 05e9 EC02     		.2byte	0x2ec
 813 05eb 00       		.byte	0
 814 05ec 07       		.uleb128 0x7
 815 05ed 04       		.byte	0x4
 816 05ee 7A040000 		.4byte	0x47a
 817 05f2 16       		.uleb128 0x16
 818 05f3 55000000 		.4byte	0x55
 819 05f7 10060000 		.4byte	0x610
 820 05fb 17       		.uleb128 0x17
 821 05fc 98040000 		.4byte	0x498
 822 0600 17       		.uleb128 0x17
 823 0601 54010000 		.4byte	0x154
 824 0605 17       		.uleb128 0x17
 825 0606 10060000 		.4byte	0x610
 826 060a 17       		.uleb128 0x17
 827 060b 55000000 		.4byte	0x55
 828 060f 00       		.byte	0
 829 0610 07       		.uleb128 0x7
 830 0611 04       		.byte	0x4
 831 0612 97000000 		.4byte	0x97
 832 0616 07       		.uleb128 0x7
 833 0617 04       		.byte	0x4
 834 0618 F2050000 		.4byte	0x5f2
 835 061c 16       		.uleb128 0x16
 836 061d CD000000 		.4byte	0xcd
 837 0621 3A060000 		.4byte	0x63a
 838 0625 17       		.uleb128 0x17
 839 0626 98040000 		.4byte	0x498
 840 062a 17       		.uleb128 0x17
 841 062b 54010000 		.4byte	0x154
 842 062f 17       		.uleb128 0x17
 843 0630 CD000000 		.4byte	0xcd
 844 0634 17       		.uleb128 0x17
 845 0635 55000000 		.4byte	0x55
 846 0639 00       		.byte	0
 847 063a 07       		.uleb128 0x7
 848 063b 04       		.byte	0x4
 849 063c 1C060000 		.4byte	0x61c
 850 0640 16       		.uleb128 0x16
 851 0641 55000000 		.4byte	0x55
 852 0645 54060000 		.4byte	0x654
 853 0649 17       		.uleb128 0x17
 854 064a 98040000 		.4byte	0x498
 855 064e 17       		.uleb128 0x17
ARM GAS  C:\Users\jens-\AppData\Local\Temp\cc4B1is6.s 			page 16


 856 064f 54010000 		.4byte	0x154
 857 0653 00       		.byte	0
 858 0654 07       		.uleb128 0x7
 859 0655 04       		.byte	0x4
 860 0656 40060000 		.4byte	0x640
 861 065a 0D       		.uleb128 0xd
 862 065b 24000000 		.4byte	0x24
 863 065f 6A060000 		.4byte	0x66a
 864 0663 0E       		.uleb128 0xe
 865 0664 5C000000 		.4byte	0x5c
 866 0668 02       		.byte	0x2
 867 0669 00       		.byte	0
 868 066a 0D       		.uleb128 0xd
 869 066b 24000000 		.4byte	0x24
 870 066f 7A060000 		.4byte	0x67a
 871 0673 0E       		.uleb128 0xe
 872 0674 5C000000 		.4byte	0x5c
 873 0678 00       		.byte	0
 874 0679 00       		.byte	0
 875 067a 04       		.uleb128 0x4
 876 067b F9040000 		.4byte	.LASF91
 877 067f 05       		.byte	0x5
 878 0680 1F01     		.2byte	0x11f
 879 0682 1A       		.byte	0x1a
 880 0683 37030000 		.4byte	0x337
 881 0687 1B       		.uleb128 0x1b
 882 0688 7E060000 		.4byte	.LASF92
 883 068c 0C       		.byte	0xc
 884 068d 05       		.byte	0x5
 885 068e 2301     		.2byte	0x123
 886 0690 08       		.byte	0x8
 887 0691 C0060000 		.4byte	0x6c0
 888 0695 19       		.uleb128 0x19
 889 0696 FB050000 		.4byte	.LASF26
 890 069a 05       		.byte	0x5
 891 069b 2501     		.2byte	0x125
 892 069d 11       		.byte	0x11
 893 069e C0060000 		.4byte	0x6c0
 894 06a2 00       		.byte	0
 895 06a3 19       		.uleb128 0x19
 896 06a4 D9020000 		.4byte	.LASF93
 897 06a8 05       		.byte	0x5
 898 06a9 2601     		.2byte	0x126
 899 06ab 07       		.byte	0x7
 900 06ac 55000000 		.4byte	0x55
 901 06b0 04       		.byte	0x4
 902 06b1 19       		.uleb128 0x19
 903 06b2 F3040000 		.4byte	.LASF94
 904 06b6 05       		.byte	0x5
 905 06b7 2701     		.2byte	0x127
 906 06b9 0B       		.byte	0xb
 907 06ba C6060000 		.4byte	0x6c6
 908 06be 08       		.byte	0x8
 909 06bf 00       		.byte	0
 910 06c0 07       		.uleb128 0x7
 911 06c1 04       		.byte	0x4
 912 06c2 87060000 		.4byte	0x687
ARM GAS  C:\Users\jens-\AppData\Local\Temp\cc4B1is6.s 			page 17


 913 06c6 07       		.uleb128 0x7
 914 06c7 04       		.byte	0x4
 915 06c8 7A060000 		.4byte	0x67a
 916 06cc 1B       		.uleb128 0x1b
 917 06cd 1A000000 		.4byte	.LASF95
 918 06d1 0E       		.byte	0xe
 919 06d2 05       		.byte	0x5
 920 06d3 3F01     		.2byte	0x13f
 921 06d5 08       		.byte	0x8
 922 06d6 05070000 		.4byte	0x705
 923 06da 19       		.uleb128 0x19
 924 06db 78050000 		.4byte	.LASF96
 925 06df 05       		.byte	0x5
 926 06e0 4001     		.2byte	0x140
 927 06e2 12       		.byte	0x12
 928 06e3 05070000 		.4byte	0x705
 929 06e7 00       		.byte	0
 930 06e8 19       		.uleb128 0x19
 931 06e9 F5050000 		.4byte	.LASF97
 932 06ed 05       		.byte	0x5
 933 06ee 4101     		.2byte	0x141
 934 06f0 12       		.byte	0x12
 935 06f1 05070000 		.4byte	0x705
 936 06f5 06       		.byte	0x6
 937 06f6 19       		.uleb128 0x19
 938 06f7 17060000 		.4byte	.LASF98
 939 06fb 05       		.byte	0x5
 940 06fc 4201     		.2byte	0x142
 941 06fe 12       		.byte	0x12
 942 06ff 32000000 		.4byte	0x32
 943 0703 0C       		.byte	0xc
 944 0704 00       		.byte	0
 945 0705 0D       		.uleb128 0xd
 946 0706 32000000 		.4byte	0x32
 947 070a 15070000 		.4byte	0x715
 948 070e 0E       		.uleb128 0xe
 949 070f 5C000000 		.4byte	0x5c
 950 0713 02       		.byte	0x2
 951 0714 00       		.byte	0
 952 0715 1C       		.uleb128 0x1c
 953 0716 D0       		.byte	0xd0
 954 0717 05       		.byte	0x5
 955 0718 8002     		.2byte	0x280
 956 071a 07       		.byte	0x7
 957 071b 2A080000 		.4byte	0x82a
 958 071f 19       		.uleb128 0x19
 959 0720 55060000 		.4byte	.LASF99
 960 0724 05       		.byte	0x5
 961 0725 8202     		.2byte	0x282
 962 0727 18       		.byte	0x18
 963 0728 5C000000 		.4byte	0x5c
 964 072c 00       		.byte	0
 965 072d 19       		.uleb128 0x19
 966 072e 01060000 		.4byte	.LASF100
 967 0732 05       		.byte	0x5
 968 0733 8302     		.2byte	0x283
 969 0735 12       		.byte	0x12
ARM GAS  C:\Users\jens-\AppData\Local\Temp\cc4B1is6.s 			page 18


 970 0736 56010000 		.4byte	0x156
 971 073a 04       		.byte	0x4
 972 073b 19       		.uleb128 0x19
 973 073c 08030000 		.4byte	.LASF101
 974 0740 05       		.byte	0x5
 975 0741 8402     		.2byte	0x284
 976 0743 10       		.byte	0x10
 977 0744 2A080000 		.4byte	0x82a
 978 0748 08       		.byte	0x8
 979 0749 19       		.uleb128 0x19
 980 074a B7060000 		.4byte	.LASF102
 981 074e 05       		.byte	0x5
 982 074f 8502     		.2byte	0x285
 983 0751 17       		.byte	0x17
 984 0752 D8010000 		.4byte	0x1d8
 985 0756 24       		.byte	0x24
 986 0757 19       		.uleb128 0x19
 987 0758 6D020000 		.4byte	.LASF103
 988 075c 05       		.byte	0x5
 989 075d 8602     		.2byte	0x286
 990 075f 0F       		.byte	0xf
 991 0760 55000000 		.4byte	0x55
 992 0764 48       		.byte	0x48
 993 0765 19       		.uleb128 0x19
 994 0766 1C050000 		.4byte	.LASF104
 995 076a 05       		.byte	0x5
 996 076b 8702     		.2byte	0x287
 997 076d 2C       		.byte	0x2c
 998 076e 4E000000 		.4byte	0x4e
 999 0772 50       		.byte	0x50
 1000 0773 19       		.uleb128 0x19
 1001 0774 CD060000 		.4byte	.LASF105
 1002 0778 05       		.byte	0x5
 1003 0779 8802     		.2byte	0x288
 1004 077b 1A       		.byte	0x1a
 1005 077c CC060000 		.4byte	0x6cc
 1006 0780 58       		.byte	0x58
 1007 0781 19       		.uleb128 0x19
 1008 0782 27050000 		.4byte	.LASF106
 1009 0786 05       		.byte	0x5
 1010 0787 8902     		.2byte	0x289
 1011 0789 16       		.byte	0x16
 1012 078a 3C010000 		.4byte	0x13c
 1013 078e 68       		.byte	0x68
 1014 078f 19       		.uleb128 0x19
 1015 0790 D2060000 		.4byte	.LASF107
 1016 0794 05       		.byte	0x5
 1017 0795 8A02     		.2byte	0x28a
 1018 0797 16       		.byte	0x16
 1019 0798 3C010000 		.4byte	0x13c
 1020 079c 70       		.byte	0x70
 1021 079d 19       		.uleb128 0x19
 1022 079e 91040000 		.4byte	.LASF108
 1023 07a2 05       		.byte	0x5
 1024 07a3 8B02     		.2byte	0x28b
 1025 07a5 16       		.byte	0x16
 1026 07a6 3C010000 		.4byte	0x13c
ARM GAS  C:\Users\jens-\AppData\Local\Temp\cc4B1is6.s 			page 19


 1027 07aa 78       		.byte	0x78
 1028 07ab 19       		.uleb128 0x19
 1029 07ac 8A060000 		.4byte	.LASF109
 1030 07b0 05       		.byte	0x5
 1031 07b1 8C02     		.2byte	0x28c
 1032 07b3 10       		.byte	0x10
 1033 07b4 3A080000 		.4byte	0x83a
 1034 07b8 80       		.byte	0x80
 1035 07b9 19       		.uleb128 0x19
 1036 07ba FC020000 		.4byte	.LASF110
 1037 07be 05       		.byte	0x5
 1038 07bf 8D02     		.2byte	0x28d
 1039 07c1 10       		.byte	0x10
 1040 07c2 4A080000 		.4byte	0x84a
 1041 07c6 88       		.byte	0x88
 1042 07c7 19       		.uleb128 0x19
 1043 07c8 24060000 		.4byte	.LASF111
 1044 07cc 05       		.byte	0x5
 1045 07cd 8E02     		.2byte	0x28e
 1046 07cf 0F       		.byte	0xf
 1047 07d0 55000000 		.4byte	0x55
 1048 07d4 A0       		.byte	0xa0
 1049 07d5 19       		.uleb128 0x19
 1050 07d6 22020000 		.4byte	.LASF112
 1051 07da 05       		.byte	0x5
 1052 07db 8F02     		.2byte	0x28f
 1053 07dd 16       		.byte	0x16
 1054 07de 3C010000 		.4byte	0x13c
 1055 07e2 A4       		.byte	0xa4
 1056 07e3 19       		.uleb128 0x19
 1057 07e4 0C010000 		.4byte	.LASF113
 1058 07e8 05       		.byte	0x5
 1059 07e9 9002     		.2byte	0x290
 1060 07eb 16       		.byte	0x16
 1061 07ec 3C010000 		.4byte	0x13c
 1062 07f0 AC       		.byte	0xac
 1063 07f1 19       		.uleb128 0x19
 1064 07f2 11020000 		.4byte	.LASF114
 1065 07f6 05       		.byte	0x5
 1066 07f7 9102     		.2byte	0x291
 1067 07f9 16       		.byte	0x16
 1068 07fa 3C010000 		.4byte	0x13c
 1069 07fe B4       		.byte	0xb4
 1070 07ff 19       		.uleb128 0x19
 1071 0800 9B000000 		.4byte	.LASF115
 1072 0804 05       		.byte	0x5
 1073 0805 9202     		.2byte	0x292
 1074 0807 16       		.byte	0x16
 1075 0808 3C010000 		.4byte	0x13c
 1076 080c BC       		.byte	0xbc
 1077 080d 19       		.uleb128 0x19
 1078 080e AA000000 		.4byte	.LASF116
 1079 0812 05       		.byte	0x5
 1080 0813 9302     		.2byte	0x293
 1081 0815 16       		.byte	0x16
 1082 0816 3C010000 		.4byte	0x13c
 1083 081a C4       		.byte	0xc4
ARM GAS  C:\Users\jens-\AppData\Local\Temp\cc4B1is6.s 			page 20


 1084 081b 19       		.uleb128 0x19
 1085 081c CF040000 		.4byte	.LASF117
 1086 0820 05       		.byte	0x5
 1087 0821 9402     		.2byte	0x294
 1088 0823 08       		.byte	0x8
 1089 0824 55000000 		.4byte	0x55
 1090 0828 CC       		.byte	0xcc
 1091 0829 00       		.byte	0
 1092 082a 0D       		.uleb128 0xd
 1093 082b 90000000 		.4byte	0x90
 1094 082f 3A080000 		.4byte	0x83a
 1095 0833 0E       		.uleb128 0xe
 1096 0834 5C000000 		.4byte	0x5c
 1097 0838 19       		.byte	0x19
 1098 0839 00       		.byte	0
 1099 083a 0D       		.uleb128 0xd
 1100 083b 90000000 		.4byte	0x90
 1101 083f 4A080000 		.4byte	0x84a
 1102 0843 0E       		.uleb128 0xe
 1103 0844 5C000000 		.4byte	0x5c
 1104 0848 07       		.byte	0x7
 1105 0849 00       		.byte	0
 1106 084a 0D       		.uleb128 0xd
 1107 084b 90000000 		.4byte	0x90
 1108 084f 5A080000 		.4byte	0x85a
 1109 0853 0E       		.uleb128 0xe
 1110 0854 5C000000 		.4byte	0x5c
 1111 0858 17       		.byte	0x17
 1112 0859 00       		.byte	0
 1113 085a 1C       		.uleb128 0x1c
 1114 085b F0       		.byte	0xf0
 1115 085c 05       		.byte	0x5
 1116 085d 9902     		.2byte	0x299
 1117 085f 07       		.byte	0x7
 1118 0860 81080000 		.4byte	0x881
 1119 0864 19       		.uleb128 0x19
 1120 0865 35040000 		.4byte	.LASF118
 1121 0869 05       		.byte	0x5
 1122 086a 9C02     		.2byte	0x29c
 1123 086c 1B       		.byte	0x1b
 1124 086d 81080000 		.4byte	0x881
 1125 0871 00       		.byte	0
 1126 0872 19       		.uleb128 0x19
 1127 0873 20040000 		.4byte	.LASF119
 1128 0877 05       		.byte	0x5
 1129 0878 9D02     		.2byte	0x29d
 1130 087a 18       		.byte	0x18
 1131 087b 91080000 		.4byte	0x891
 1132 087f 78       		.byte	0x78
 1133 0880 00       		.byte	0
 1134 0881 0D       		.uleb128 0xd
 1135 0882 31030000 		.4byte	0x331
 1136 0886 91080000 		.4byte	0x891
 1137 088a 0E       		.uleb128 0xe
 1138 088b 5C000000 		.4byte	0x5c
 1139 088f 1D       		.byte	0x1d
 1140 0890 00       		.byte	0
ARM GAS  C:\Users\jens-\AppData\Local\Temp\cc4B1is6.s 			page 21


 1141 0891 0D       		.uleb128 0xd
 1142 0892 5C000000 		.4byte	0x5c
 1143 0896 A1080000 		.4byte	0x8a1
 1144 089a 0E       		.uleb128 0xe
 1145 089b 5C000000 		.4byte	0x5c
 1146 089f 1D       		.byte	0x1d
 1147 08a0 00       		.byte	0
 1148 08a1 1D       		.uleb128 0x1d
 1149 08a2 F0       		.byte	0xf0
 1150 08a3 05       		.byte	0x5
 1151 08a4 7E02     		.2byte	0x27e
 1152 08a6 03       		.byte	0x3
 1153 08a7 C6080000 		.4byte	0x8c6
 1154 08ab 1E       		.uleb128 0x1e
 1155 08ac 71050000 		.4byte	.LASF69
 1156 08b0 05       		.byte	0x5
 1157 08b1 9502     		.2byte	0x295
 1158 08b3 0B       		.byte	0xb
 1159 08b4 15070000 		.4byte	0x715
 1160 08b8 1E       		.uleb128 0x1e
 1161 08b9 A4060000 		.4byte	.LASF120
 1162 08bd 05       		.byte	0x5
 1163 08be 9E02     		.2byte	0x29e
 1164 08c0 0B       		.byte	0xb
 1165 08c1 5A080000 		.4byte	0x85a
 1166 08c5 00       		.byte	0
 1167 08c6 0D       		.uleb128 0xd
 1168 08c7 90000000 		.4byte	0x90
 1169 08cb D6080000 		.4byte	0x8d6
 1170 08cf 0E       		.uleb128 0xe
 1171 08d0 5C000000 		.4byte	0x5c
 1172 08d4 18       		.byte	0x18
 1173 08d5 00       		.byte	0
 1174 08d6 0A       		.uleb128 0xa
 1175 08d7 F2000000 		.4byte	.LASF122
 1176 08db 07       		.uleb128 0x7
 1177 08dc 04       		.byte	0x4
 1178 08dd D6080000 		.4byte	0x8d6
 1179 08e1 1F       		.uleb128 0x1f
 1180 08e2 EC080000 		.4byte	0x8ec
 1181 08e6 17       		.uleb128 0x17
 1182 08e7 98040000 		.4byte	0x498
 1183 08eb 00       		.byte	0
 1184 08ec 07       		.uleb128 0x7
 1185 08ed 04       		.byte	0x4
 1186 08ee E1080000 		.4byte	0x8e1
 1187 08f2 07       		.uleb128 0x7
 1188 08f3 04       		.byte	0x4
 1189 08f4 C2010000 		.4byte	0x1c2
 1190 08f8 1F       		.uleb128 0x1f
 1191 08f9 03090000 		.4byte	0x903
 1192 08fd 17       		.uleb128 0x17
 1193 08fe 55000000 		.4byte	0x55
 1194 0902 00       		.byte	0
 1195 0903 07       		.uleb128 0x7
 1196 0904 04       		.byte	0x4
 1197 0905 09090000 		.4byte	0x909
ARM GAS  C:\Users\jens-\AppData\Local\Temp\cc4B1is6.s 			page 22


 1198 0909 07       		.uleb128 0x7
 1199 090a 04       		.byte	0x4
 1200 090b F8080000 		.4byte	0x8f8
 1201 090f 0D       		.uleb128 0xd
 1202 0910 7A060000 		.4byte	0x67a
 1203 0914 1F090000 		.4byte	0x91f
 1204 0918 0E       		.uleb128 0xe
 1205 0919 5C000000 		.4byte	0x5c
 1206 091d 02       		.byte	0x2
 1207 091e 00       		.byte	0
 1208 091f 20       		.uleb128 0x20
 1209 0920 AA050000 		.4byte	.LASF123
 1210 0924 05       		.byte	0x5
 1211 0925 2E03     		.2byte	0x32e
 1212 0927 17       		.byte	0x17
 1213 0928 98040000 		.4byte	0x498
 1214 092c 20       		.uleb128 0x20
 1215 092d 42060000 		.4byte	.LASF124
 1216 0931 05       		.byte	0x5
 1217 0932 2F03     		.2byte	0x32f
 1218 0934 1D       		.byte	0x1d
 1219 0935 9E040000 		.4byte	0x49e
 1220 0939 0D       		.uleb128 0xd
 1221 093a 97000000 		.4byte	0x97
 1222 093e 44090000 		.4byte	0x944
 1223 0942 21       		.uleb128 0x21
 1224 0943 00       		.byte	0
 1225 0944 06       		.uleb128 0x6
 1226 0945 39090000 		.4byte	0x939
 1227 0949 22       		.uleb128 0x22
 1228 094a ED050000 		.4byte	.LASF125
 1229 094e 06       		.byte	0x6
 1230 094f AE       		.byte	0xae
 1231 0950 1C       		.byte	0x1c
 1232 0951 44090000 		.4byte	0x944
 1233 0955 22       		.uleb128 0x22
 1234 0956 C2040000 		.4byte	.LASF126
 1235 095a 07       		.byte	0x7
 1236 095b 1C       		.byte	0x1c
 1237 095c 0E       		.byte	0xe
 1238 095d 63000000 		.4byte	0x63
 1239 0961 0D       		.uleb128 0xd
 1240 0962 63000000 		.4byte	0x63
 1241 0966 71090000 		.4byte	0x971
 1242 096a 0E       		.uleb128 0xe
 1243 096b 5C000000 		.4byte	0x5c
 1244 096f 01       		.byte	0x1
 1245 0970 00       		.byte	0
 1246 0971 22       		.uleb128 0x22
 1247 0972 FD000000 		.4byte	.LASF127
 1248 0976 08       		.byte	0x8
 1249 0977 1C       		.byte	0x1c
 1250 0978 0E       		.byte	0xe
 1251 0979 61090000 		.4byte	0x961
 1252 097d 22       		.uleb128 0x22
 1253 097e 59040000 		.4byte	.LASF128
 1254 0982 09       		.byte	0x9
ARM GAS  C:\Users\jens-\AppData\Local\Temp\cc4B1is6.s 			page 23


 1255 0983 2C       		.byte	0x2c
 1256 0984 16       		.byte	0x16
 1257 0985 63000000 		.4byte	0x63
 1258 0989 22       		.uleb128 0x22
 1259 098a 9F040000 		.4byte	.LASF129
 1260 098e 09       		.byte	0x9
 1261 098f 38       		.byte	0x38
 1262 0990 0F       		.byte	0xf
 1263 0991 75000000 		.4byte	0x75
 1264 0995 22       		.uleb128 0x22
 1265 0996 0F040000 		.4byte	.LASF130
 1266 099a 09       		.byte	0x9
 1267 099b 39       		.byte	0x39
 1268 099c 0F       		.byte	0xf
 1269 099d 75000000 		.4byte	0x75
 1270 09a1 22       		.uleb128 0x22
 1271 09a2 1B010000 		.4byte	.LASF131
 1272 09a6 09       		.byte	0x9
 1273 09a7 3A       		.byte	0x3a
 1274 09a8 0F       		.byte	0xf
 1275 09a9 63000000 		.4byte	0x63
 1276 09ad 22       		.uleb128 0x22
 1277 09ae 7E050000 		.4byte	.LASF132
 1278 09b2 09       		.byte	0x9
 1279 09b3 3B       		.byte	0x3b
 1280 09b4 0F       		.byte	0xf
 1281 09b5 75000000 		.4byte	0x75
 1282 09b9 0F       		.uleb128 0xf
 1283 09ba 06       		.byte	0x6
 1284 09bb 0A       		.byte	0xa
 1285 09bc 76       		.byte	0x76
 1286 09bd 09       		.byte	0x9
 1287 09be 110A0000 		.4byte	0xa11
 1288 09c2 10       		.uleb128 0x10
 1289 09c3 D3050000 		.4byte	.LASF133
 1290 09c7 0A       		.byte	0xa
 1291 09c8 78       		.byte	0x78
 1292 09c9 0B       		.byte	0xb
 1293 09ca 63000000 		.4byte	0x63
 1294 09ce 00       		.byte	0
 1295 09cf 10       		.uleb128 0x10
 1296 09d0 15030000 		.4byte	.LASF134
 1297 09d4 0A       		.byte	0xa
 1298 09d5 7B       		.byte	0x7b
 1299 09d6 0B       		.byte	0xb
 1300 09d7 63000000 		.4byte	0x63
 1301 09db 01       		.byte	0x1
 1302 09dc 13       		.uleb128 0x13
 1303 09dd 63666700 		.ascii	"cfg\000"
 1304 09e1 0A       		.byte	0xa
 1305 09e2 7C       		.byte	0x7c
 1306 09e3 0B       		.byte	0xb
 1307 09e4 63000000 		.4byte	0x63
 1308 09e8 02       		.byte	0x2
 1309 09e9 10       		.uleb128 0x10
 1310 09ea DB000000 		.4byte	.LASF135
 1311 09ee 0A       		.byte	0xa
ARM GAS  C:\Users\jens-\AppData\Local\Temp\cc4B1is6.s 			page 24


 1312 09ef 7D       		.byte	0x7d
 1313 09f0 0B       		.byte	0xb
 1314 09f1 63000000 		.4byte	0x63
 1315 09f5 03       		.byte	0x3
 1316 09f6 10       		.uleb128 0x10
 1317 09f7 37030000 		.4byte	.LASF136
 1318 09fb 0A       		.byte	0xa
 1319 09fc 7E       		.byte	0x7e
 1320 09fd 0B       		.byte	0xb
 1321 09fe 63000000 		.4byte	0x63
 1322 0a02 04       		.byte	0x4
 1323 0a03 10       		.uleb128 0x10
 1324 0a04 3F030000 		.4byte	.LASF137
 1325 0a08 0A       		.byte	0xa
 1326 0a09 7F       		.byte	0x7f
 1327 0a0a 0B       		.byte	0xb
 1328 0a0b 63000000 		.4byte	0x63
 1329 0a0f 05       		.byte	0x5
 1330 0a10 00       		.byte	0
 1331 0a11 09       		.uleb128 0x9
 1332 0a12 3C040000 		.4byte	.LASF138
 1333 0a16 0A       		.byte	0xa
 1334 0a17 89       		.byte	0x89
 1335 0a18 03       		.byte	0x3
 1336 0a19 B9090000 		.4byte	0x9b9
 1337 0a1d 22       		.uleb128 0x22
 1338 0a1e DF050000 		.4byte	.LASF139
 1339 0a22 0A       		.byte	0xa
 1340 0a23 F9       		.byte	0xf9
 1341 0a24 0E       		.byte	0xe
 1342 0a25 63000000 		.4byte	0x63
 1343 0a29 22       		.uleb128 0x22
 1344 0a2a 62060000 		.4byte	.LASF140
 1345 0a2e 0B       		.byte	0xb
 1346 0a2f 21       		.byte	0x21
 1347 0a30 1C       		.byte	0x1c
 1348 0a31 110A0000 		.4byte	0xa11
 1349 0a35 22       		.uleb128 0x22
 1350 0a36 7C020000 		.4byte	.LASF141
 1351 0a3a 0B       		.byte	0xb
 1352 0a3b 23       		.byte	0x23
 1353 0a3c 17       		.byte	0x17
 1354 0a3d 70000000 		.4byte	0x70
 1355 0a41 22       		.uleb128 0x22
 1356 0a42 E5060000 		.4byte	.LASF142
 1357 0a46 0B       		.byte	0xb
 1358 0a47 38       		.byte	0x38
 1359 0a48 1B       		.byte	0x1b
 1360 0a49 70000000 		.4byte	0x70
 1361 0a4d 22       		.uleb128 0x22
 1362 0a4e 31060000 		.4byte	.LASF143
 1363 0a52 0B       		.byte	0xb
 1364 0a53 3B       		.byte	0x3b
 1365 0a54 1D       		.byte	0x1d
 1366 0a55 590A0000 		.4byte	0xa59
 1367 0a59 07       		.uleb128 0x7
 1368 0a5a 04       		.byte	0x4
ARM GAS  C:\Users\jens-\AppData\Local\Temp\cc4B1is6.s 			page 25


 1369 0a5b 70000000 		.4byte	0x70
 1370 0a5f 22       		.uleb128 0x22
 1371 0a60 42020000 		.4byte	.LASF144
 1372 0a64 0B       		.byte	0xb
 1373 0a65 3C       		.byte	0x3c
 1374 0a66 1D       		.byte	0x1d
 1375 0a67 70000000 		.4byte	0x70
 1376 0a6b 22       		.uleb128 0x22
 1377 0a6c 88000000 		.4byte	.LASF145
 1378 0a70 0B       		.byte	0xb
 1379 0a71 3D       		.byte	0x3d
 1380 0a72 1D       		.byte	0x1d
 1381 0a73 70000000 		.4byte	0x70
 1382 0a77 22       		.uleb128 0x22
 1383 0a78 F0010000 		.4byte	.LASF146
 1384 0a7c 0B       		.byte	0xb
 1385 0a7d 40       		.byte	0x40
 1386 0a7e 1D       		.byte	0x1d
 1387 0a7f 590A0000 		.4byte	0xa59
 1388 0a83 22       		.uleb128 0x22
 1389 0a84 E0000000 		.4byte	.LASF147
 1390 0a88 0B       		.byte	0xb
 1391 0a89 41       		.byte	0x41
 1392 0a8a 1D       		.byte	0x1d
 1393 0a8b 70000000 		.4byte	0x70
 1394 0a8f 22       		.uleb128 0x22
 1395 0a90 98010000 		.4byte	.LASF148
 1396 0a94 0B       		.byte	0xb
 1397 0a95 42       		.byte	0x42
 1398 0a96 1D       		.byte	0x1d
 1399 0a97 70000000 		.4byte	0x70
 1400 0a9b 00       		.byte	0
 1401              		.section	.debug_abbrev,"",%progbits
 1402              	.Ldebug_abbrev0:
 1403 0000 01       		.uleb128 0x1
 1404 0001 11       		.uleb128 0x11
 1405 0002 01       		.byte	0x1
 1406 0003 25       		.uleb128 0x25
 1407 0004 0E       		.uleb128 0xe
 1408 0005 13       		.uleb128 0x13
 1409 0006 0B       		.uleb128 0xb
 1410 0007 03       		.uleb128 0x3
 1411 0008 0E       		.uleb128 0xe
 1412 0009 1B       		.uleb128 0x1b
 1413 000a 0E       		.uleb128 0xe
 1414 000b 10       		.uleb128 0x10
 1415 000c 17       		.uleb128 0x17
 1416 000d 00       		.byte	0
 1417 000e 00       		.byte	0
 1418 000f 02       		.uleb128 0x2
 1419 0010 24       		.uleb128 0x24
 1420 0011 00       		.byte	0
 1421 0012 0B       		.uleb128 0xb
 1422 0013 0B       		.uleb128 0xb
 1423 0014 3E       		.uleb128 0x3e
 1424 0015 0B       		.uleb128 0xb
 1425 0016 03       		.uleb128 0x3
ARM GAS  C:\Users\jens-\AppData\Local\Temp\cc4B1is6.s 			page 26


 1426 0017 0E       		.uleb128 0xe
 1427 0018 00       		.byte	0
 1428 0019 00       		.byte	0
 1429 001a 03       		.uleb128 0x3
 1430 001b 24       		.uleb128 0x24
 1431 001c 00       		.byte	0
 1432 001d 0B       		.uleb128 0xb
 1433 001e 0B       		.uleb128 0xb
 1434 001f 3E       		.uleb128 0x3e
 1435 0020 0B       		.uleb128 0xb
 1436 0021 03       		.uleb128 0x3
 1437 0022 08       		.uleb128 0x8
 1438 0023 00       		.byte	0
 1439 0024 00       		.byte	0
 1440 0025 04       		.uleb128 0x4
 1441 0026 16       		.uleb128 0x16
 1442 0027 00       		.byte	0
 1443 0028 03       		.uleb128 0x3
 1444 0029 0E       		.uleb128 0xe
 1445 002a 3A       		.uleb128 0x3a
 1446 002b 0B       		.uleb128 0xb
 1447 002c 3B       		.uleb128 0x3b
 1448 002d 05       		.uleb128 0x5
 1449 002e 39       		.uleb128 0x39
 1450 002f 0B       		.uleb128 0xb
 1451 0030 49       		.uleb128 0x49
 1452 0031 13       		.uleb128 0x13
 1453 0032 00       		.byte	0
 1454 0033 00       		.byte	0
 1455 0034 05       		.uleb128 0x5
 1456 0035 35       		.uleb128 0x35
 1457 0036 00       		.byte	0
 1458 0037 49       		.uleb128 0x49
 1459 0038 13       		.uleb128 0x13
 1460 0039 00       		.byte	0
 1461 003a 00       		.byte	0
 1462 003b 06       		.uleb128 0x6
 1463 003c 26       		.uleb128 0x26
 1464 003d 00       		.byte	0
 1465 003e 49       		.uleb128 0x49
 1466 003f 13       		.uleb128 0x13
 1467 0040 00       		.byte	0
 1468 0041 00       		.byte	0
 1469 0042 07       		.uleb128 0x7
 1470 0043 0F       		.uleb128 0xf
 1471 0044 00       		.byte	0
 1472 0045 0B       		.uleb128 0xb
 1473 0046 0B       		.uleb128 0xb
 1474 0047 49       		.uleb128 0x49
 1475 0048 13       		.uleb128 0x13
 1476 0049 00       		.byte	0
 1477 004a 00       		.byte	0
 1478 004b 08       		.uleb128 0x8
 1479 004c 15       		.uleb128 0x15
 1480 004d 00       		.byte	0
 1481 004e 27       		.uleb128 0x27
 1482 004f 19       		.uleb128 0x19
ARM GAS  C:\Users\jens-\AppData\Local\Temp\cc4B1is6.s 			page 27


 1483 0050 00       		.byte	0
 1484 0051 00       		.byte	0
 1485 0052 09       		.uleb128 0x9
 1486 0053 16       		.uleb128 0x16
 1487 0054 00       		.byte	0
 1488 0055 03       		.uleb128 0x3
 1489 0056 0E       		.uleb128 0xe
 1490 0057 3A       		.uleb128 0x3a
 1491 0058 0B       		.uleb128 0xb
 1492 0059 3B       		.uleb128 0x3b
 1493 005a 0B       		.uleb128 0xb
 1494 005b 39       		.uleb128 0x39
 1495 005c 0B       		.uleb128 0xb
 1496 005d 49       		.uleb128 0x49
 1497 005e 13       		.uleb128 0x13
 1498 005f 00       		.byte	0
 1499 0060 00       		.byte	0
 1500 0061 0A       		.uleb128 0xa
 1501 0062 13       		.uleb128 0x13
 1502 0063 00       		.byte	0
 1503 0064 03       		.uleb128 0x3
 1504 0065 0E       		.uleb128 0xe
 1505 0066 3C       		.uleb128 0x3c
 1506 0067 19       		.uleb128 0x19
 1507 0068 00       		.byte	0
 1508 0069 00       		.byte	0
 1509 006a 0B       		.uleb128 0xb
 1510 006b 17       		.uleb128 0x17
 1511 006c 01       		.byte	0x1
 1512 006d 0B       		.uleb128 0xb
 1513 006e 0B       		.uleb128 0xb
 1514 006f 3A       		.uleb128 0x3a
 1515 0070 0B       		.uleb128 0xb
 1516 0071 3B       		.uleb128 0x3b
 1517 0072 0B       		.uleb128 0xb
 1518 0073 39       		.uleb128 0x39
 1519 0074 0B       		.uleb128 0xb
 1520 0075 01       		.uleb128 0x1
 1521 0076 13       		.uleb128 0x13
 1522 0077 00       		.byte	0
 1523 0078 00       		.byte	0
 1524 0079 0C       		.uleb128 0xc
 1525 007a 0D       		.uleb128 0xd
 1526 007b 00       		.byte	0
 1527 007c 03       		.uleb128 0x3
 1528 007d 0E       		.uleb128 0xe
 1529 007e 3A       		.uleb128 0x3a
 1530 007f 0B       		.uleb128 0xb
 1531 0080 3B       		.uleb128 0x3b
 1532 0081 0B       		.uleb128 0xb
 1533 0082 39       		.uleb128 0x39
 1534 0083 0B       		.uleb128 0xb
 1535 0084 49       		.uleb128 0x49
 1536 0085 13       		.uleb128 0x13
 1537 0086 00       		.byte	0
 1538 0087 00       		.byte	0
 1539 0088 0D       		.uleb128 0xd
ARM GAS  C:\Users\jens-\AppData\Local\Temp\cc4B1is6.s 			page 28


 1540 0089 01       		.uleb128 0x1
 1541 008a 01       		.byte	0x1
 1542 008b 49       		.uleb128 0x49
 1543 008c 13       		.uleb128 0x13
 1544 008d 01       		.uleb128 0x1
 1545 008e 13       		.uleb128 0x13
 1546 008f 00       		.byte	0
 1547 0090 00       		.byte	0
 1548 0091 0E       		.uleb128 0xe
 1549 0092 21       		.uleb128 0x21
 1550 0093 00       		.byte	0
 1551 0094 49       		.uleb128 0x49
 1552 0095 13       		.uleb128 0x13
 1553 0096 2F       		.uleb128 0x2f
 1554 0097 0B       		.uleb128 0xb
 1555 0098 00       		.byte	0
 1556 0099 00       		.byte	0
 1557 009a 0F       		.uleb128 0xf
 1558 009b 13       		.uleb128 0x13
 1559 009c 01       		.byte	0x1
 1560 009d 0B       		.uleb128 0xb
 1561 009e 0B       		.uleb128 0xb
 1562 009f 3A       		.uleb128 0x3a
 1563 00a0 0B       		.uleb128 0xb
 1564 00a1 3B       		.uleb128 0x3b
 1565 00a2 0B       		.uleb128 0xb
 1566 00a3 39       		.uleb128 0x39
 1567 00a4 0B       		.uleb128 0xb
 1568 00a5 01       		.uleb128 0x1
 1569 00a6 13       		.uleb128 0x13
 1570 00a7 00       		.byte	0
 1571 00a8 00       		.byte	0
 1572 00a9 10       		.uleb128 0x10
 1573 00aa 0D       		.uleb128 0xd
 1574 00ab 00       		.byte	0
 1575 00ac 03       		.uleb128 0x3
 1576 00ad 0E       		.uleb128 0xe
 1577 00ae 3A       		.uleb128 0x3a
 1578 00af 0B       		.uleb128 0xb
 1579 00b0 3B       		.uleb128 0x3b
 1580 00b1 0B       		.uleb128 0xb
 1581 00b2 39       		.uleb128 0x39
 1582 00b3 0B       		.uleb128 0xb
 1583 00b4 49       		.uleb128 0x49
 1584 00b5 13       		.uleb128 0x13
 1585 00b6 38       		.uleb128 0x38
 1586 00b7 0B       		.uleb128 0xb
 1587 00b8 00       		.byte	0
 1588 00b9 00       		.byte	0
 1589 00ba 11       		.uleb128 0x11
 1590 00bb 0F       		.uleb128 0xf
 1591 00bc 00       		.byte	0
 1592 00bd 0B       		.uleb128 0xb
 1593 00be 0B       		.uleb128 0xb
 1594 00bf 00       		.byte	0
 1595 00c0 00       		.byte	0
 1596 00c1 12       		.uleb128 0x12
ARM GAS  C:\Users\jens-\AppData\Local\Temp\cc4B1is6.s 			page 29


 1597 00c2 13       		.uleb128 0x13
 1598 00c3 01       		.byte	0x1
 1599 00c4 03       		.uleb128 0x3
 1600 00c5 0E       		.uleb128 0xe
 1601 00c6 0B       		.uleb128 0xb
 1602 00c7 0B       		.uleb128 0xb
 1603 00c8 3A       		.uleb128 0x3a
 1604 00c9 0B       		.uleb128 0xb
 1605 00ca 3B       		.uleb128 0x3b
 1606 00cb 0B       		.uleb128 0xb
 1607 00cc 39       		.uleb128 0x39
 1608 00cd 0B       		.uleb128 0xb
 1609 00ce 01       		.uleb128 0x1
 1610 00cf 13       		.uleb128 0x13
 1611 00d0 00       		.byte	0
 1612 00d1 00       		.byte	0
 1613 00d2 13       		.uleb128 0x13
 1614 00d3 0D       		.uleb128 0xd
 1615 00d4 00       		.byte	0
 1616 00d5 03       		.uleb128 0x3
 1617 00d6 08       		.uleb128 0x8
 1618 00d7 3A       		.uleb128 0x3a
 1619 00d8 0B       		.uleb128 0xb
 1620 00d9 3B       		.uleb128 0x3b
 1621 00da 0B       		.uleb128 0xb
 1622 00db 39       		.uleb128 0x39
 1623 00dc 0B       		.uleb128 0xb
 1624 00dd 49       		.uleb128 0x49
 1625 00de 13       		.uleb128 0x13
 1626 00df 38       		.uleb128 0x38
 1627 00e0 0B       		.uleb128 0xb
 1628 00e1 00       		.byte	0
 1629 00e2 00       		.byte	0
 1630 00e3 14       		.uleb128 0x14
 1631 00e4 13       		.uleb128 0x13
 1632 00e5 01       		.byte	0x1
 1633 00e6 03       		.uleb128 0x3
 1634 00e7 0E       		.uleb128 0xe
 1635 00e8 0B       		.uleb128 0xb
 1636 00e9 05       		.uleb128 0x5
 1637 00ea 3A       		.uleb128 0x3a
 1638 00eb 0B       		.uleb128 0xb
 1639 00ec 3B       		.uleb128 0x3b
 1640 00ed 0B       		.uleb128 0xb
 1641 00ee 39       		.uleb128 0x39
 1642 00ef 0B       		.uleb128 0xb
 1643 00f0 01       		.uleb128 0x1
 1644 00f1 13       		.uleb128 0x13
 1645 00f2 00       		.byte	0
 1646 00f3 00       		.byte	0
 1647 00f4 15       		.uleb128 0x15
 1648 00f5 0D       		.uleb128 0xd
 1649 00f6 00       		.byte	0
 1650 00f7 03       		.uleb128 0x3
 1651 00f8 0E       		.uleb128 0xe
 1652 00f9 3A       		.uleb128 0x3a
 1653 00fa 0B       		.uleb128 0xb
ARM GAS  C:\Users\jens-\AppData\Local\Temp\cc4B1is6.s 			page 30


 1654 00fb 3B       		.uleb128 0x3b
 1655 00fc 0B       		.uleb128 0xb
 1656 00fd 39       		.uleb128 0x39
 1657 00fe 0B       		.uleb128 0xb
 1658 00ff 49       		.uleb128 0x49
 1659 0100 13       		.uleb128 0x13
 1660 0101 38       		.uleb128 0x38
 1661 0102 05       		.uleb128 0x5
 1662 0103 00       		.byte	0
 1663 0104 00       		.byte	0
 1664 0105 16       		.uleb128 0x16
 1665 0106 15       		.uleb128 0x15
 1666 0107 01       		.byte	0x1
 1667 0108 27       		.uleb128 0x27
 1668 0109 19       		.uleb128 0x19
 1669 010a 49       		.uleb128 0x49
 1670 010b 13       		.uleb128 0x13
 1671 010c 01       		.uleb128 0x1
 1672 010d 13       		.uleb128 0x13
 1673 010e 00       		.byte	0
 1674 010f 00       		.byte	0
 1675 0110 17       		.uleb128 0x17
 1676 0111 05       		.uleb128 0x5
 1677 0112 00       		.byte	0
 1678 0113 49       		.uleb128 0x49
 1679 0114 13       		.uleb128 0x13
 1680 0115 00       		.byte	0
 1681 0116 00       		.byte	0
 1682 0117 18       		.uleb128 0x18
 1683 0118 13       		.uleb128 0x13
 1684 0119 01       		.byte	0x1
 1685 011a 03       		.uleb128 0x3
 1686 011b 0E       		.uleb128 0xe
 1687 011c 0B       		.uleb128 0xb
 1688 011d 05       		.uleb128 0x5
 1689 011e 3A       		.uleb128 0x3a
 1690 011f 0B       		.uleb128 0xb
 1691 0120 3B       		.uleb128 0x3b
 1692 0121 05       		.uleb128 0x5
 1693 0122 39       		.uleb128 0x39
 1694 0123 0B       		.uleb128 0xb
 1695 0124 01       		.uleb128 0x1
 1696 0125 13       		.uleb128 0x13
 1697 0126 00       		.byte	0
 1698 0127 00       		.byte	0
 1699 0128 19       		.uleb128 0x19
 1700 0129 0D       		.uleb128 0xd
 1701 012a 00       		.byte	0
 1702 012b 03       		.uleb128 0x3
 1703 012c 0E       		.uleb128 0xe
 1704 012d 3A       		.uleb128 0x3a
 1705 012e 0B       		.uleb128 0xb
 1706 012f 3B       		.uleb128 0x3b
 1707 0130 05       		.uleb128 0x5
 1708 0131 39       		.uleb128 0x39
 1709 0132 0B       		.uleb128 0xb
 1710 0133 49       		.uleb128 0x49
ARM GAS  C:\Users\jens-\AppData\Local\Temp\cc4B1is6.s 			page 31


 1711 0134 13       		.uleb128 0x13
 1712 0135 38       		.uleb128 0x38
 1713 0136 0B       		.uleb128 0xb
 1714 0137 00       		.byte	0
 1715 0138 00       		.byte	0
 1716 0139 1A       		.uleb128 0x1a
 1717 013a 0D       		.uleb128 0xd
 1718 013b 00       		.byte	0
 1719 013c 03       		.uleb128 0x3
 1720 013d 0E       		.uleb128 0xe
 1721 013e 3A       		.uleb128 0x3a
 1722 013f 0B       		.uleb128 0xb
 1723 0140 3B       		.uleb128 0x3b
 1724 0141 05       		.uleb128 0x5
 1725 0142 39       		.uleb128 0x39
 1726 0143 0B       		.uleb128 0xb
 1727 0144 49       		.uleb128 0x49
 1728 0145 13       		.uleb128 0x13
 1729 0146 38       		.uleb128 0x38
 1730 0147 05       		.uleb128 0x5
 1731 0148 00       		.byte	0
 1732 0149 00       		.byte	0
 1733 014a 1B       		.uleb128 0x1b
 1734 014b 13       		.uleb128 0x13
 1735 014c 01       		.byte	0x1
 1736 014d 03       		.uleb128 0x3
 1737 014e 0E       		.uleb128 0xe
 1738 014f 0B       		.uleb128 0xb
 1739 0150 0B       		.uleb128 0xb
 1740 0151 3A       		.uleb128 0x3a
 1741 0152 0B       		.uleb128 0xb
 1742 0153 3B       		.uleb128 0x3b
 1743 0154 05       		.uleb128 0x5
 1744 0155 39       		.uleb128 0x39
 1745 0156 0B       		.uleb128 0xb
 1746 0157 01       		.uleb128 0x1
 1747 0158 13       		.uleb128 0x13
 1748 0159 00       		.byte	0
 1749 015a 00       		.byte	0
 1750 015b 1C       		.uleb128 0x1c
 1751 015c 13       		.uleb128 0x13
 1752 015d 01       		.byte	0x1
 1753 015e 0B       		.uleb128 0xb
 1754 015f 0B       		.uleb128 0xb
 1755 0160 3A       		.uleb128 0x3a
 1756 0161 0B       		.uleb128 0xb
 1757 0162 3B       		.uleb128 0x3b
 1758 0163 05       		.uleb128 0x5
 1759 0164 39       		.uleb128 0x39
 1760 0165 0B       		.uleb128 0xb
 1761 0166 01       		.uleb128 0x1
 1762 0167 13       		.uleb128 0x13
 1763 0168 00       		.byte	0
 1764 0169 00       		.byte	0
 1765 016a 1D       		.uleb128 0x1d
 1766 016b 17       		.uleb128 0x17
 1767 016c 01       		.byte	0x1
ARM GAS  C:\Users\jens-\AppData\Local\Temp\cc4B1is6.s 			page 32


 1768 016d 0B       		.uleb128 0xb
 1769 016e 0B       		.uleb128 0xb
 1770 016f 3A       		.uleb128 0x3a
 1771 0170 0B       		.uleb128 0xb
 1772 0171 3B       		.uleb128 0x3b
 1773 0172 05       		.uleb128 0x5
 1774 0173 39       		.uleb128 0x39
 1775 0174 0B       		.uleb128 0xb
 1776 0175 01       		.uleb128 0x1
 1777 0176 13       		.uleb128 0x13
 1778 0177 00       		.byte	0
 1779 0178 00       		.byte	0
 1780 0179 1E       		.uleb128 0x1e
 1781 017a 0D       		.uleb128 0xd
 1782 017b 00       		.byte	0
 1783 017c 03       		.uleb128 0x3
 1784 017d 0E       		.uleb128 0xe
 1785 017e 3A       		.uleb128 0x3a
 1786 017f 0B       		.uleb128 0xb
 1787 0180 3B       		.uleb128 0x3b
 1788 0181 05       		.uleb128 0x5
 1789 0182 39       		.uleb128 0x39
 1790 0183 0B       		.uleb128 0xb
 1791 0184 49       		.uleb128 0x49
 1792 0185 13       		.uleb128 0x13
 1793 0186 00       		.byte	0
 1794 0187 00       		.byte	0
 1795 0188 1F       		.uleb128 0x1f
 1796 0189 15       		.uleb128 0x15
 1797 018a 01       		.byte	0x1
 1798 018b 27       		.uleb128 0x27
 1799 018c 19       		.uleb128 0x19
 1800 018d 01       		.uleb128 0x1
 1801 018e 13       		.uleb128 0x13
 1802 018f 00       		.byte	0
 1803 0190 00       		.byte	0
 1804 0191 20       		.uleb128 0x20
 1805 0192 34       		.uleb128 0x34
 1806 0193 00       		.byte	0
 1807 0194 03       		.uleb128 0x3
 1808 0195 0E       		.uleb128 0xe
 1809 0196 3A       		.uleb128 0x3a
 1810 0197 0B       		.uleb128 0xb
 1811 0198 3B       		.uleb128 0x3b
 1812 0199 05       		.uleb128 0x5
 1813 019a 39       		.uleb128 0x39
 1814 019b 0B       		.uleb128 0xb
 1815 019c 49       		.uleb128 0x49
 1816 019d 13       		.uleb128 0x13
 1817 019e 3F       		.uleb128 0x3f
 1818 019f 19       		.uleb128 0x19
 1819 01a0 3C       		.uleb128 0x3c
 1820 01a1 19       		.uleb128 0x19
 1821 01a2 00       		.byte	0
 1822 01a3 00       		.byte	0
 1823 01a4 21       		.uleb128 0x21
 1824 01a5 21       		.uleb128 0x21
ARM GAS  C:\Users\jens-\AppData\Local\Temp\cc4B1is6.s 			page 33


 1825 01a6 00       		.byte	0
 1826 01a7 00       		.byte	0
 1827 01a8 00       		.byte	0
 1828 01a9 22       		.uleb128 0x22
 1829 01aa 34       		.uleb128 0x34
 1830 01ab 00       		.byte	0
 1831 01ac 03       		.uleb128 0x3
 1832 01ad 0E       		.uleb128 0xe
 1833 01ae 3A       		.uleb128 0x3a
 1834 01af 0B       		.uleb128 0xb
 1835 01b0 3B       		.uleb128 0x3b
 1836 01b1 0B       		.uleb128 0xb
 1837 01b2 39       		.uleb128 0x39
 1838 01b3 0B       		.uleb128 0xb
 1839 01b4 49       		.uleb128 0x49
 1840 01b5 13       		.uleb128 0x13
 1841 01b6 3F       		.uleb128 0x3f
 1842 01b7 19       		.uleb128 0x19
 1843 01b8 3C       		.uleb128 0x3c
 1844 01b9 19       		.uleb128 0x19
 1845 01ba 00       		.byte	0
 1846 01bb 00       		.byte	0
 1847 01bc 00       		.byte	0
 1848              		.section	.debug_aranges,"",%progbits
 1849 0000 14000000 		.4byte	0x14
 1850 0004 0200     		.2byte	0x2
 1851 0006 00000000 		.4byte	.Ldebug_info0
 1852 000a 04       		.byte	0x4
 1853 000b 00       		.byte	0
 1854 000c 0000     		.2byte	0
 1855 000e 0000     		.2byte	0
 1856 0010 00000000 		.4byte	0
 1857 0014 00000000 		.4byte	0
 1858              		.section	.debug_line,"",%progbits
 1859              	.Ldebug_line0:
 1860 0000 FC010000 		.section	.debug_str,"MS",%progbits,1
 1860      0300F601 
 1860      00000201 
 1860      FB0E0D00 
 1860      01010101 
 1861              	.LASF43:
 1862 0000 5F64736F 		.ascii	"_dso_handle\000"
 1862      5F68616E 
 1862      646C6500 
 1863              	.LASF51:
 1864 000c 5F73697A 		.ascii	"_size\000"
 1864      6500
 1865              	.LASF42:
 1866 0012 5F666E61 		.ascii	"_fnargs\000"
 1866      72677300 
 1867              	.LASF95:
 1868 001a 5F72616E 		.ascii	"_rand48\000"
 1868      64343800 
 1869              	.LASF75:
 1870 0022 5F656D65 		.ascii	"_emergency\000"
 1870      7267656E 
 1870      637900
ARM GAS  C:\Users\jens-\AppData\Local\Temp\cc4B1is6.s 			page 34


 1871              	.LASF151:
 1872 002d 433A5C55 		.ascii	"C:\\Users\\jens-\\Documents\\PSoC Creator\\Projekt3"
 1872      73657273 
 1872      5C6A656E 
 1872      732D5C44 
 1872      6F63756D 
 1873 005b 5C50726F 		.ascii	"\\Projekt3_PSOC\\Projekt3_PSOC_I2C.cydsn\000"
 1873      6A656B74 
 1873      335F5053 
 1873      4F435C50 
 1873      726F6A65 
 1874              	.LASF65:
 1875 0082 5F646174 		.ascii	"_data\000"
 1875      6100
 1876              	.LASF145:
 1877 0088 4932435F 		.ascii	"I2C_1_slRdBufIndex\000"
 1877      315F736C 
 1877      52644275 
 1877      66496E64 
 1877      657800
 1878              	.LASF115:
 1879 009b 5F776372 		.ascii	"_wcrtomb_state\000"
 1879      746F6D62 
 1879      5F737461 
 1879      746500
 1880              	.LASF116:
 1881 00aa 5F776373 		.ascii	"_wcsrtombs_state\000"
 1881      72746F6D 
 1881      62735F73 
 1881      74617465 
 1881      00
 1882              	.LASF7:
 1883 00bb 6C6F6E67 		.ascii	"long long unsigned int\000"
 1883      206C6F6E 
 1883      6720756E 
 1883      7369676E 
 1883      65642069 
 1884              	.LASF55:
 1885 00d2 5F6C6266 		.ascii	"_lbfsize\000"
 1885      73697A65 
 1885      00
 1886              	.LASF135:
 1887 00db 61646472 		.ascii	"addr\000"
 1887      00
 1888              	.LASF147:
 1889 00e0 4932435F 		.ascii	"I2C_1_slWrBufSize\000"
 1889      315F736C 
 1889      57724275 
 1889      6653697A 
 1889      6500
 1890              	.LASF122:
 1891 00f2 5F5F6C6F 		.ascii	"__locale_t\000"
 1891      63616C65 
 1891      5F7400
 1892              	.LASF127:
 1893 00fd 64696554 		.ascii	"dieTemperature\000"
 1893      656D7065 
ARM GAS  C:\Users\jens-\AppData\Local\Temp\cc4B1is6.s 			page 35


 1893      72617475 
 1893      726500
 1894              	.LASF113:
 1895 010c 5F6D6272 		.ascii	"_mbrtowc_state\000"
 1895      746F7763 
 1895      5F737461 
 1895      746500
 1896              	.LASF131:
 1897 011b 63796465 		.ascii	"cydelay_freq_mhz\000"
 1897      6C61795F 
 1897      66726571 
 1897      5F6D687A 
 1897      00
 1898              	.LASF32:
 1899 012c 5F5F746D 		.ascii	"__tm_sec\000"
 1899      5F736563 
 1899      00
 1900              	.LASF6:
 1901 0135 6C6F6E67 		.ascii	"long long int\000"
 1901      206C6F6E 
 1901      6720696E 
 1901      7400
 1902              	.LASF0:
 1903 0143 7369676E 		.ascii	"signed char\000"
 1903      65642063 
 1903      68617200 
 1904              	.LASF61:
 1905 014f 5F756275 		.ascii	"_ubuf\000"
 1905      6600
 1906              	.LASF150:
 1907 0155 47656E65 		.ascii	"Generated_Source\\PSoC5\\I2C_1_MASTER.c\000"
 1907      72617465 
 1907      645F536F 
 1907      75726365 
 1907      5C50536F 
 1908              	.LASF34:
 1909 017b 5F5F746D 		.ascii	"__tm_hour\000"
 1909      5F686F75 
 1909      7200
 1910              	.LASF90:
 1911 0185 5F5F7366 		.ascii	"__sf\000"
 1911      00
 1912              	.LASF41:
 1913 018a 5F6F6E5F 		.ascii	"_on_exit_args\000"
 1913      65786974 
 1913      5F617267 
 1913      7300
 1914              	.LASF148:
 1915 0198 4932435F 		.ascii	"I2C_1_slWrBufIndex\000"
 1915      315F736C 
 1915      57724275 
 1915      66496E64 
 1915      657800
 1916              	.LASF56:
 1917 01ab 5F636F6F 		.ascii	"_cookie\000"
 1917      6B696500 
 1918              	.LASF89:
ARM GAS  C:\Users\jens-\AppData\Local\Temp\cc4B1is6.s 			page 36


 1919 01b3 5F5F7367 		.ascii	"__sglue\000"
 1919      6C756500 
 1920              	.LASF4:
 1921 01bb 6C6F6E67 		.ascii	"long int\000"
 1921      20696E74 
 1921      00
 1922              	.LASF53:
 1923 01c4 5F666C61 		.ascii	"_flags\000"
 1923      677300
 1924              	.LASF45:
 1925 01cb 5F69735F 		.ascii	"_is_cxa\000"
 1925      63786100 
 1926              	.LASF71:
 1927 01d3 5F737464 		.ascii	"_stdin\000"
 1927      696E00
 1928              	.LASF63:
 1929 01da 5F626C6B 		.ascii	"_blksize\000"
 1929      73697A65 
 1929      00
 1930              	.LASF9:
 1931 01e3 75696E74 		.ascii	"uint8\000"
 1931      3800
 1932              	.LASF12:
 1933 01e9 646F7562 		.ascii	"double\000"
 1933      6C6500
 1934              	.LASF146:
 1935 01f0 4932435F 		.ascii	"I2C_1_slWrBufPtr\000"
 1935      315F736C 
 1935      57724275 
 1935      66507472 
 1935      00
 1936              	.LASF85:
 1937 0201 5F637674 		.ascii	"_cvtbuf\000"
 1937      62756600 
 1938              	.LASF64:
 1939 0209 5F6F6666 		.ascii	"_offset\000"
 1939      73657400 
 1940              	.LASF114:
 1941 0211 5F6D6273 		.ascii	"_mbsrtowcs_state\000"
 1941      72746F77 
 1941      63735F73 
 1941      74617465 
 1941      00
 1942              	.LASF112:
 1943 0222 5F6D6272 		.ascii	"_mbrlen_state\000"
 1943      6C656E5F 
 1943      73746174 
 1943      6500
 1944              	.LASF10:
 1945 0230 75696E74 		.ascii	"uint32\000"
 1945      333200
 1946              	.LASF48:
 1947 0237 5F666E73 		.ascii	"_fns\000"
 1947      00
 1948              	.LASF28:
 1949 023c 5F736967 		.ascii	"_sign\000"
 1949      6E00
ARM GAS  C:\Users\jens-\AppData\Local\Temp\cc4B1is6.s 			page 37


 1950              	.LASF144:
 1951 0242 4932435F 		.ascii	"I2C_1_slRdBufSize\000"
 1951      315F736C 
 1951      52644275 
 1951      6653697A 
 1951      6500
 1952              	.LASF24:
 1953 0254 5F666C6F 		.ascii	"_flock_t\000"
 1953      636B5F74 
 1953      00
 1954              	.LASF73:
 1955 025d 5F737464 		.ascii	"_stderr\000"
 1955      65727200 
 1956              	.LASF30:
 1957 0265 5F426967 		.ascii	"_Bigint\000"
 1957      696E7400 
 1958              	.LASF103:
 1959 026d 5F67616D 		.ascii	"_gamma_signgam\000"
 1959      6D615F73 
 1959      69676E67 
 1959      616D00
 1960              	.LASF141:
 1961 027c 4932435F 		.ascii	"I2C_1_state\000"
 1961      315F7374 
 1961      61746500 
 1962              	.LASF57:
 1963 0288 5F726561 		.ascii	"_read\000"
 1963      6400
 1964              	.LASF81:
 1965 028e 5F726573 		.ascii	"_result_k\000"
 1965      756C745F 
 1965      6B00
 1966              	.LASF31:
 1967 0298 5F5F746D 		.ascii	"__tm\000"
 1967      00
 1968              	.LASF8:
 1969 029d 756E7369 		.ascii	"unsigned int\000"
 1969      676E6564 
 1969      20696E74 
 1969      00
 1970              	.LASF20:
 1971 02aa 5F5F7763 		.ascii	"__wchb\000"
 1971      686200
 1972              	.LASF72:
 1973 02b1 5F737464 		.ascii	"_stdout\000"
 1973      6F757400 
 1974              	.LASF84:
 1975 02b9 5F637674 		.ascii	"_cvtlen\000"
 1975      6C656E00 
 1976              	.LASF5:
 1977 02c1 6C6F6E67 		.ascii	"long unsigned int\000"
 1977      20756E73 
 1977      69676E65 
 1977      6420696E 
 1977      7400
 1978              	.LASF54:
 1979 02d3 5F66696C 		.ascii	"_file\000"
ARM GAS  C:\Users\jens-\AppData\Local\Temp\cc4B1is6.s 			page 38


 1979      6500
 1980              	.LASF93:
 1981 02d9 5F6E696F 		.ascii	"_niobs\000"
 1981      627300
 1982              	.LASF3:
 1983 02e0 73686F72 		.ascii	"short unsigned int\000"
 1983      7420756E 
 1983      7369676E 
 1983      65642069 
 1983      6E7400
 1984              	.LASF87:
 1985 02f3 5F617465 		.ascii	"_atexit0\000"
 1985      78697430 
 1985      00
 1986              	.LASF110:
 1987 02fc 5F736967 		.ascii	"_signal_buf\000"
 1987      6E616C5F 
 1987      62756600 
 1988              	.LASF101:
 1989 0308 5F617363 		.ascii	"_asctime_buf\000"
 1989      74696D65 
 1989      5F627566 
 1989      00
 1990              	.LASF134:
 1991 0315 78636667 		.ascii	"xcfg\000"
 1991      00
 1992              	.LASF80:
 1993 031a 5F726573 		.ascii	"_result\000"
 1993      756C7400 
 1994              	.LASF19:
 1995 0322 5F5F7763 		.ascii	"__wch\000"
 1995      6800
 1996              	.LASF15:
 1997 0328 5F4C4F43 		.ascii	"_LOCK_T\000"
 1997      4B5F5400 
 1998              	.LASF18:
 1999 0330 77696E74 		.ascii	"wint_t\000"
 1999      5F7400
 2000              	.LASF136:
 2001 0337 636C6B44 		.ascii	"clkDiv1\000"
 2001      69763100 
 2002              	.LASF137:
 2003 033f 636C6B44 		.ascii	"clkDiv2\000"
 2003      69763200 
 2004              	.LASF66:
 2005 0347 5F6C6F63 		.ascii	"_lock\000"
 2005      6B00
 2006              	.LASF68:
 2007 034d 5F666C61 		.ascii	"_flags2\000"
 2007      67733200 
 2008              	.LASF149:
 2009 0355 474E5520 		.ascii	"GNU C17 9.2.1 20191025 (release) [ARM/arm-9-branch "
 2009      43313720 
 2009      392E322E 
 2009      31203230 
 2009      31393130 
 2010 0388 72657669 		.ascii	"revision 277599] -mcpu=cortex-m3 -mthumb -mfloat-ab"
ARM GAS  C:\Users\jens-\AppData\Local\Temp\cc4B1is6.s 			page 39


 2010      73696F6E 
 2010      20323737 
 2010      3539395D 
 2010      202D6D63 
 2011 03bb 693D736F 		.ascii	"i=soft -march=armv7-m -g -Og -ffunction-sections -f"
 2011      6674202D 
 2011      6D617263 
 2011      683D6172 
 2011      6D76372D 
 2012 03ee 6661742D 		.ascii	"fat-lto-objects\000"
 2012      6C746F2D 
 2012      6F626A65 
 2012      63747300 
 2013              	.LASF58:
 2014 03fe 5F777269 		.ascii	"_write\000"
 2014      746500
 2015              	.LASF37:
 2016 0405 5F5F746D 		.ascii	"__tm_year\000"
 2016      5F796561 
 2016      7200
 2017              	.LASF130:
 2018 040f 63796465 		.ascii	"cydelay_freq_khz\000"
 2018      6C61795F 
 2018      66726571 
 2018      5F6B687A 
 2018      00
 2019              	.LASF119:
 2020 0420 5F6E6D61 		.ascii	"_nmalloc\000"
 2020      6C6C6F63 
 2020      00
 2021              	.LASF14:
 2022 0429 6C6F6E67 		.ascii	"long double\000"
 2022      20646F75 
 2022      626C6500 
 2023              	.LASF118:
 2024 0435 5F6E6578 		.ascii	"_nextf\000"
 2024      746600
 2025              	.LASF138:
 2026 043c 4932435F 		.ascii	"I2C_1_BACKUP_STRUCT\000"
 2026      315F4241 
 2026      434B5550 
 2026      5F535452 
 2026      55435400 
 2027              	.LASF36:
 2028 0450 5F5F746D 		.ascii	"__tm_mon\000"
 2028      5F6D6F6E 
 2028      00
 2029              	.LASF128:
 2030 0459 43795265 		.ascii	"CyResetStatus\000"
 2030      73657453 
 2030      74617475 
 2030      7300
 2031              	.LASF46:
 2032 0467 5F617465 		.ascii	"_atexit\000"
 2032      78697400 
 2033              	.LASF78:
 2034 046f 5F5F7364 		.ascii	"__sdidinit\000"
ARM GAS  C:\Users\jens-\AppData\Local\Temp\cc4B1is6.s 			page 40


 2034      6964696E 
 2034      697400
 2035              	.LASF16:
 2036 047a 5F6F6666 		.ascii	"_off_t\000"
 2036      5F7400
 2037              	.LASF11:
 2038 0481 666C6F61 		.ascii	"float\000"
 2038      7400
 2039              	.LASF83:
 2040 0487 5F667265 		.ascii	"_freelist\000"
 2040      656C6973 
 2040      7400
 2041              	.LASF108:
 2042 0491 5F776374 		.ascii	"_wctomb_state\000"
 2042      6F6D625F 
 2042      73746174 
 2042      6500
 2043              	.LASF129:
 2044 049f 63796465 		.ascii	"cydelay_freq_hz\000"
 2044      6C61795F 
 2044      66726571 
 2044      5F687A00 
 2045              	.LASF1:
 2046 04af 756E7369 		.ascii	"unsigned char\000"
 2046      676E6564 
 2046      20636861 
 2046      7200
 2047              	.LASF86:
 2048 04bd 5F6E6577 		.ascii	"_new\000"
 2048      00
 2049              	.LASF126:
 2050 04c2 5370634C 		.ascii	"SpcLockState\000"
 2050      6F636B53 
 2050      74617465 
 2050      00
 2051              	.LASF117:
 2052 04cf 5F685F65 		.ascii	"_h_errno\000"
 2052      72726E6F 
 2052      00
 2053              	.LASF2:
 2054 04d8 73686F72 		.ascii	"short int\000"
 2054      7420696E 
 2054      7400
 2055              	.LASF39:
 2056 04e2 5F5F746D 		.ascii	"__tm_yday\000"
 2056      5F796461 
 2056      7900
 2057              	.LASF49:
 2058 04ec 5F5F7362 		.ascii	"__sbuf\000"
 2058      756600
 2059              	.LASF94:
 2060 04f3 5F696F62 		.ascii	"_iobs\000"
 2060      7300
 2061              	.LASF91:
 2062 04f9 5F5F4649 		.ascii	"__FILE\000"
 2062      4C4500
 2063              	.LASF23:
ARM GAS  C:\Users\jens-\AppData\Local\Temp\cc4B1is6.s 			page 41


 2064 0500 5F6D6273 		.ascii	"_mbstate_t\000"
 2064      74617465 
 2064      5F7400
 2065              	.LASF52:
 2066 050b 5F5F7346 		.ascii	"__sFILE\000"
 2066      494C4500 
 2067              	.LASF67:
 2068 0513 5F6D6273 		.ascii	"_mbstate\000"
 2068      74617465 
 2068      00
 2069              	.LASF104:
 2070 051c 5F72616E 		.ascii	"_rand_next\000"
 2070      645F6E65 
 2070      787400
 2071              	.LASF106:
 2072 0527 5F6D626C 		.ascii	"_mblen_state\000"
 2072      656E5F73 
 2072      74617465 
 2072      00
 2073              	.LASF74:
 2074 0534 5F696E63 		.ascii	"_inc\000"
 2074      00
 2075              	.LASF47:
 2076 0539 5F696E64 		.ascii	"_ind\000"
 2076      00
 2077              	.LASF77:
 2078 053e 5F6C6F63 		.ascii	"_locale\000"
 2078      616C6500 
 2079              	.LASF79:
 2080 0546 5F5F636C 		.ascii	"__cleanup\000"
 2080      65616E75 
 2080      7000
 2081              	.LASF76:
 2082 0550 5F756E73 		.ascii	"_unspecified_locale_info\000"
 2082      70656369 
 2082      66696564 
 2082      5F6C6F63 
 2082      616C655F 
 2083              	.LASF27:
 2084 0569 5F6D6178 		.ascii	"_maxwds\000"
 2084      77647300 
 2085              	.LASF69:
 2086 0571 5F726565 		.ascii	"_reent\000"
 2086      6E7400
 2087              	.LASF96:
 2088 0578 5F736565 		.ascii	"_seed\000"
 2088      6400
 2089              	.LASF132:
 2090 057e 63796465 		.ascii	"cydelay_32k_ms\000"
 2090      6C61795F 
 2090      33326B5F 
 2090      6D7300
 2091              	.LASF21:
 2092 058d 5F5F636F 		.ascii	"__count\000"
 2092      756E7400 
 2093              	.LASF121:
 2094 0595 5F5F6C6F 		.ascii	"__lock\000"
ARM GAS  C:\Users\jens-\AppData\Local\Temp\cc4B1is6.s 			page 42


 2094      636B00
 2095              	.LASF22:
 2096 059c 5F5F7661 		.ascii	"__value\000"
 2096      6C756500 
 2097              	.LASF59:
 2098 05a4 5F736565 		.ascii	"_seek\000"
 2098      6B00
 2099              	.LASF123:
 2100 05aa 5F696D70 		.ascii	"_impure_ptr\000"
 2100      7572655F 
 2100      70747200 
 2101              	.LASF17:
 2102 05b6 5F66706F 		.ascii	"_fpos_t\000"
 2102      735F7400 
 2103              	.LASF70:
 2104 05be 5F657272 		.ascii	"_errno\000"
 2104      6E6F00
 2105              	.LASF13:
 2106 05c5 63686172 		.ascii	"char\000"
 2106      00
 2107              	.LASF33:
 2108 05ca 5F5F746D 		.ascii	"__tm_min\000"
 2108      5F6D696E 
 2108      00
 2109              	.LASF133:
 2110 05d3 656E6162 		.ascii	"enableState\000"
 2110      6C655374 
 2110      61746500 
 2111              	.LASF139:
 2112 05df 4932435F 		.ascii	"I2C_1_initVar\000"
 2112      315F696E 
 2112      69745661 
 2112      7200
 2113              	.LASF125:
 2114 05ed 5F637479 		.ascii	"_ctype_\000"
 2114      70655F00 
 2115              	.LASF97:
 2116 05f5 5F6D756C 		.ascii	"_mult\000"
 2116      7400
 2117              	.LASF26:
 2118 05fb 5F6E6578 		.ascii	"_next\000"
 2118      7400
 2119              	.LASF100:
 2120 0601 5F737472 		.ascii	"_strtok_last\000"
 2120      746F6B5F 
 2120      6C617374 
 2120      00
 2121              	.LASF44:
 2122 060e 5F666E74 		.ascii	"_fntypes\000"
 2122      79706573 
 2122      00
 2123              	.LASF98:
 2124 0617 5F616464 		.ascii	"_add\000"
 2124      00
 2125              	.LASF25:
 2126 061c 5F5F554C 		.ascii	"__ULong\000"
 2126      6F6E6700 
ARM GAS  C:\Users\jens-\AppData\Local\Temp\cc4B1is6.s 			page 43


 2127              	.LASF111:
 2128 0624 5F676574 		.ascii	"_getdate_err\000"
 2128      64617465 
 2128      5F657272 
 2128      00
 2129              	.LASF143:
 2130 0631 4932435F 		.ascii	"I2C_1_slRdBufPtr\000"
 2130      315F736C 
 2130      52644275 
 2130      66507472 
 2130      00
 2131              	.LASF124:
 2132 0642 5F676C6F 		.ascii	"_global_impure_ptr\000"
 2132      62616C5F 
 2132      696D7075 
 2132      72655F70 
 2132      747200
 2133              	.LASF99:
 2134 0655 5F756E75 		.ascii	"_unused_rand\000"
 2134      7365645F 
 2134      72616E64 
 2134      00
 2135              	.LASF140:
 2136 0662 4932435F 		.ascii	"I2C_1_backup\000"
 2136      315F6261 
 2136      636B7570 
 2136      00
 2137              	.LASF29:
 2138 066f 5F776473 		.ascii	"_wds\000"
 2138      00
 2139              	.LASF38:
 2140 0674 5F5F746D 		.ascii	"__tm_wday\000"
 2140      5F776461 
 2140      7900
 2141              	.LASF92:
 2142 067e 5F676C75 		.ascii	"_glue\000"
 2142      6500
 2143              	.LASF50:
 2144 0684 5F626173 		.ascii	"_base\000"
 2144      6500
 2145              	.LASF109:
 2146 068a 5F6C3634 		.ascii	"_l64a_buf\000"
 2146      615F6275 
 2146      6600
 2147              	.LASF88:
 2148 0694 5F736967 		.ascii	"_sig_func\000"
 2148      5F66756E 
 2148      6300
 2149              	.LASF62:
 2150 069e 5F6E6275 		.ascii	"_nbuf\000"
 2150      6600
 2151              	.LASF120:
 2152 06a4 5F756E75 		.ascii	"_unused\000"
 2152      73656400 
 2153              	.LASF40:
 2154 06ac 5F5F746D 		.ascii	"__tm_isdst\000"
 2154      5F697364 
ARM GAS  C:\Users\jens-\AppData\Local\Temp\cc4B1is6.s 			page 44


 2154      737400
 2155              	.LASF102:
 2156 06b7 5F6C6F63 		.ascii	"_localtime_buf\000"
 2156      616C7469 
 2156      6D655F62 
 2156      756600
 2157              	.LASF60:
 2158 06c6 5F636C6F 		.ascii	"_close\000"
 2158      736500
 2159              	.LASF105:
 2160 06cd 5F723438 		.ascii	"_r48\000"
 2160      00
 2161              	.LASF107:
 2162 06d2 5F6D6274 		.ascii	"_mbtowc_state\000"
 2162      6F77635F 
 2162      73746174 
 2162      6500
 2163              	.LASF82:
 2164 06e0 5F703573 		.ascii	"_p5s\000"
 2164      00
 2165              	.LASF142:
 2166 06e5 4932435F 		.ascii	"I2C_1_slStatus\000"
 2166      315F736C 
 2166      53746174 
 2166      757300
 2167              	.LASF35:
 2168 06f4 5F5F746D 		.ascii	"__tm_mday\000"
 2168      5F6D6461 
 2168      7900
 2169              		.ident	"GCC: (GNU Tools for Arm Embedded Processors 9-2019-q4-major) 9.2.1 20191025 (release) [ARM
