ARM GAS  C:\Users\jens-\AppData\Local\Temp\ccQbzuYd.s 			page 1


   1              		.cpu cortex-m3
   2              		.eabi_attribute 20, 1
   3              		.eabi_attribute 21, 1
   4              		.eabi_attribute 23, 3
   5              		.eabi_attribute 24, 1
   6              		.eabi_attribute 25, 1
   7              		.eabi_attribute 26, 1
   8              		.eabi_attribute 30, 1
   9              		.eabi_attribute 34, 1
  10              		.eabi_attribute 18, 4
  11              		.file	"PSOC_controller.h"
  12              		.text
  13              	.Ltext0:
  14              		.cfi_sections	.debug_frame
  15              	.Letext0:
  16              		.section	.debug_info,"",%progbits
  17              	.Ldebug_info0:
  18 0000 60000000 		.4byte	0x60
  19 0004 0400     		.2byte	0x4
  20 0006 00000000 		.4byte	.Ldebug_abbrev0
  21 000a 04       		.byte	0x4
  22 000b 01       		.uleb128 0x1
  23 000c 1F000000 		.4byte	.LASF9
  24 0010 04       		.byte	0x4
  25 0011 24010000 		.4byte	.LASF10
  26 0015 4D010000 		.4byte	.LASF11
  27 0019 00000000 		.4byte	.Ldebug_line0
  28 001d 02       		.uleb128 0x2
  29 001e 01       		.byte	0x1
  30 001f 06       		.byte	0x6
  31 0020 E4000000 		.4byte	.LASF0
  32 0024 02       		.uleb128 0x2
  33 0025 01       		.byte	0x1
  34 0026 08       		.byte	0x8
  35 0027 36010000 		.4byte	.LASF1
  36 002b 02       		.uleb128 0x2
  37 002c 02       		.byte	0x2
  38 002d 05       		.byte	0x5
  39 002e 03010000 		.4byte	.LASF2
  40 0032 02       		.uleb128 0x2
  41 0033 02       		.byte	0x2
  42 0034 07       		.byte	0x7
  43 0035 F0000000 		.4byte	.LASF3
  44 0039 02       		.uleb128 0x2
  45 003a 04       		.byte	0x4
  46 003b 05       		.byte	0x5
  47 003c 44010000 		.4byte	.LASF4
  48 0040 02       		.uleb128 0x2
  49 0041 04       		.byte	0x4
  50 0042 07       		.byte	0x7
  51 0043 0D000000 		.4byte	.LASF5
  52 0047 02       		.uleb128 0x2
  53 0048 08       		.byte	0x8
  54 0049 05       		.byte	0x5
  55 004a A2010000 		.4byte	.LASF6
  56 004e 02       		.uleb128 0x2
  57 004f 08       		.byte	0x8
ARM GAS  C:\Users\jens-\AppData\Local\Temp\ccQbzuYd.s 			page 2


  58 0050 07       		.byte	0x7
  59 0051 0D010000 		.4byte	.LASF7
  60 0055 03       		.uleb128 0x3
  61 0056 04       		.byte	0x4
  62 0057 05       		.byte	0x5
  63 0058 696E7400 		.ascii	"int\000"
  64 005c 02       		.uleb128 0x2
  65 005d 04       		.byte	0x4
  66 005e 07       		.byte	0x7
  67 005f 00000000 		.4byte	.LASF8
  68 0063 00       		.byte	0
  69              		.section	.debug_abbrev,"",%progbits
  70              	.Ldebug_abbrev0:
  71 0000 01       		.uleb128 0x1
  72 0001 11       		.uleb128 0x11
  73 0002 01       		.byte	0x1
  74 0003 25       		.uleb128 0x25
  75 0004 0E       		.uleb128 0xe
  76 0005 13       		.uleb128 0x13
  77 0006 0B       		.uleb128 0xb
  78 0007 03       		.uleb128 0x3
  79 0008 0E       		.uleb128 0xe
  80 0009 1B       		.uleb128 0x1b
  81 000a 0E       		.uleb128 0xe
  82 000b 10       		.uleb128 0x10
  83 000c 17       		.uleb128 0x17
  84 000d 00       		.byte	0
  85 000e 00       		.byte	0
  86 000f 02       		.uleb128 0x2
  87 0010 24       		.uleb128 0x24
  88 0011 00       		.byte	0
  89 0012 0B       		.uleb128 0xb
  90 0013 0B       		.uleb128 0xb
  91 0014 3E       		.uleb128 0x3e
  92 0015 0B       		.uleb128 0xb
  93 0016 03       		.uleb128 0x3
  94 0017 0E       		.uleb128 0xe
  95 0018 00       		.byte	0
  96 0019 00       		.byte	0
  97 001a 03       		.uleb128 0x3
  98 001b 24       		.uleb128 0x24
  99 001c 00       		.byte	0
 100 001d 0B       		.uleb128 0xb
 101 001e 0B       		.uleb128 0xb
 102 001f 3E       		.uleb128 0x3e
 103 0020 0B       		.uleb128 0xb
 104 0021 03       		.uleb128 0x3
 105 0022 08       		.uleb128 0x8
 106 0023 00       		.byte	0
 107 0024 00       		.byte	0
 108 0025 00       		.byte	0
 109              		.section	.debug_aranges,"",%progbits
 110 0000 14000000 		.4byte	0x14
 111 0004 0200     		.2byte	0x2
 112 0006 00000000 		.4byte	.Ldebug_info0
 113 000a 04       		.byte	0x4
 114 000b 00       		.byte	0
ARM GAS  C:\Users\jens-\AppData\Local\Temp\ccQbzuYd.s 			page 3


 115 000c 0000     		.2byte	0
 116 000e 0000     		.2byte	0
 117 0010 00000000 		.4byte	0
 118 0014 00000000 		.4byte	0
 119              		.section	.debug_line,"",%progbits
 120              	.Ldebug_line0:
 121 0000 19000000 		.section	.debug_str,"MS",%progbits,1
 121      03001300 
 121      00000201 
 121      FB0E0D00 
 121      01010101 
 122              	.LASF8:
 123 0000 756E7369 		.ascii	"unsigned int\000"
 123      676E6564 
 123      20696E74 
 123      00
 124              	.LASF5:
 125 000d 6C6F6E67 		.ascii	"long unsigned int\000"
 125      20756E73 
 125      69676E65 
 125      6420696E 
 125      7400
 126              	.LASF9:
 127 001f 474E5520 		.ascii	"GNU C++14 9.2.1 20191025 (release) [ARM/arm-9-branc"
 127      432B2B31 
 127      3420392E 
 127      322E3120 
 127      32303139 
 128 0052 68207265 		.ascii	"h revision 277599] -mcpu=cortex-m3 -mthumb -mfloat-"
 128      76697369 
 128      6F6E2032 
 128      37373539 
 128      395D202D 
 129 0085 6162693D 		.ascii	"abi=soft -march=armv7-m -g -Og -ffunction-sections "
 129      736F6674 
 129      202D6D61 
 129      7263683D 
 129      61726D76 
 130 00b8 2D666661 		.ascii	"-ffat-lto-objects -fno-exceptions -fno-rtti\000"
 130      742D6C74 
 130      6F2D6F62 
 130      6A656374 
 130      73202D66 
 131              	.LASF0:
 132 00e4 7369676E 		.ascii	"signed char\000"
 132      65642063 
 132      68617200 
 133              	.LASF3:
 134 00f0 73686F72 		.ascii	"short unsigned int\000"
 134      7420756E 
 134      7369676E 
 134      65642069 
 134      6E7400
 135              	.LASF2:
 136 0103 73686F72 		.ascii	"short int\000"
 136      7420696E 
 136      7400
ARM GAS  C:\Users\jens-\AppData\Local\Temp\ccQbzuYd.s 			page 4


 137              	.LASF7:
 138 010d 6C6F6E67 		.ascii	"long long unsigned int\000"
 138      206C6F6E 
 138      6720756E 
 138      7369676E 
 138      65642069 
 139              	.LASF10:
 140 0124 50534F43 		.ascii	"PSOC_controller.h\000"
 140      5F636F6E 
 140      74726F6C 
 140      6C65722E 
 140      6800
 141              	.LASF1:
 142 0136 756E7369 		.ascii	"unsigned char\000"
 142      676E6564 
 142      20636861 
 142      7200
 143              	.LASF4:
 144 0144 6C6F6E67 		.ascii	"long int\000"
 144      20696E74 
 144      00
 145              	.LASF11:
 146 014d 433A5C55 		.ascii	"C:\\Users\\jens-\\Documents\\PSoC Creator\\Projekt3"
 146      73657273 
 146      5C6A656E 
 146      732D5C44 
 146      6F63756D 
 147 017b 5C50726F 		.ascii	"\\Projekt3_PSOC\\Projekt3_PSOC_I2C.cydsn\000"
 147      6A656B74 
 147      335F5053 
 147      4F435C50 
 147      726F6A65 
 148              	.LASF6:
 149 01a2 6C6F6E67 		.ascii	"long long int\000"
 149      206C6F6E 
 149      6720696E 
 149      7400
 150              		.ident	"GCC: (GNU Tools for Arm Embedded Processors 9-2019-q4-major) 9.2.1 20191025 (release) [ARM
