ARM GAS  C:\Users\jens-\AppData\Local\Temp\ccv5GfUY.s 			page 1


   1              		.cpu cortex-m3
   2              		.eabi_attribute 20, 1
   3              		.eabi_attribute 21, 1
   4              		.eabi_attribute 23, 3
   5              		.eabi_attribute 24, 1
   6              		.eabi_attribute 25, 1
   7              		.eabi_attribute 26, 1
   8              		.eabi_attribute 30, 1
   9              		.eabi_attribute 34, 1
  10              		.eabi_attribute 18, 4
  11              		.file	"RaspberryIF.h"
  12              		.text
  13              	.Ltext0:
  14              		.cfi_sections	.debug_frame
  15              	.Letext0:
  16              		.section	.debug_info,"",%progbits
  17              	.Ldebug_info0:
  18 0000 67000000 		.4byte	0x67
  19 0004 0400     		.2byte	0x4
  20 0006 00000000 		.4byte	.Ldebug_abbrev0
  21 000a 04       		.byte	0x4
  22 000b 01       		.uleb128 0x1
  23 000c 28000000 		.4byte	.LASF10
  24 0010 04       		.byte	0x4
  25 0011 83010000 		.4byte	.LASF11
  26 0015 ED000000 		.4byte	.LASF12
  27 0019 00000000 		.4byte	.Ldebug_line0
  28 001d 02       		.uleb128 0x2
  29 001e 01       		.byte	0x1
  30 001f 06       		.byte	0x6
  31 0020 35010000 		.4byte	.LASF0
  32 0024 02       		.uleb128 0x2
  33 0025 01       		.byte	0x1
  34 0026 08       		.byte	0x8
  35 0027 75010000 		.4byte	.LASF1
  36 002b 02       		.uleb128 0x2
  37 002c 02       		.byte	0x2
  38 002d 05       		.byte	0x5
  39 002e 54010000 		.4byte	.LASF2
  40 0032 02       		.uleb128 0x2
  41 0033 02       		.byte	0x2
  42 0034 07       		.byte	0x7
  43 0035 41010000 		.4byte	.LASF3
  44 0039 02       		.uleb128 0x2
  45 003a 04       		.byte	0x4
  46 003b 05       		.byte	0x5
  47 003c 1F000000 		.4byte	.LASF4
  48 0040 02       		.uleb128 0x2
  49 0041 04       		.byte	0x4
  50 0042 07       		.byte	0x7
  51 0043 0D000000 		.4byte	.LASF5
  52 0047 02       		.uleb128 0x2
  53 0048 08       		.byte	0x8
  54 0049 05       		.byte	0x5
  55 004a 96010000 		.4byte	.LASF6
  56 004e 02       		.uleb128 0x2
  57 004f 08       		.byte	0x8
ARM GAS  C:\Users\jens-\AppData\Local\Temp\ccv5GfUY.s 			page 2


  58 0050 07       		.byte	0x7
  59 0051 5E010000 		.4byte	.LASF7
  60 0055 03       		.uleb128 0x3
  61 0056 04       		.byte	0x4
  62 0057 05       		.byte	0x5
  63 0058 696E7400 		.ascii	"int\000"
  64 005c 02       		.uleb128 0x2
  65 005d 04       		.byte	0x4
  66 005e 07       		.byte	0x7
  67 005f 00000000 		.4byte	.LASF8
  68 0063 02       		.uleb128 0x2
  69 0064 01       		.byte	0x1
  70 0065 08       		.byte	0x8
  71 0066 91010000 		.4byte	.LASF9
  72 006a 00       		.byte	0
  73              		.section	.debug_abbrev,"",%progbits
  74              	.Ldebug_abbrev0:
  75 0000 01       		.uleb128 0x1
  76 0001 11       		.uleb128 0x11
  77 0002 01       		.byte	0x1
  78 0003 25       		.uleb128 0x25
  79 0004 0E       		.uleb128 0xe
  80 0005 13       		.uleb128 0x13
  81 0006 0B       		.uleb128 0xb
  82 0007 03       		.uleb128 0x3
  83 0008 0E       		.uleb128 0xe
  84 0009 1B       		.uleb128 0x1b
  85 000a 0E       		.uleb128 0xe
  86 000b 10       		.uleb128 0x10
  87 000c 17       		.uleb128 0x17
  88 000d 00       		.byte	0
  89 000e 00       		.byte	0
  90 000f 02       		.uleb128 0x2
  91 0010 24       		.uleb128 0x24
  92 0011 00       		.byte	0
  93 0012 0B       		.uleb128 0xb
  94 0013 0B       		.uleb128 0xb
  95 0014 3E       		.uleb128 0x3e
  96 0015 0B       		.uleb128 0xb
  97 0016 03       		.uleb128 0x3
  98 0017 0E       		.uleb128 0xe
  99 0018 00       		.byte	0
 100 0019 00       		.byte	0
 101 001a 03       		.uleb128 0x3
 102 001b 24       		.uleb128 0x24
 103 001c 00       		.byte	0
 104 001d 0B       		.uleb128 0xb
 105 001e 0B       		.uleb128 0xb
 106 001f 3E       		.uleb128 0x3e
 107 0020 0B       		.uleb128 0xb
 108 0021 03       		.uleb128 0x3
 109 0022 08       		.uleb128 0x8
 110 0023 00       		.byte	0
 111 0024 00       		.byte	0
 112 0025 00       		.byte	0
 113              		.section	.debug_aranges,"",%progbits
 114 0000 14000000 		.4byte	0x14
ARM GAS  C:\Users\jens-\AppData\Local\Temp\ccv5GfUY.s 			page 3


 115 0004 0200     		.2byte	0x2
 116 0006 00000000 		.4byte	.Ldebug_info0
 117 000a 04       		.byte	0x4
 118 000b 00       		.byte	0
 119 000c 0000     		.2byte	0
 120 000e 0000     		.2byte	0
 121 0010 00000000 		.4byte	0
 122 0014 00000000 		.4byte	0
 123              		.section	.debug_line,"",%progbits
 124              	.Ldebug_line0:
 125 0000 19000000 		.section	.debug_str,"MS",%progbits,1
 125      03001300 
 125      00000201 
 125      FB0E0D00 
 125      01010101 
 126              	.LASF8:
 127 0000 756E7369 		.ascii	"unsigned int\000"
 127      676E6564 
 127      20696E74 
 127      00
 128              	.LASF5:
 129 000d 6C6F6E67 		.ascii	"long unsigned int\000"
 129      20756E73 
 129      69676E65 
 129      6420696E 
 129      7400
 130              	.LASF4:
 131 001f 6C6F6E67 		.ascii	"long int\000"
 131      20696E74 
 131      00
 132              	.LASF10:
 133 0028 474E5520 		.ascii	"GNU C++14 9.2.1 20191025 (release) [ARM/arm-9-branc"
 133      432B2B31 
 133      3420392E 
 133      322E3120 
 133      32303139 
 134 005b 68207265 		.ascii	"h revision 277599] -mcpu=cortex-m3 -mthumb -mfloat-"
 134      76697369 
 134      6F6E2032 
 134      37373539 
 134      395D202D 
 135 008e 6162693D 		.ascii	"abi=soft -march=armv7-m -g -Og -ffunction-sections "
 135      736F6674 
 135      202D6D61 
 135      7263683D 
 135      61726D76 
 136 00c1 2D666661 		.ascii	"-ffat-lto-objects -fno-exceptions -fno-rtti\000"
 136      742D6C74 
 136      6F2D6F62 
 136      6A656374 
 136      73202D66 
 137              	.LASF12:
 138 00ed 433A5C55 		.ascii	"C:\\Users\\jens-\\3.Projekt\\Projekt3\\Projekt3_PSO"
 138      73657273 
 138      5C6A656E 
 138      732D5C33 
 138      2E50726F 
ARM GAS  C:\Users\jens-\AppData\Local\Temp\ccv5GfUY.s 			page 4


 139 011b 435C5072 		.ascii	"C\\Projekt3_PSOC_I2C.cydsn\000"
 139      6F6A656B 
 139      74335F50 
 139      534F435F 
 139      4932432E 
 140              	.LASF0:
 141 0135 7369676E 		.ascii	"signed char\000"
 141      65642063 
 141      68617200 
 142              	.LASF3:
 143 0141 73686F72 		.ascii	"short unsigned int\000"
 143      7420756E 
 143      7369676E 
 143      65642069 
 143      6E7400
 144              	.LASF2:
 145 0154 73686F72 		.ascii	"short int\000"
 145      7420696E 
 145      7400
 146              	.LASF7:
 147 015e 6C6F6E67 		.ascii	"long long unsigned int\000"
 147      206C6F6E 
 147      6720756E 
 147      7369676E 
 147      65642069 
 148              	.LASF1:
 149 0175 756E7369 		.ascii	"unsigned char\000"
 149      676E6564 
 149      20636861 
 149      7200
 150              	.LASF11:
 151 0183 52617370 		.ascii	"RaspberryIF.h\000"
 151      62657272 
 151      7949462E 
 151      6800
 152              	.LASF9:
 153 0191 63686172 		.ascii	"char\000"
 153      00
 154              	.LASF6:
 155 0196 6C6F6E67 		.ascii	"long long int\000"
 155      206C6F6E 
 155      6720696E 
 155      7400
 156              		.ident	"GCC: (GNU Tools for Arm Embedded Processors 9-2019-q4-major) 9.2.1 20191025 (release) [ARM
