ARM GAS  C:\Users\jens-\AppData\Local\Temp\ccHpnkQD.s 			page 1


   1              		.cpu cortex-m3
   2              		.eabi_attribute 20, 1
   3              		.eabi_attribute 21, 1
   4              		.eabi_attribute 23, 3
   5              		.eabi_attribute 24, 1
   6              		.eabi_attribute 25, 1
   7              		.eabi_attribute 26, 1
   8              		.eabi_attribute 30, 1
   9              		.eabi_attribute 34, 1
  10              		.eabi_attribute 18, 4
  11              		.file	"cymetadata.c"
  12              		.text
  13              	.Ltext0:
  14              		.cfi_sections	.debug_frame
  15              		.global	cy_metadata
  16              		.global	cy_meta_flashprotect
  17              		.global	cy_meta_wonvl
  18              		.global	cy_meta_custnvl
  19              		.global	cy_meta_configecc
  20              		.section	.cyconfigecc,"a"
  21              		.align	2
  22              		.type	cy_meta_configecc, %object
  23              		.size	cy_meta_configecc, 888
  24              	cy_meta_configecc:
  25 0000 03650040 		.ascii	"\003e\000@\003\025\001@\001\027\001@\024\030\001@?\031"
  25      03150140 
  25      01170140 
  25      14180140 
  25      3F19
  26 0012 0140701A 		.ascii	"\001@p\032\001@S\033\001@\002B\001@\001C\001@\003H\001"
  26      0140531B 
  26      01400242 
  26      01400143 
  26      01400348 
  27 0027 40104901 		.ascii	"@\020I\001@\011L\001@\015M\001@\002P\001@\001Q\001@"
  27      40094C01 
  27      400D4D01 
  27      40025001 
  27      40015101 
  28 003c 88728938 		.ascii	"\210r\2118\213\017\340\010\344\001\352\011\342\004\206"
  28      8B0FE008 
  28      E401EA09 
  28      E20486
  29 004b 028E0492 		.ascii	"\002\216\004\222\004\231\001\232\002\244\001\250\001"
  29      0499019A 
  29      02A401A8 
  29      01
  30 0058 AC01B002 		.ascii	"\254\001\260\002\262\001\264\004\265\001\273\200\276"
  30      B201B404 
  30      B501BB80 
  30      BE
  31 0065 11BF10D4 		.ascii	"\021\277\020\324\030\330\004\331\004\333\004\337\001"
  31      18D804D9 
  31      04DB04DF 
  31      01
  32 0072 02200302 		.ascii	"\002 \003\002\006A\007\024\011\021\016b\017\010\020"
  32      06410714 
ARM GAS  C:\Users\jens-\AppData\Local\Temp\ccHpnkQD.s 			page 2


  32      09110E62 
  32      0F0810
  33 0081 22111015 		.ascii	"\"\021\020\025\301\027(\030\004\033\015\035\004\036"
  33      C1172818 
  33      041B0D1D 
  33      041E
  34 008f 46214022 		.ascii	"F!@\"\020%\001& '\020-@.\010/\0102\0043(5@6\0017\020"
  34      10250126 
  34      2027102D 
  34      402E082F 
  34      08320433 
  35 00aa 3D083E62 		.ascii	"=\010>bD\200E\010G@N\004O@U\020W\002[\001^\004`\004"
  35      44804508 
  35      47404E04 
  35      4F405510 
  35      57025B01 
  36 00c2 63026C22 		.ascii	"c\002l\"m\020v+w(x\200z\001\202\020\212 \213@\215H\300"
  36      6D10762B 
  36      77287880 
  36      7A018210 
  36      8A208B40 
  37 00d9 F5C2FAC4 		.ascii	"\365\302\372\304\367\312p\314\264\316\360\320\320\322"
  37      F7CA70CC 
  37      B4CEF0D0 
  37      D0D2
  38 00e7 30D641D8 		.ascii	"0\326A\330\014\342\004\344\004\004\020\005\200\006\254"
  38      0CE204E4 
  38      04041005 
  38      8006AC
  39 00f6 07130C0C 		.ascii	"\007\023\014\014\016q\017\014\020\011\022\320\024\024"
  39      0E710F0C 
  39      100912D0 
  39      1414
  40 0104 152C1743 		.ascii	"\025,\027C\031q\032\003\033\006\037\010 \020!q\"@#\016"
  40      19711A03 
  40      1B061F08 
  40      20102171 
  40      2240230E 
  41 0118 262028DC 		.ascii	"& (\334*\"0\3401\3003\0174\037509\":\002;\010?\020@"
  41      2A2230E0 
  41      31C0330F 
  41      341F3530 
  41      39223A02 
  42 0131 02460449 		.ascii	"\002F\004I\377J\007K\377L@M N\360O\005P\010X\004Y\004"
  42      FF4A074B 
  42      FF4C404D 
  42      204EF04F 
  42      05500858 
  43 0148 5A045F01 		.ascii	"Z\004_\001`@a\250b@c \200\023\201\021\202\004\203h\204"
  43      604061A8 
  43      62406320 
  43      80138111 
  43      82048368 
  44 015d 13853086 		.ascii	"\023\2050\206\014\210\200\2110\212 \214@\215\003\216"
  44      0C888089 
  44      308A208C 
  44      408D038E 
ARM GAS  C:\Users\jens-\AppData\Local\Temp\ccHpnkQD.s 			page 3


  45 016d 20910392 		.ascii	" \221\003\222\010\224\012\225\"\226\024\227\030\230"
  45      08940A95 
  45      22961497 
  45      1898
  46 017b E09B039C 		.ascii	"\340\233\003\234\003\236\024\240 \241\003\242\300\243"
  46      039E14A0 
  46      20A103A2 
  46      C0A3
  47 0189 04A615A8 		.ascii	"\004\246\025\250\340\253\003\257\003\260\020\261\014"
  47      E0AB03AF 
  47      03B010B1 
  47      0C
  48 0196 B340B40F 		.ascii	"\263@\264\017\2650\266\340\267\003\272 \276\001\277"
  48      B530B6E0 
  48      B703BA20 
  48      BE01BF
  49 01a5 01C036C1 		.ascii	"\001\3006\301\001\305\013\306\016\307\300\310%\311\377"
  49      01C50BC6 
  49      0EC7C0C8 
  49      25C9FF
  50 01b4 CAFFCBFF 		.ascii	"\312\377\313\377\316\360\317D\320\014\324\001\330\004"
  50      CEF0CF44 
  50      D00CD401 
  50      D804
  51 01c2 D904DA04 		.ascii	"\331\004\332\004\333\004\337\001\346\300\352@\353\002"
  51      DB04DF01 
  51      E6C0EA40 
  51      EB02
  52 01d0 02110501 		.ascii	"\002\021\005\001\006\022\007\010\012$\013@\014 \015"
  52      06120708 
  52      0A240B40 
  52      0C200D
  53 01df 080F4610 		.ascii	"\010\017F\020\200\021\004\022\010\025\025\031\001\032"
  53      80110412 
  53      08151519 
  53      011A
  54 01ed 041B201C 		.ascii	"\004\033 \034@\035\020\037@ \004!\010\"\010#@%\004'"
  54      401D101F 
  54      40200421 
  54      08220823 
  54      40250427 
  55 0201 4D29112A 		.ascii	"M)\021*\021-\001.@/H0\2001\0306\0017\0308\0109\004;"
  55      112D012E 
  55      402F4830 
  55      80311836 
  55      01371838 
  56 0219 403D503E 		.ascii	"@=P>\002?\004@\004F\021L\004N\020P\204U\001V@W\001X"
  56      023F0440 
  56      0446114C 
  56      044E1050 
  56      84550156 
  57 0231 0859045C 		.ascii	"\010Y\004\\I] `\001b@\211@\212\022\215!\221P\222@\225"
  57      495D2060 
  57      01624089 
  57      408A128D 
  57      21915092 
  58 0247 0199049B 		.ascii	"\001\231\004\233\020\235@\236@\237E\240 \242\001\243"
ARM GAS  C:\Users\jens-\AppData\Local\Temp\ccHpnkQD.s 			page 4


  58      109D409E 
  58      409F45A0 
  58      20A201A3 
  59 0257 08A504A6 		.ascii	"\010\245\004\246\020\247 \300\365\302\376\304~\312\261"
  59      10A720C0 
  59      F5C2FEC4 
  59      7ECAB1
  60 0266 CCEECEFA 		.ascii	"\314\356\316\372\320T\322 \326\360\340\010\344\001\352"
  60      D054D220 
  60      D6F0E008 
  60      E401EA
  61 0275 093E10CE 		.ascii	"\011>\020\316 \226\020\202 \226\020\342 \022 \026@r"
  61      20961082 
  61      209610E2 
  61      20122016 
  61      4072
  62 0287 207F0282 		.ascii	" \177\002\202 \206@\232 \243\002\252\020\257\002\304"
  62      2086409A 
  62      20A302AA 
  62      10AF02C4 
  63 0297 30DC80DE 		.ascii	"0\334\200\336 \340\020\344\200\352\220\020\200\023 "
  63      20E010E4 
  63      80EA9010 
  63      801320
  64 02a6 15087B10 		.ascii	"\025\010{\020\177@\200\200\201\002\304\016\336\003\020"
  64      7F408080 
  64      8102C40E 
  64      DE0310
  65 02b5 40750283 		.ascii	"@u\002\203\020\207@\210@\227\200\231\002\247\020\253"
  65      10874088 
  65      40978099 
  65      02A710AB 
  66 02c5 20AD04C4 		.ascii	" \255\004\304\010\336\004\342\001\020\001\034\001\003"
  66      08DE04E2 
  66      0110011C 
  66      0103
  67 02d3 C0828000 		.ascii	"\300\202\200\000\000@\000\000\000@\020\000\000\034\000"
  67      00400000 
  67      00401000 
  67      001C00
  68 02e2 23040218 		.ascii	"#\004\002\030\000\000\010\034\000a\037g \030\001\000"
  68      0000081C 
  68      00611F67 
  68      20180100 
  69 02f2 0000003C 		.ascii	"\000\000\000<#B3\004\014\000\003\000\000\000\004\010"
  69      23423304 
  69      0C000300 
  69      00000408 
  70 0302 00000C00 		.ascii	"\000\000\014\000\000#?\177\000\000,@@\037\0208\017\000"
  70      00233F7F 
  70      00002C40 
  70      401F1038 
  70      0F00
  71 0314 00028208 		.ascii	"\000\002\202\010\000\000\024\000F\003\005\000\001\000"
  71      00001400 
  71      46030500 
  71      0100
ARM GAS  C:\Users\jens-\AppData\Local\Temp\ccHpnkQD.s 			page 5


  72 0322 C0E028FF 		.ascii	"\300\340(\377\377\377b\240\360A\014\000\000\000\000"
  72      FFFF62A0 
  72      F0410C00 
  72      000000
  73 0331 00021204 		.ascii	"\000\002\022\004\004\004\004\000\000\000\001\000\000"
  73      04040400 
  73      00000100 
  73      00
  74 033e 00000000 		.ascii	"\000\000\000\000@\002\000\0200\020\000\020\020\022\000"
  74      40020010 
  74      30100010 
  74      101200
  75 034d 00000000 		.ascii	"\000\000\000\000\000\000\000\000\000\000\000\000\000"
  75      00000000 
  75      00000000 
  75      00
  76 035a 00008000 		.ascii	"\000\000\200\000@\200\203\000\203\000\000\000\000\000"
  76      40808300 
  76      83000000 
  76      0000
  77 0368 000B0B00 		.ascii	"\000\013\013\000\000\000\000\000\000\002\002\000\000"
  77      00000000 
  77      00020200 
  77      00
  78 0375 000000   		.ascii	"\000\000\000"
  79              		.section	.cycustnvl,"a"
  80              		.align	2
  81              		.type	cy_meta_custnvl, %object
  82              		.size	cy_meta_custnvl, 4
  83              	cy_meta_custnvl:
  84 0000 00004005 		.ascii	"\000\000@\005"
  85              		.section	.cyflashprotect,"a"
  86              		.align	2
  87              		.type	cy_meta_flashprotect, %object
  88              		.size	cy_meta_flashprotect, 256
  89              	cy_meta_flashprotect:
  90 0000 00000000 		.space	256
  90      00000000 
  90      00000000 
  90      00000000 
  90      00000000 
  91              		.section	.cymeta,"a"
  92              		.align	2
  93              		.type	cy_metadata, %object
  94              		.size	cy_metadata, 12
  95              	cy_metadata:
  96 0000 00012E16 		.ascii	"\000\001.\026\020i\000\001\000\000\000\000"
  96      10690001 
  96      00000000 
  97              		.section	.cywolatch,"a"
  98              		.align	2
  99              		.type	cy_meta_wonvl, %object
 100              		.size	cy_meta_wonvl, 4
 101              	cy_meta_wonvl:
 102 0000 BC90ACAF 		.ascii	"\274\220\254\257"
 103              		.text
 104              	.Letext0:
ARM GAS  C:\Users\jens-\AppData\Local\Temp\ccHpnkQD.s 			page 6


 105              		.file 1 "c:\\program files (x86)\\cypress\\psoc creator\\4.2\\psoc creator\\import\\gnu\\arm\\5.4.
 106              		.file 2 "c:\\program files (x86)\\cypress\\psoc creator\\4.2\\psoc creator\\import\\gnu\\arm\\5.4.
 107              		.file 3 "Generated_Source\\PSoC5\\cymetadata.c"
 108              		.section	.debug_info,"",%progbits
 109              	.Ldebug_info0:
 110 0000 2C010000 		.4byte	0x12c
 111 0004 0400     		.2byte	0x4
 112 0006 00000000 		.4byte	.Ldebug_abbrev0
 113 000a 04       		.byte	0x4
 114 000b 01       		.uleb128 0x1
 115 000c 06010000 		.4byte	.LASF16
 116 0010 0C       		.byte	0xc
 117 0011 CE010000 		.4byte	.LASF17
 118 0015 0A000000 		.4byte	.LASF18
 119 0019 00000000 		.4byte	.Ldebug_line0
 120 001d 02       		.uleb128 0x2
 121 001e 01       		.byte	0x1
 122 001f 06       		.byte	0x6
 123 0020 C2010000 		.4byte	.LASF0
 124 0024 03       		.uleb128 0x3
 125 0025 00000000 		.4byte	.LASF9
 126 0029 01       		.byte	0x1
 127 002a 2B       		.byte	0x2b
 128 002b 18       		.byte	0x18
 129 002c 30000000 		.4byte	0x30
 130 0030 02       		.uleb128 0x2
 131 0031 01       		.byte	0x1
 132 0032 08       		.byte	0x8
 133 0033 54000000 		.4byte	.LASF1
 134 0037 02       		.uleb128 0x2
 135 0038 02       		.byte	0x2
 136 0039 05       		.byte	0x5
 137 003a AF010000 		.4byte	.LASF2
 138 003e 02       		.uleb128 0x2
 139 003f 02       		.byte	0x2
 140 0040 07       		.byte	0x7
 141 0041 74000000 		.4byte	.LASF3
 142 0045 02       		.uleb128 0x2
 143 0046 04       		.byte	0x4
 144 0047 05       		.byte	0x5
 145 0048 B9010000 		.4byte	.LASF4
 146 004c 02       		.uleb128 0x2
 147 004d 04       		.byte	0x4
 148 004e 07       		.byte	0x7
 149 004f 62000000 		.4byte	.LASF5
 150 0053 02       		.uleb128 0x2
 151 0054 08       		.byte	0x8
 152 0055 05       		.byte	0x5
 153 0056 F8000000 		.4byte	.LASF6
 154 005a 02       		.uleb128 0x2
 155 005b 08       		.byte	0x8
 156 005c 07       		.byte	0x7
 157 005d B6000000 		.4byte	.LASF7
 158 0061 04       		.uleb128 0x4
 159 0062 04       		.byte	0x4
 160 0063 05       		.byte	0x5
 161 0064 696E7400 		.ascii	"int\000"
ARM GAS  C:\Users\jens-\AppData\Local\Temp\ccHpnkQD.s 			page 7


 162 0068 02       		.uleb128 0x2
 163 0069 04       		.byte	0x4
 164 006a 07       		.byte	0x7
 165 006b A9000000 		.4byte	.LASF8
 166 006f 03       		.uleb128 0x3
 167 0070 CD000000 		.4byte	.LASF10
 168 0074 02       		.byte	0x2
 169 0075 18       		.byte	0x18
 170 0076 13       		.byte	0x13
 171 0077 24000000 		.4byte	0x24
 172 007b 05       		.uleb128 0x5
 173 007c 6F000000 		.4byte	0x6f
 174 0080 06       		.uleb128 0x6
 175 0081 7B000000 		.4byte	0x7b
 176 0085 91000000 		.4byte	0x91
 177 0089 07       		.uleb128 0x7
 178 008a 68000000 		.4byte	0x68
 179 008e 7703     		.2byte	0x377
 180 0090 00       		.byte	0
 181 0091 05       		.uleb128 0x5
 182 0092 80000000 		.4byte	0x80
 183 0096 08       		.uleb128 0x8
 184 0097 97000000 		.4byte	.LASF11
 185 009b 03       		.byte	0x3
 186 009c 1F       		.byte	0x1f
 187 009d 0F       		.byte	0xf
 188 009e 91000000 		.4byte	0x91
 189 00a2 05       		.uleb128 0x5
 190 00a3 03       		.byte	0x3
 191 00a4 00000000 		.4byte	cy_meta_configecc
 192 00a8 06       		.uleb128 0x6
 193 00a9 7B000000 		.4byte	0x7b
 194 00ad B8000000 		.4byte	0xb8
 195 00b1 09       		.uleb128 0x9
 196 00b2 68000000 		.4byte	0x68
 197 00b6 03       		.byte	0x3
 198 00b7 00       		.byte	0
 199 00b8 05       		.uleb128 0x5
 200 00b9 A8000000 		.4byte	0xa8
 201 00bd 08       		.uleb128 0x8
 202 00be 87000000 		.4byte	.LASF12
 203 00c2 03       		.byte	0x3
 204 00c3 9B       		.byte	0x9b
 205 00c4 0F       		.byte	0xf
 206 00c5 B8000000 		.4byte	0xb8
 207 00c9 05       		.uleb128 0x5
 208 00ca 03       		.byte	0x3
 209 00cb 00000000 		.4byte	cy_meta_custnvl
 210 00cf 08       		.uleb128 0x8
 211 00d0 EA000000 		.4byte	.LASF13
 212 00d4 03       		.byte	0x3
 213 00d5 A9       		.byte	0xa9
 214 00d6 0F       		.byte	0xf
 215 00d7 B8000000 		.4byte	0xb8
 216 00db 05       		.uleb128 0x5
 217 00dc 03       		.byte	0x3
 218 00dd 00000000 		.4byte	cy_meta_wonvl
ARM GAS  C:\Users\jens-\AppData\Local\Temp\ccHpnkQD.s 			page 8


 219 00e1 06       		.uleb128 0x6
 220 00e2 7B000000 		.4byte	0x7b
 221 00e6 F1000000 		.4byte	0xf1
 222 00ea 09       		.uleb128 0x9
 223 00eb 68000000 		.4byte	0x68
 224 00ef FF       		.byte	0xff
 225 00f0 00       		.byte	0
 226 00f1 05       		.uleb128 0x5
 227 00f2 E1000000 		.4byte	0xe1
 228 00f6 08       		.uleb128 0x8
 229 00f7 D5000000 		.4byte	.LASF14
 230 00fb 03       		.byte	0x3
 231 00fc B7       		.byte	0xb7
 232 00fd 0F       		.byte	0xf
 233 00fe F1000000 		.4byte	0xf1
 234 0102 05       		.uleb128 0x5
 235 0103 03       		.byte	0x3
 236 0104 00000000 		.4byte	cy_meta_flashprotect
 237 0108 06       		.uleb128 0x6
 238 0109 7B000000 		.4byte	0x7b
 239 010d 18010000 		.4byte	0x118
 240 0111 09       		.uleb128 0x9
 241 0112 68000000 		.4byte	0x68
 242 0116 0B       		.byte	0xb
 243 0117 00       		.byte	0
 244 0118 05       		.uleb128 0x5
 245 0119 08010000 		.4byte	0x108
 246 011d 08       		.uleb128 0x8
 247 011e 48000000 		.4byte	.LASF15
 248 0122 03       		.byte	0x3
 249 0123 E4       		.byte	0xe4
 250 0124 0F       		.byte	0xf
 251 0125 18010000 		.4byte	0x118
 252 0129 05       		.uleb128 0x5
 253 012a 03       		.byte	0x3
 254 012b 00000000 		.4byte	cy_metadata
 255 012f 00       		.byte	0
 256              		.section	.debug_abbrev,"",%progbits
 257              	.Ldebug_abbrev0:
 258 0000 01       		.uleb128 0x1
 259 0001 11       		.uleb128 0x11
 260 0002 01       		.byte	0x1
 261 0003 25       		.uleb128 0x25
 262 0004 0E       		.uleb128 0xe
 263 0005 13       		.uleb128 0x13
 264 0006 0B       		.uleb128 0xb
 265 0007 03       		.uleb128 0x3
 266 0008 0E       		.uleb128 0xe
 267 0009 1B       		.uleb128 0x1b
 268 000a 0E       		.uleb128 0xe
 269 000b 10       		.uleb128 0x10
 270 000c 17       		.uleb128 0x17
 271 000d 00       		.byte	0
 272 000e 00       		.byte	0
 273 000f 02       		.uleb128 0x2
 274 0010 24       		.uleb128 0x24
 275 0011 00       		.byte	0
ARM GAS  C:\Users\jens-\AppData\Local\Temp\ccHpnkQD.s 			page 9


 276 0012 0B       		.uleb128 0xb
 277 0013 0B       		.uleb128 0xb
 278 0014 3E       		.uleb128 0x3e
 279 0015 0B       		.uleb128 0xb
 280 0016 03       		.uleb128 0x3
 281 0017 0E       		.uleb128 0xe
 282 0018 00       		.byte	0
 283 0019 00       		.byte	0
 284 001a 03       		.uleb128 0x3
 285 001b 16       		.uleb128 0x16
 286 001c 00       		.byte	0
 287 001d 03       		.uleb128 0x3
 288 001e 0E       		.uleb128 0xe
 289 001f 3A       		.uleb128 0x3a
 290 0020 0B       		.uleb128 0xb
 291 0021 3B       		.uleb128 0x3b
 292 0022 0B       		.uleb128 0xb
 293 0023 39       		.uleb128 0x39
 294 0024 0B       		.uleb128 0xb
 295 0025 49       		.uleb128 0x49
 296 0026 13       		.uleb128 0x13
 297 0027 00       		.byte	0
 298 0028 00       		.byte	0
 299 0029 04       		.uleb128 0x4
 300 002a 24       		.uleb128 0x24
 301 002b 00       		.byte	0
 302 002c 0B       		.uleb128 0xb
 303 002d 0B       		.uleb128 0xb
 304 002e 3E       		.uleb128 0x3e
 305 002f 0B       		.uleb128 0xb
 306 0030 03       		.uleb128 0x3
 307 0031 08       		.uleb128 0x8
 308 0032 00       		.byte	0
 309 0033 00       		.byte	0
 310 0034 05       		.uleb128 0x5
 311 0035 26       		.uleb128 0x26
 312 0036 00       		.byte	0
 313 0037 49       		.uleb128 0x49
 314 0038 13       		.uleb128 0x13
 315 0039 00       		.byte	0
 316 003a 00       		.byte	0
 317 003b 06       		.uleb128 0x6
 318 003c 01       		.uleb128 0x1
 319 003d 01       		.byte	0x1
 320 003e 49       		.uleb128 0x49
 321 003f 13       		.uleb128 0x13
 322 0040 01       		.uleb128 0x1
 323 0041 13       		.uleb128 0x13
 324 0042 00       		.byte	0
 325 0043 00       		.byte	0
 326 0044 07       		.uleb128 0x7
 327 0045 21       		.uleb128 0x21
 328 0046 00       		.byte	0
 329 0047 49       		.uleb128 0x49
 330 0048 13       		.uleb128 0x13
 331 0049 2F       		.uleb128 0x2f
 332 004a 05       		.uleb128 0x5
ARM GAS  C:\Users\jens-\AppData\Local\Temp\ccHpnkQD.s 			page 10


 333 004b 00       		.byte	0
 334 004c 00       		.byte	0
 335 004d 08       		.uleb128 0x8
 336 004e 34       		.uleb128 0x34
 337 004f 00       		.byte	0
 338 0050 03       		.uleb128 0x3
 339 0051 0E       		.uleb128 0xe
 340 0052 3A       		.uleb128 0x3a
 341 0053 0B       		.uleb128 0xb
 342 0054 3B       		.uleb128 0x3b
 343 0055 0B       		.uleb128 0xb
 344 0056 39       		.uleb128 0x39
 345 0057 0B       		.uleb128 0xb
 346 0058 49       		.uleb128 0x49
 347 0059 13       		.uleb128 0x13
 348 005a 3F       		.uleb128 0x3f
 349 005b 19       		.uleb128 0x19
 350 005c 02       		.uleb128 0x2
 351 005d 18       		.uleb128 0x18
 352 005e 00       		.byte	0
 353 005f 00       		.byte	0
 354 0060 09       		.uleb128 0x9
 355 0061 21       		.uleb128 0x21
 356 0062 00       		.byte	0
 357 0063 49       		.uleb128 0x49
 358 0064 13       		.uleb128 0x13
 359 0065 2F       		.uleb128 0x2f
 360 0066 0B       		.uleb128 0xb
 361 0067 00       		.byte	0
 362 0068 00       		.byte	0
 363 0069 00       		.byte	0
 364              		.section	.debug_aranges,"",%progbits
 365 0000 14000000 		.4byte	0x14
 366 0004 0200     		.2byte	0x2
 367 0006 00000000 		.4byte	.Ldebug_info0
 368 000a 04       		.byte	0x4
 369 000b 00       		.byte	0
 370 000c 0000     		.2byte	0
 371 000e 0000     		.2byte	0
 372 0010 00000000 		.4byte	0
 373 0014 00000000 		.4byte	0
 374              		.section	.debug_line,"",%progbits
 375              	.Ldebug_line0:
 376 0000 3D010000 		.section	.debug_str,"MS",%progbits,1
 376      03003701 
 376      00000201 
 376      FB0E0D00 
 376      01010101 
 377              	.LASF9:
 378 0000 5F5F7569 		.ascii	"__uint8_t\000"
 378      6E74385F 
 378      7400
 379              	.LASF18:
 380 000a 433A5C55 		.ascii	"C:\\Users\\jens-\\3.Projekt\\Projekt3\\Proj3_PSOC_C"
 380      73657273 
 380      5C6A656E 
 380      732D5C33 
ARM GAS  C:\Users\jens-\AppData\Local\Temp\ccHpnkQD.s 			page 11


 380      2E50726F 
 381 0038 5C446573 		.ascii	"\\Design01.cydsn\000"
 381      69676E30 
 381      312E6379 
 381      64736E00 
 382              	.LASF15:
 383 0048 63795F6D 		.ascii	"cy_metadata\000"
 383      65746164 
 383      61746100 
 384              	.LASF1:
 385 0054 756E7369 		.ascii	"unsigned char\000"
 385      676E6564 
 385      20636861 
 385      7200
 386              	.LASF5:
 387 0062 6C6F6E67 		.ascii	"long unsigned int\000"
 387      20756E73 
 387      69676E65 
 387      6420696E 
 387      7400
 388              	.LASF3:
 389 0074 73686F72 		.ascii	"short unsigned int\000"
 389      7420756E 
 389      7369676E 
 389      65642069 
 389      6E7400
 390              	.LASF12:
 391 0087 63795F6D 		.ascii	"cy_meta_custnvl\000"
 391      6574615F 
 391      63757374 
 391      6E766C00 
 392              	.LASF11:
 393 0097 63795F6D 		.ascii	"cy_meta_configecc\000"
 393      6574615F 
 393      636F6E66 
 393      69676563 
 393      6300
 394              	.LASF8:
 395 00a9 756E7369 		.ascii	"unsigned int\000"
 395      676E6564 
 395      20696E74 
 395      00
 396              	.LASF7:
 397 00b6 6C6F6E67 		.ascii	"long long unsigned int\000"
 397      206C6F6E 
 397      6720756E 
 397      7369676E 
 397      65642069 
 398              	.LASF10:
 399 00cd 75696E74 		.ascii	"uint8_t\000"
 399      385F7400 
 400              	.LASF14:
 401 00d5 63795F6D 		.ascii	"cy_meta_flashprotect\000"
 401      6574615F 
 401      666C6173 
 401      6870726F 
 401      74656374 
ARM GAS  C:\Users\jens-\AppData\Local\Temp\ccHpnkQD.s 			page 12


 402              	.LASF13:
 403 00ea 63795F6D 		.ascii	"cy_meta_wonvl\000"
 403      6574615F 
 403      776F6E76 
 403      6C00
 404              	.LASF6:
 405 00f8 6C6F6E67 		.ascii	"long long int\000"
 405      206C6F6E 
 405      6720696E 
 405      7400
 406              	.LASF16:
 407 0106 474E5520 		.ascii	"GNU C17 9.2.1 20191025 (release) [ARM/arm-9-branch "
 407      43313720 
 407      392E322E 
 407      31203230 
 407      31393130 
 408 0139 72657669 		.ascii	"revision 277599] -mcpu=cortex-m3 -mthumb -mfloat-ab"
 408      73696F6E 
 408      20323737 
 408      3539395D 
 408      202D6D63 
 409 016c 693D736F 		.ascii	"i=soft -march=armv7-m -g -Og -ffunction-sections -f"
 409      6674202D 
 409      6D617263 
 409      683D6172 
 409      6D76372D 
 410 019f 6661742D 		.ascii	"fat-lto-objects\000"
 410      6C746F2D 
 410      6F626A65 
 410      63747300 
 411              	.LASF2:
 412 01af 73686F72 		.ascii	"short int\000"
 412      7420696E 
 412      7400
 413              	.LASF4:
 414 01b9 6C6F6E67 		.ascii	"long int\000"
 414      20696E74 
 414      00
 415              	.LASF0:
 416 01c2 7369676E 		.ascii	"signed char\000"
 416      65642063 
 416      68617200 
 417              	.LASF17:
 418 01ce 47656E65 		.ascii	"Generated_Source\\PSoC5\\cymetadata.c\000"
 418      72617465 
 418      645F536F 
 418      75726365 
 418      5C50536F 
 419              		.ident	"GCC: (GNU Tools for Arm Embedded Processors 9-2019-q4-major) 9.2.1 20191025 (release) [ARM
